<?xml version="1.0" encoding="UTF-8" standalone="no"?><coverage generated="1673102280016" version="4.1.2">
  <project timestamp="1664987704032">
    <metrics classes="148" complexity="1605" conditionals="1348" coveredConditionals="860" coveredElements="3711" coveredMethods="515" coveredStatements="2336" elements="5618" files="112" loc="15673" methods="865" notCoveredLoc="8432" packages="15" statements="3405"/>
    <package name="org.la4j.matrix.dense">
      <metrics classes="8" complexity="85" conditionals="72" coveredConditionals="53" coveredElements="207" coveredMethods="38" coveredStatements="116" elements="248" files="8" loc="642" methods="43" notCoveredLoc="354" statements="133"/>
      <file name="AbstractBasicMatrix.java" path="D:\AllMutants\la4j\ecf6b63e657be23543a422c44ac0ee3ce10695a8\src\main\java\org\la4j\matrix\dense\AbstractBasicMatrix.java">
        <metrics classes="1" complexity="15" conditionals="14" coveredConditionals="1" coveredElements="6" coveredMethods="2" coveredStatements="3" elements="34" loc="82" methods="5" notCoveredLoc="47" statements="15"/>
        <class endLine="82" name="AbstractBasicMatrix" startLine="28">
          <metrics complexity="15" conditionals="14" coveredConditionals="1" coveredElements="6" coveredMethods="2" coveredStatements="3" elements="34" methods="5" statements="15"/>
          <method complexity="1" end="35" name="AbstractBasicMatrix" start="33" visibility="public">
            <signature>
              <parameter name="factory" type="Factory"/>
            </signature>
            
          </method>
          <method complexity="1" end="39" name="AbstractBasicMatrix" start="37" visibility="public">
            <signature>
              <parameter name="factory" type="Factory"/>
              <parameter name="rows" type="int"/>
              <parameter name="columns" type="int"/>
            </signature>
            
            <test name="org.la4j.matrix.dense.Basic1DMatrixTest#testRank_3x3"/>
            <test name="org.la4j.matrix.dense.Basic2DMatrixTest#testTrace"/>
            <test name="org.la4j.matrix.dense.Basic2DMatrixTest#testAssign_3x3"/>
            <test name="org.la4j.matrix.dense.Basic1DMatrixTest#testSubtract"/>
            <test name="org.la4j.io.MatrixMarketStreamTest#testMatrix_0x0"/>
            <test name="org.la4j.matrix.dense.Basic2DMatrixTest#testColumnAccess_5x3"/>
            <test name="org.la4j.matrix.dense.Basic2DMatrixTest#testGetColumn_4x4"/>
            <test name="org.la4j.matrix.dense.Basic1DMatrixTest#testToArray"/>
            <test name="org.la4j.matrix.dense.Basic1DMatrixTest#testGetRow_4x4"/>
            <test name="org.la4j.matrix.dense.Basic2DMatrixTest#testRank_1x4"/>
            <test name="org.la4j.decomposition.EigenDecompositorTest#testDecompose"/>
            <test name="org.la4j.matrix.dense.Basic1DMatrixTest#testRank_2x4"/>
            <test name="org.la4j.matrix.dense.Basic1DMatrixTest#testTriangle"/>
            <test name="org.la4j.matrix.dense.Basic1DMatrixTest#testRank_4x4"/>
            <test name="org.la4j.factory.Basic1DFactoryTest#testCreateMatrixFromArray"/>
            <test name="org.la4j.matrix.dense.Basic1DMatrixTest#testAdd"/>
            <test name="org.la4j.matrix.dense.Basic1DMatrixTest#testAssign_3x3"/>
            <test name="org.la4j.linear.GaussianSolverTest#testSolve"/>
            <test name="org.la4j.matrix.dense.Basic2DMatrixTest#testResize_2x3_to_2x4_to_2x1"/>
            <test name="org.la4j.factory.Basic2DFactoryTest#testCreateConstantMatrix_3x3"/>
            <test name="org.la4j.matrix.dense.Basic1DMatrixTest#testRank_nullMatrix"/>
            <test name="org.la4j.matrix.dense.Basic2DMatrixTest#testMultiply_1x1_1x1"/>
            <test name="org.la4j.matrix.dense.Basic2DMatrixTest#testSlice_4x4_to_2x2"/>
            <test name="org.la4j.io.SymbolSeparatedStreamTest#testMatrix_3x3"/>
            <test name="org.la4j.decomposition.SingularValueDecompositorTest#testDecompose"/>
            <test name="org.la4j.matrix.dense.Basic2DMatrixTest#testTranspose_6x5"/>
            <test name="org.la4j.matrix.dense.Basic2DMatrixTest#testDiv"/>
            <test name="org.la4j.linear.SquareRootSolverTest#testSolve"/>
            <test name="org.la4j.matrix.dense.Basic2DMatrixTest#testRowAccess_5x3"/>
            <test name="org.la4j.matrix.dense.Basic1DMatrixTest#testRank_1x4"/>
            <test name="org.la4j.matrix.dense.Basic2DMatrixTest#testResize_2x3_to_3x4_to_1x2"/>
            <test name="org.la4j.matrix.dense.Basic1DMatrixTest#testSlice_4x4_to_2x2"/>
            <test name="org.la4j.matrix.dense.Basic2DMatrixTest#testSerialization"/>
            <test name="org.la4j.matrix.dense.Basic1DMatrixTest#testMultiply_1x10_10x1"/>
            <test name="org.la4j.matrix.dense.Basic2DMatrixTest#testMultiply_4x1_1x4"/>
            <test name="org.la4j.io.MatrixMarketStreamTest#testMatrix_3x3"/>
            <test name="org.la4j.matrix.dense.Basic1DMatrixTest#testResize_3x5_to_4x5_to_2x5"/>
            <test name="org.la4j.factory.Basic2DFactoryTest#testCreateConstantMatrix_2x5"/>
            <test name="org.la4j.matrix.dense.Basic2DMatrixTest#testTranspose_4x4"/>
            <test name="org.la4j.matrix.dense.Basic2DMatrixTest#testRank_2x4"/>
            <test name="org.la4j.matrix.dense.Basic1DMatrixTest#testBlank"/>
            <test name="org.la4j.decomposition.CholeskyDecompositorTest#testDecompose"/>
            <test name="org.la4j.matrix.dense.Basic1DMatrixTest#testKronecker"/>
            <test name="org.la4j.matrix.dense.Basic2DMatrixTest#testToArray"/>
            <test name="org.la4j.io.MatrixMarketStreamTest#testMatrix_1x1"/>
            <test name="org.la4j.matrix.dense.Basic2DMatrixTest#testProduct"/>
            <test name="org.la4j.matrix.dense.Basic2DMatrixTest#testRank_4x4"/>
            <test name="org.la4j.matrix.dense.Basic1DMatrixTest#testSwap_5x3"/>
            <test name="org.la4j.factory.Basic1DFactoryTest#testCreateConstantMatrix_2x5"/>
            <test name="org.la4j.matrix.dense.Basic2DMatrixTest#testDeterminant"/>
            <test name="org.la4j.matrix.dense.Basic2DMatrixTest#testSwap_2x4"/>
            <test name="org.la4j.matrix.dense.Basic2DMatrixTest#testAccess_3x3"/>
            <test name="org.la4j.matrix.dense.Basic2DMatrixTest#testRank_emptyMatrix"/>
            <test name="org.la4j.matrix.dense.Basic1DMatrixTest#testResize_3x3_to_4x4_to_2x2"/>
            <test name="org.la4j.factory.Basic2DFactoryTest#testCreateIdentityMatrix"/>
            <test name="org.la4j.matrix.dense.Basic1DMatrixTest#testSwap_3x3"/>
            <test name="org.la4j.factory.Basic2DFactoryTest#testCreateRandomSymmetricMatrix"/>
            <test name="org.la4j.matrix.dense.Basic2DMatrixTest#testMultiply_4x9_9x4"/>
            <test name="org.la4j.matrix.dense.Basic2DMatrixTest#testTriangle"/>
            <test name="org.la4j.matrix.dense.Basic1DMatrixTest#testRowAccess_2x4"/>
            <test name="org.la4j.matrix.dense.Basic1DMatrixTest#testTrace"/>
            <test name="org.la4j.matrix.dense.Basic1DMatrixTest#testCopy"/>
            <test name="org.la4j.matrix.dense.Basic1DMatrixTest#testResize_2x3_to_3x4_to_1x2"/>
            <test name="org.la4j.matrix.dense.Basic1DMatrixTest#testDiv"/>
            <test name="org.la4j.matrix.dense.Basic1DMatrixTest#testTranspose_6x5"/>
            <test name="org.la4j.matrix.dense.Basic1DMatrixTest#testMultiply_4x4_4x4"/>
            <test name="org.la4j.matrix.dense.Basic1DMatrixTest#testResize_2x3_to_2x4_to_2x1"/>
            <test name="org.la4j.factory.Basic2DFactoryTest#testCreateMatrixFromArray"/>
            <test name="org.la4j.matrix.dense.Basic2DMatrixTest#testRowAccess_3x3"/>
            <test name="org.la4j.matrix.dense.Basic2DMatrixTest#testMultiply_2x2_2x2"/>
            <test name="org.la4j.linear.JacobiSolverTest#testSolve"/>
            <test name="org.la4j.matrix.dense.Basic2DMatrixTest#testMultiply_3x2_2x3"/>
            <test name="org.la4j.io.SymbolSeparatedStreamTest#testMatrix_2x5"/>
            <test name="org.la4j.matrix.dense.Basic2DMatrixTest#testCopy"/>
            <test name="org.la4j.matrix.dense.Basic2DMatrixTest#testColumnAccess_3x3"/>
            <test name="org.la4j.matrix.dense.Basic1DMatrixTest#testMultiply_3x2_2x3"/>
            <test name="org.la4j.matrix.dense.Basic2DMatrixTest#testMultiply_1x10_10x1"/>
            <test name="org.la4j.factory.Basic2DFactoryTest#testCreateMatrix"/>
            <test name="org.la4j.inversion.GaussianInvertorTest#testInverse_4x4"/>
            <test name="org.la4j.matrix.dense.Basic1DMatrixTest#testAccess_3x3"/>
            <test name="org.la4j.io.MatrixMarketStreamTest#testMatrix_2x5"/>
            <test name="org.la4j.matrix.dense.Basic1DMatrixTest#testMultiply_4x1_1x4"/>
            <test name="org.la4j.matrix.dense.Basic1DMatrixTest#testRowAccess_3x3"/>
            <test name="org.la4j.matrix.dense.Basic1DMatrixTest#testMultiply_4x9_9x4"/>
            <test name="org.la4j.factory.Basic1DFactoryTest#testCreateMatrix"/>
            <test name="org.la4j.matrix.dense.Basic1DMatrixTest#testTranspose_4x4"/>
            <test name="org.la4j.matrix.source.MatrixSourcesTest#testIdentityMatrixSource"/>
            <test name="org.la4j.matrix.dense.Basic1DMatrixTest#testDeterminant"/>
            <test name="org.la4j.matrix.dense.Basic1DMatrixTest#testRank_5x3"/>
            <test name="org.la4j.factory.Basic1DFactoryTest#testCreateConstantMatrix_4x1"/>
            <test name="org.la4j.matrix.dense.Basic1DMatrixTest#testSerialization"/>
            <test name="org.la4j.linear.SweepSolverTest#testSolve"/>
            <test name="org.la4j.matrix.dense.Basic2DMatrixTest#testBlank"/>
            <test name="org.la4j.matrix.dense.Basic1DMatrixTest#testMultiply_2x2_2x2"/>
            <test name="org.la4j.matrix.dense.Basic1DMatrixTest#testProduct"/>
            <test name="org.la4j.matrix.dense.Basic1DMatrixTest#testSwap_2x4"/>
            <test name="org.la4j.factory.Basic2DFactoryTest#testCreateConstantMatrix_4x1"/>
            <test name="org.la4j.matrix.dense.Basic2DMatrixTest#testRowAccess_2x4"/>
            <test name="org.la4j.io.SymbolSeparatedStreamTest#testMatrix_0x0"/>
            <test name="org.la4j.matrix.dense.Basic2DMatrixTest#testRank_nullMatrix"/>
            <test name="org.la4j.matrix.dense.Basic2DMatrixTest#testSubtract"/>
            <test name="org.la4j.factory.Basic1DFactoryTest#testCreateConstantMatrix_3x3"/>
            <test name="org.la4j.matrix.dense.Basic2DMatrixTest#testKronecker"/>
            <test name="org.la4j.matrix.dense.Basic2DMatrixTest#testResize_3x3_to_4x4_to_2x2"/>
            <test name="org.la4j.matrix.dense.Basic1DMatrixTest#testRowAccess_5x3"/>
            <test name="org.la4j.decomposition.LUDecompositorTest#testDecompose"/>
            <test name="org.la4j.matrix.dense.Basic2DMatrixTest#testGetRow_4x4"/>
            <test name="org.la4j.matrix.dense.Basic1DMatrixTest#testColumnAccess_2x4"/>
            <test name="org.la4j.matrix.dense.Basic2DMatrixTest#testAdd"/>
            <test name="org.la4j.linear.SeidelSolverTest#testSolve"/>
            <test name="org.la4j.matrix.dense.Basic1DMatrixTest#testColumnAccess_5x3"/>
            <test name="org.la4j.factory.Basic1DFactoryTest#testCreateRandomSymmetricMatrix"/>
            <test name="org.la4j.matrix.dense.Basic1DMatrixTest#testMultiply_1x1_1x1"/>
            <test name="org.la4j.matrix.dense.Basic2DMatrixTest#testMultiply_4x4_4x4"/>
            <test name="org.la4j.io.MatrixMarketStreamTest#testMatrix_3x1"/>
            <test name="org.la4j.matrix.dense.Basic2DMatrixTest#testRank_5x3"/>
            <test name="org.la4j.io.SymbolSeparatedStreamTest#testMatrix_1x1"/>
            <test name="org.la4j.matrix.dense.Basic2DMatrixTest#testColumnAccess_2x4"/>
            <test name="org.la4j.matrix.dense.Basic2DMatrixTest#testSwap_3x3"/>
            <test name="org.la4j.io.SymbolSeparatedStreamTest#testMatrix_3x1"/>
            <test name="org.la4j.matrix.dense.Basic1DMatrixTest#testRank_emptyMatrix"/>
            <test name="org.la4j.matrix.dense.Basic2DMatrixTest#testRank_3x3"/>
            <test name="org.la4j.matrix.source.MatrixSourcesTest#testRandomSymmetricSource"/>
            <test name="org.la4j.matrix.dense.Basic1DMatrixTest#testGetColumn_4x4"/>
            <test name="org.la4j.decomposition.QRDecompositorTest#testDecompose"/>
            <test name="org.la4j.matrix.dense.Basic2DMatrixTest#testSwap_5x3"/>
            <test name="org.la4j.factory.Basic1DFactoryTest#testCreateIdentityMatrix"/>
            <test name="org.la4j.matrix.dense.Basic1DMatrixTest#testColumnAccess_3x3"/>
            <test name="org.la4j.matrix.dense.Basic2DMatrixTest#testResize_3x5_to_4x5_to_2x5"/>
          </method>
          <method complexity="5" end="52" name="multiply" start="41" visibility="public">
            <signature returnType="Matrix">
              <parameter name="matrix" type="Matrix"/>
              <parameter name="factory" type="Factory"/>
            </signature>
            
            
            
            
            <test name="org.la4j.matrix.dense.Basic1DMatrixTest#testMultiply_4x1_1x4"/>
            <test name="org.la4j.matrix.dense.Basic1DMatrixTest#testMultiply_4x9_9x4"/>
            <test name="org.la4j.matrix.dense.Basic1DMatrixTest#testMultiply_1x1_1x1"/>
            <test name="org.la4j.matrix.dense.Basic1DMatrixTest#testMultiply_1x10_10x1"/>
            <test name="org.la4j.matrix.dense.Basic2DMatrixTest#testMultiply_4x4_4x4"/>
            <test name="org.la4j.matrix.dense.Basic2DMatrixTest#testMultiply_4x1_1x4"/>
            <test name="org.la4j.matrix.dense.Basic2DMatrixTest#testMultiply_1x1_1x1"/>
            <test name="org.la4j.matrix.dense.Basic1DMatrixTest#testMultiply_4x4_4x4"/>
            <test name="org.la4j.decomposition.EigenDecompositorTest#testDecompose"/>
            <test name="org.la4j.matrix.dense.Basic1DMatrixTest#testMultiply_2x2_2x2"/>
            <test name="org.la4j.matrix.dense.Basic2DMatrixTest#testMultiply_4x9_9x4"/>
            <test name="org.la4j.matrix.dense.Basic2DMatrixTest#testMultiply_2x2_2x2"/>
            <test name="org.la4j.matrix.dense.Basic2DMatrixTest#testMultiply_3x2_2x3"/>
            <test name="org.la4j.matrix.dense.Basic1DMatrixTest#testMultiply_3x2_2x3"/>
            <test name="org.la4j.matrix.dense.Basic2DMatrixTest#testMultiply_1x10_10x1"/>
            <test name="org.la4j.inversion.GaussianInvertorTest#testInverse_4x4"/>
          </method>
          <method complexity="7" end="76" name="multiplyBlockedWith64" start="54" visibility="private">
            <signature returnType="Matrix">
              <parameter name="matrix" type="Matrix"/>
              <parameter name="factory" type="Factory"/>
            </signature>
            
            
            
            
            
            
            
            
            
            
            
            
            
            
            
          </method>
          <method complexity="1" end="81" name="safe" start="78" visibility="public">
            <signature returnType="Matrix"/>
            
          </method>
        </class>
      </file>
      <file name="Basic1DMatrix.java" path="D:\AllMutants\la4j\ecf6b63e657be23543a422c44ac0ee3ce10695a8\src\main\java\org\la4j\matrix\dense\Basic1DMatrix.java">
        <metrics classes="1" complexity="33" conditionals="30" coveredConditionals="27" coveredElements="102" coveredMethods="16" coveredStatements="59" elements="106" loc="191" methods="16" notCoveredLoc="130" statements="60"/>
        <class endLine="191" name="Basic1DMatrix" startLine="34">
          <metrics complexity="33" conditionals="30" coveredConditionals="27" coveredElements="102" coveredMethods="16" coveredStatements="59" elements="106" methods="16" statements="60"/>
          <method complexity="1" end="42" name="Basic1DMatrix" start="40" visibility="public">
            <signature/>
            
            <test name="org.la4j.factory.Basic1DFactoryTest#testCreateMatrix"/>
            <test name="org.la4j.matrix.dense.Basic1DMatrixTest#testSerialization"/>
          </method>
          <method complexity="1" end="46" name="Basic1DMatrix" start="44" visibility="public">
            <signature>
              <parameter name="matrix" type="Matrix"/>
            </signature>
            
            <test name="org.la4j.matrix.dense.Basic1DMatrixTest#testTriangle"/>
          </method>
          <method complexity="3" end="56" name="Basic1DMatrix" start="48" visibility="public">
            <signature>
              <parameter name="source" type="MatrixSource"/>
            </signature>
            
            
            
            
            
            
            <test name="org.la4j.matrix.source.MatrixSourcesTest#testIdentityMatrixSource"/>
            <test name="org.la4j.matrix.source.MatrixSourcesTest#testRandomSymmetricSource"/>
            <test name="org.la4j.matrix.dense.Basic1DMatrixTest#testTriangle"/>
          </method>
          <method complexity="2" end="66" name="Basic1DMatrix" start="58" visibility="public">
            <signature>
              <parameter name="array" type="double[][]"/>
            </signature>
            
            
            
            
            
            
            <test name="org.la4j.matrix.dense.Basic1DMatrixTest#testDiv"/>
            <test name="org.la4j.matrix.dense.Basic1DMatrixTest#testRank_3x3"/>
            <test name="org.la4j.matrix.dense.Basic1DMatrixTest#testSubtract"/>
            <test name="org.la4j.io.MatrixMarketStreamTest#testMatrix_0x0"/>
            <test name="org.la4j.matrix.dense.Basic1DMatrixTest#testToArray"/>
            <test name="org.la4j.matrix.dense.Basic1DMatrixTest#testGetRow_4x4"/>
            <test name="org.la4j.matrix.dense.Basic1DMatrixTest#testTranspose_6x5"/>
            <test name="org.la4j.matrix.dense.Basic1DMatrixTest#testMultiply_4x4_4x4"/>
            <test name="org.la4j.matrix.dense.Basic1DMatrixTest#testResize_2x3_to_2x4_to_2x1"/>
            <test name="org.la4j.decomposition.EigenDecompositorTest#testDecompose"/>
            <test name="org.la4j.matrix.dense.Basic1DMatrixTest#testRank_2x4"/>
            <test name="org.la4j.matrix.dense.Basic1DMatrixTest#testTriangle"/>
            <test name="org.la4j.matrix.dense.Basic1DMatrixTest#testRank_4x4"/>
            <test name="org.la4j.linear.JacobiSolverTest#testSolve"/>
            <test name="org.la4j.io.SymbolSeparatedStreamTest#testMatrix_2x5"/>
            <test name="org.la4j.matrix.dense.Basic1DMatrixTest#testMultiply_3x2_2x3"/>
            <test name="org.la4j.factory.Basic1DFactoryTest#testCreateMatrixFromArray"/>
            <test name="org.la4j.matrix.dense.Basic1DMatrixTest#testAdd"/>
            <test name="org.la4j.matrix.dense.Basic1DMatrixTest#testAssign_3x3"/>
            <test name="org.la4j.inversion.GaussianInvertorTest#testInverse_4x4"/>
            <test name="org.la4j.linear.GaussianSolverTest#testSolve"/>
            <test name="org.la4j.matrix.dense.Basic1DMatrixTest#testAccess_3x3"/>
            <test name="org.la4j.io.MatrixMarketStreamTest#testMatrix_2x5"/>
            <test name="org.la4j.matrix.dense.Basic1DMatrixTest#testMultiply_4x1_1x4"/>
            <test name="org.la4j.matrix.dense.Basic1DMatrixTest#testRowAccess_3x3"/>
            <test name="org.la4j.matrix.dense.Basic1DMatrixTest#testMultiply_4x9_9x4"/>
            <test name="org.la4j.matrix.dense.Basic1DMatrixTest#testTranspose_4x4"/>
            <test name="org.la4j.matrix.dense.Basic1DMatrixTest#testRank_nullMatrix"/>
            <test name="org.la4j.matrix.dense.Basic1DMatrixTest#testDeterminant"/>
            <test name="org.la4j.matrix.dense.Basic1DMatrixTest#testRank_5x3"/>
            <test name="org.la4j.matrix.dense.Basic1DMatrixTest#testSerialization"/>
            <test name="org.la4j.linear.SweepSolverTest#testSolve"/>
            <test name="org.la4j.matrix.dense.Basic1DMatrixTest#testMultiply_2x2_2x2"/>
            <test name="org.la4j.matrix.dense.Basic1DMatrixTest#testProduct"/>
            <test name="org.la4j.io.SymbolSeparatedStreamTest#testMatrix_3x3"/>
            <test name="org.la4j.matrix.dense.Basic1DMatrixTest#testSwap_2x4"/>
            <test name="org.la4j.decomposition.SingularValueDecompositorTest#testDecompose"/>
            <test name="org.la4j.io.SymbolSeparatedStreamTest#testMatrix_0x0"/>
            <test name="org.la4j.linear.SquareRootSolverTest#testSolve"/>
            <test name="org.la4j.matrix.dense.Basic1DMatrixTest#testRank_1x4"/>
            <test name="org.la4j.matrix.dense.Basic1DMatrixTest#testSlice_4x4_to_2x2"/>
            <test name="org.la4j.matrix.dense.Basic1DMatrixTest#testMultiply_1x10_10x1"/>
            <test name="org.la4j.io.MatrixMarketStreamTest#testMatrix_3x3"/>
            <test name="org.la4j.matrix.dense.Basic1DMatrixTest#testResize_3x5_to_4x5_to_2x5"/>
            <test name="org.la4j.matrix.dense.Basic1DMatrixTest#testRowAccess_5x3"/>
            <test name="org.la4j.matrix.dense.Basic1DMatrixTest#testBlank"/>
            <test name="org.la4j.decomposition.LUDecompositorTest#testDecompose"/>
            <test name="org.la4j.decomposition.CholeskyDecompositorTest#testDecompose"/>
            <test name="org.la4j.matrix.dense.Basic1DMatrixTest#testKronecker"/>
            <test name="org.la4j.io.MatrixMarketStreamTest#testMatrix_1x1"/>
            <test name="org.la4j.matrix.dense.Basic1DMatrixTest#testSwap_5x3"/>
            <test name="org.la4j.matrix.dense.Basic1DMatrixTest#testColumnAccess_2x4"/>
            <test name="org.la4j.linear.SeidelSolverTest#testSolve"/>
            <test name="org.la4j.matrix.dense.Basic1DMatrixTest#testColumnAccess_5x3"/>
            <test name="org.la4j.matrix.dense.Basic1DMatrixTest#testResize_3x3_to_4x4_to_2x2"/>
            <test name="org.la4j.matrix.dense.Basic1DMatrixTest#testMultiply_1x1_1x1"/>
            <test name="org.la4j.matrix.dense.Basic1DMatrixTest#testSwap_3x3"/>
            <test name="org.la4j.io.MatrixMarketStreamTest#testMatrix_3x1"/>
            <test name="org.la4j.io.SymbolSeparatedStreamTest#testMatrix_1x1"/>
            <test name="org.la4j.io.SymbolSeparatedStreamTest#testMatrix_3x1"/>
            <test name="org.la4j.matrix.dense.Basic1DMatrixTest#testRowAccess_2x4"/>
            <test name="org.la4j.matrix.dense.Basic1DMatrixTest#testRank_emptyMatrix"/>
            <test name="org.la4j.matrix.dense.Basic1DMatrixTest#testTrace"/>
            <test name="org.la4j.matrix.dense.Basic1DMatrixTest#testCopy"/>
            <test name="org.la4j.matrix.dense.Basic1DMatrixTest#testGetColumn_4x4"/>
            <test name="org.la4j.decomposition.QRDecompositorTest#testDecompose"/>
            <test name="org.la4j.matrix.dense.Basic1DMatrixTest#testResize_2x3_to_3x4_to_1x2"/>
            <test name="org.la4j.matrix.dense.Basic1DMatrixTest#testColumnAccess_3x3"/>
          </method>
          <method complexity="1" end="70" name="Basic1DMatrix" start="68" visibility="public">
            <signature>
              <parameter name="rows" type="int"/>
              <parameter name="columns" type="int"/>
            </signature>
            
            <test name="org.la4j.matrix.dense.Basic1DMatrixTest#testDiv"/>
            <test name="org.la4j.matrix.dense.Basic1DMatrixTest#testRank_3x3"/>
            <test name="org.la4j.matrix.dense.Basic1DMatrixTest#testSubtract"/>
            <test name="org.la4j.io.MatrixMarketStreamTest#testMatrix_0x0"/>
            <test name="org.la4j.matrix.dense.Basic1DMatrixTest#testToArray"/>
            <test name="org.la4j.matrix.dense.Basic1DMatrixTest#testGetRow_4x4"/>
            <test name="org.la4j.matrix.dense.Basic1DMatrixTest#testTranspose_6x5"/>
            <test name="org.la4j.matrix.dense.Basic1DMatrixTest#testMultiply_4x4_4x4"/>
            <test name="org.la4j.matrix.dense.Basic1DMatrixTest#testResize_2x3_to_2x4_to_2x1"/>
            <test name="org.la4j.decomposition.EigenDecompositorTest#testDecompose"/>
            <test name="org.la4j.matrix.dense.Basic1DMatrixTest#testRank_2x4"/>
            <test name="org.la4j.matrix.dense.Basic1DMatrixTest#testTriangle"/>
            <test name="org.la4j.matrix.dense.Basic1DMatrixTest#testRank_4x4"/>
            <test name="org.la4j.linear.JacobiSolverTest#testSolve"/>
            <test name="org.la4j.io.SymbolSeparatedStreamTest#testMatrix_2x5"/>
            <test name="org.la4j.matrix.dense.Basic1DMatrixTest#testMultiply_3x2_2x3"/>
            <test name="org.la4j.factory.Basic1DFactoryTest#testCreateMatrixFromArray"/>
            <test name="org.la4j.matrix.dense.Basic1DMatrixTest#testAdd"/>
            <test name="org.la4j.matrix.dense.Basic1DMatrixTest#testAssign_3x3"/>
            <test name="org.la4j.inversion.GaussianInvertorTest#testInverse_4x4"/>
            <test name="org.la4j.linear.GaussianSolverTest#testSolve"/>
            <test name="org.la4j.matrix.dense.Basic1DMatrixTest#testAccess_3x3"/>
            <test name="org.la4j.io.MatrixMarketStreamTest#testMatrix_2x5"/>
            <test name="org.la4j.matrix.dense.Basic1DMatrixTest#testMultiply_4x1_1x4"/>
            <test name="org.la4j.matrix.dense.Basic1DMatrixTest#testRowAccess_3x3"/>
            <test name="org.la4j.matrix.dense.Basic1DMatrixTest#testMultiply_4x9_9x4"/>
            <test name="org.la4j.factory.Basic1DFactoryTest#testCreateMatrix"/>
            <test name="org.la4j.matrix.dense.Basic1DMatrixTest#testTranspose_4x4"/>
            <test name="org.la4j.matrix.source.MatrixSourcesTest#testIdentityMatrixSource"/>
            <test name="org.la4j.matrix.dense.Basic1DMatrixTest#testRank_nullMatrix"/>
            <test name="org.la4j.matrix.dense.Basic1DMatrixTest#testDeterminant"/>
            <test name="org.la4j.matrix.dense.Basic1DMatrixTest#testRank_5x3"/>
            <test name="org.la4j.matrix.dense.Basic1DMatrixTest#testSerialization"/>
            <test name="org.la4j.linear.SweepSolverTest#testSolve"/>
            <test name="org.la4j.matrix.dense.Basic1DMatrixTest#testMultiply_2x2_2x2"/>
            <test name="org.la4j.matrix.dense.Basic1DMatrixTest#testProduct"/>
            <test name="org.la4j.io.SymbolSeparatedStreamTest#testMatrix_3x3"/>
            <test name="org.la4j.matrix.dense.Basic1DMatrixTest#testSwap_2x4"/>
            <test name="org.la4j.decomposition.SingularValueDecompositorTest#testDecompose"/>
            <test name="org.la4j.io.SymbolSeparatedStreamTest#testMatrix_0x0"/>
            <test name="org.la4j.linear.SquareRootSolverTest#testSolve"/>
            <test name="org.la4j.matrix.dense.Basic1DMatrixTest#testRank_1x4"/>
            <test name="org.la4j.matrix.dense.Basic1DMatrixTest#testSlice_4x4_to_2x2"/>
            <test name="org.la4j.matrix.dense.Basic1DMatrixTest#testMultiply_1x10_10x1"/>
            <test name="org.la4j.io.MatrixMarketStreamTest#testMatrix_3x3"/>
            <test name="org.la4j.matrix.dense.Basic1DMatrixTest#testResize_3x5_to_4x5_to_2x5"/>
            <test name="org.la4j.matrix.dense.Basic1DMatrixTest#testRowAccess_5x3"/>
            <test name="org.la4j.matrix.dense.Basic1DMatrixTest#testBlank"/>
            <test name="org.la4j.decomposition.LUDecompositorTest#testDecompose"/>
            <test name="org.la4j.decomposition.CholeskyDecompositorTest#testDecompose"/>
            <test name="org.la4j.matrix.dense.Basic1DMatrixTest#testKronecker"/>
            <test name="org.la4j.io.MatrixMarketStreamTest#testMatrix_1x1"/>
            <test name="org.la4j.matrix.dense.Basic1DMatrixTest#testSwap_5x3"/>
            <test name="org.la4j.matrix.dense.Basic1DMatrixTest#testColumnAccess_2x4"/>
            <test name="org.la4j.linear.SeidelSolverTest#testSolve"/>
            <test name="org.la4j.matrix.dense.Basic1DMatrixTest#testColumnAccess_5x3"/>
            <test name="org.la4j.matrix.dense.Basic1DMatrixTest#testResize_3x3_to_4x4_to_2x2"/>
            <test name="org.la4j.matrix.dense.Basic1DMatrixTest#testMultiply_1x1_1x1"/>
            <test name="org.la4j.matrix.dense.Basic1DMatrixTest#testSwap_3x3"/>
            <test name="org.la4j.io.MatrixMarketStreamTest#testMatrix_3x1"/>
            <test name="org.la4j.io.SymbolSeparatedStreamTest#testMatrix_1x1"/>
            <test name="org.la4j.io.SymbolSeparatedStreamTest#testMatrix_3x1"/>
            <test name="org.la4j.matrix.dense.Basic1DMatrixTest#testRowAccess_2x4"/>
            <test name="org.la4j.matrix.dense.Basic1DMatrixTest#testRank_emptyMatrix"/>
            <test name="org.la4j.matrix.dense.Basic1DMatrixTest#testTrace"/>
            <test name="org.la4j.matrix.dense.Basic1DMatrixTest#testCopy"/>
            <test name="org.la4j.matrix.source.MatrixSourcesTest#testRandomSymmetricSource"/>
            <test name="org.la4j.matrix.dense.Basic1DMatrixTest#testGetColumn_4x4"/>
            <test name="org.la4j.decomposition.QRDecompositorTest#testDecompose"/>
            <test name="org.la4j.matrix.dense.Basic1DMatrixTest#testResize_2x3_to_3x4_to_1x2"/>
            <test name="org.la4j.matrix.dense.Basic1DMatrixTest#testColumnAccess_3x3"/>
          </method>
          <method complexity="1" end="76" name="Basic1DMatrix" start="72" visibility="public">
            <signature>
              <parameter name="rows" type="int"/>
              <parameter name="columns" type="int"/>
              <parameter name="array" type="double[]"/>
            </signature>
            
            
            <test name="org.la4j.matrix.dense.Basic1DMatrixTest#testDiv"/>
            <test name="org.la4j.matrix.dense.Basic1DMatrixTest#testRank_3x3"/>
            <test name="org.la4j.matrix.dense.Basic1DMatrixTest#testSubtract"/>
            <test name="org.la4j.io.MatrixMarketStreamTest#testMatrix_0x0"/>
            <test name="org.la4j.matrix.dense.Basic1DMatrixTest#testToArray"/>
            <test name="org.la4j.matrix.dense.Basic1DMatrixTest#testGetRow_4x4"/>
            <test name="org.la4j.matrix.dense.Basic1DMatrixTest#testTranspose_6x5"/>
            <test name="org.la4j.matrix.dense.Basic1DMatrixTest#testMultiply_4x4_4x4"/>
            <test name="org.la4j.matrix.dense.Basic1DMatrixTest#testResize_2x3_to_2x4_to_2x1"/>
            <test name="org.la4j.decomposition.EigenDecompositorTest#testDecompose"/>
            <test name="org.la4j.matrix.dense.Basic1DMatrixTest#testRank_2x4"/>
            <test name="org.la4j.matrix.dense.Basic1DMatrixTest#testTriangle"/>
            <test name="org.la4j.matrix.dense.Basic1DMatrixTest#testRank_4x4"/>
            <test name="org.la4j.linear.JacobiSolverTest#testSolve"/>
            <test name="org.la4j.io.SymbolSeparatedStreamTest#testMatrix_2x5"/>
            <test name="org.la4j.matrix.dense.Basic1DMatrixTest#testMultiply_3x2_2x3"/>
            <test name="org.la4j.factory.Basic1DFactoryTest#testCreateMatrixFromArray"/>
            <test name="org.la4j.matrix.dense.Basic1DMatrixTest#testAdd"/>
            <test name="org.la4j.matrix.dense.Basic1DMatrixTest#testAssign_3x3"/>
            <test name="org.la4j.inversion.GaussianInvertorTest#testInverse_4x4"/>
            <test name="org.la4j.linear.GaussianSolverTest#testSolve"/>
            <test name="org.la4j.matrix.dense.Basic1DMatrixTest#testAccess_3x3"/>
            <test name="org.la4j.io.MatrixMarketStreamTest#testMatrix_2x5"/>
            <test name="org.la4j.matrix.dense.Basic1DMatrixTest#testMultiply_4x1_1x4"/>
            <test name="org.la4j.matrix.dense.Basic1DMatrixTest#testRowAccess_3x3"/>
            <test name="org.la4j.matrix.dense.Basic1DMatrixTest#testMultiply_4x9_9x4"/>
            <test name="org.la4j.factory.Basic1DFactoryTest#testCreateMatrix"/>
            <test name="org.la4j.matrix.dense.Basic1DMatrixTest#testTranspose_4x4"/>
            <test name="org.la4j.matrix.source.MatrixSourcesTest#testIdentityMatrixSource"/>
            <test name="org.la4j.matrix.dense.Basic1DMatrixTest#testRank_nullMatrix"/>
            <test name="org.la4j.matrix.dense.Basic1DMatrixTest#testDeterminant"/>
            <test name="org.la4j.matrix.dense.Basic1DMatrixTest#testRank_5x3"/>
            <test name="org.la4j.factory.Basic1DFactoryTest#testCreateConstantMatrix_4x1"/>
            <test name="org.la4j.matrix.dense.Basic1DMatrixTest#testSerialization"/>
            <test name="org.la4j.linear.SweepSolverTest#testSolve"/>
            <test name="org.la4j.matrix.dense.Basic1DMatrixTest#testMultiply_2x2_2x2"/>
            <test name="org.la4j.matrix.dense.Basic1DMatrixTest#testProduct"/>
            <test name="org.la4j.io.SymbolSeparatedStreamTest#testMatrix_3x3"/>
            <test name="org.la4j.matrix.dense.Basic1DMatrixTest#testSwap_2x4"/>
            <test name="org.la4j.decomposition.SingularValueDecompositorTest#testDecompose"/>
            <test name="org.la4j.io.SymbolSeparatedStreamTest#testMatrix_0x0"/>
            <test name="org.la4j.linear.SquareRootSolverTest#testSolve"/>
            <test name="org.la4j.matrix.dense.Basic1DMatrixTest#testRank_1x4"/>
            <test name="org.la4j.matrix.dense.Basic1DMatrixTest#testSlice_4x4_to_2x2"/>
            <test name="org.la4j.factory.Basic1DFactoryTest#testCreateConstantMatrix_3x3"/>
            <test name="org.la4j.matrix.dense.Basic1DMatrixTest#testMultiply_1x10_10x1"/>
            <test name="org.la4j.io.MatrixMarketStreamTest#testMatrix_3x3"/>
            <test name="org.la4j.matrix.dense.Basic1DMatrixTest#testResize_3x5_to_4x5_to_2x5"/>
            <test name="org.la4j.matrix.dense.Basic1DMatrixTest#testRowAccess_5x3"/>
            <test name="org.la4j.matrix.dense.Basic1DMatrixTest#testBlank"/>
            <test name="org.la4j.decomposition.LUDecompositorTest#testDecompose"/>
            <test name="org.la4j.decomposition.CholeskyDecompositorTest#testDecompose"/>
            <test name="org.la4j.matrix.dense.Basic1DMatrixTest#testKronecker"/>
            <test name="org.la4j.io.MatrixMarketStreamTest#testMatrix_1x1"/>
            <test name="org.la4j.matrix.dense.Basic1DMatrixTest#testSwap_5x3"/>
            <test name="org.la4j.matrix.dense.Basic1DMatrixTest#testColumnAccess_2x4"/>
            <test name="org.la4j.factory.Basic1DFactoryTest#testCreateConstantMatrix_2x5"/>
            <test name="org.la4j.linear.SeidelSolverTest#testSolve"/>
            <test name="org.la4j.matrix.dense.Basic1DMatrixTest#testColumnAccess_5x3"/>
            <test name="org.la4j.matrix.dense.Basic1DMatrixTest#testResize_3x3_to_4x4_to_2x2"/>
            <test name="org.la4j.factory.Basic1DFactoryTest#testCreateRandomSymmetricMatrix"/>
            <test name="org.la4j.matrix.dense.Basic1DMatrixTest#testMultiply_1x1_1x1"/>
            <test name="org.la4j.matrix.dense.Basic1DMatrixTest#testSwap_3x3"/>
            <test name="org.la4j.io.MatrixMarketStreamTest#testMatrix_3x1"/>
            <test name="org.la4j.io.SymbolSeparatedStreamTest#testMatrix_1x1"/>
            <test name="org.la4j.io.SymbolSeparatedStreamTest#testMatrix_3x1"/>
            <test name="org.la4j.matrix.dense.Basic1DMatrixTest#testRowAccess_2x4"/>
            <test name="org.la4j.matrix.dense.Basic1DMatrixTest#testRank_emptyMatrix"/>
            <test name="org.la4j.matrix.dense.Basic1DMatrixTest#testTrace"/>
            <test name="org.la4j.matrix.dense.Basic1DMatrixTest#testCopy"/>
            <test name="org.la4j.matrix.source.MatrixSourcesTest#testRandomSymmetricSource"/>
            <test name="org.la4j.matrix.dense.Basic1DMatrixTest#testGetColumn_4x4"/>
            <test name="org.la4j.decomposition.QRDecompositorTest#testDecompose"/>
            <test name="org.la4j.matrix.dense.Basic1DMatrixTest#testResize_2x3_to_3x4_to_1x2"/>
            <test name="org.la4j.factory.Basic1DFactoryTest#testCreateIdentityMatrix"/>
            <test name="org.la4j.matrix.dense.Basic1DMatrixTest#testColumnAccess_3x3"/>
          </method>
          <method complexity="1" end="81" name="get" start="78" visibility="public">
            <signature returnType="double">
              <parameter name="i" type="int"/>
              <parameter name="j" type="int"/>
            </signature>
            
            <test name="org.la4j.matrix.dense.Basic1DMatrixTest#testDiv"/>
            <test name="org.la4j.matrix.dense.Basic1DMatrixTest#testRank_3x3"/>
            <test name="org.la4j.matrix.dense.Basic1DMatrixTest#testSubtract"/>
            <test name="org.la4j.matrix.dense.Basic1DMatrixTest#testTranspose_6x5"/>
            <test name="org.la4j.matrix.dense.Basic1DMatrixTest#testMultiply_4x4_4x4"/>
            <test name="org.la4j.matrix.dense.Basic1DMatrixTest#testResize_2x3_to_2x4_to_2x1"/>
            <test name="org.la4j.decomposition.EigenDecompositorTest#testDecompose"/>
            <test name="org.la4j.matrix.dense.Basic1DMatrixTest#testRank_2x4"/>
            <test name="org.la4j.matrix.dense.Basic1DMatrixTest#testTriangle"/>
            <test name="org.la4j.matrix.dense.Basic1DMatrixTest#testRank_4x4"/>
            <test name="org.la4j.linear.JacobiSolverTest#testSolve"/>
            <test name="org.la4j.io.SymbolSeparatedStreamTest#testMatrix_2x5"/>
            <test name="org.la4j.matrix.dense.Basic1DMatrixTest#testMultiply_3x2_2x3"/>
            <test name="org.la4j.factory.Basic1DFactoryTest#testCreateMatrixFromArray"/>
            <test name="org.la4j.matrix.dense.Basic1DMatrixTest#testAdd"/>
            <test name="org.la4j.matrix.dense.Basic1DMatrixTest#testAssign_3x3"/>
            <test name="org.la4j.inversion.GaussianInvertorTest#testInverse_4x4"/>
            <test name="org.la4j.linear.GaussianSolverTest#testSolve"/>
            <test name="org.la4j.matrix.dense.Basic1DMatrixTest#testAccess_3x3"/>
            <test name="org.la4j.io.MatrixMarketStreamTest#testMatrix_2x5"/>
            <test name="org.la4j.matrix.dense.Basic1DMatrixTest#testMultiply_4x1_1x4"/>
            <test name="org.la4j.matrix.dense.Basic1DMatrixTest#testRowAccess_3x3"/>
            <test name="org.la4j.matrix.dense.Basic1DMatrixTest#testMultiply_4x9_9x4"/>
            <test name="org.la4j.factory.Basic1DFactoryTest#testCreateMatrix"/>
            <test name="org.la4j.matrix.dense.Basic1DMatrixTest#testTranspose_4x4"/>
            <test name="org.la4j.matrix.source.MatrixSourcesTest#testIdentityMatrixSource"/>
            <test name="org.la4j.matrix.dense.Basic1DMatrixTest#testRank_nullMatrix"/>
            <test name="org.la4j.matrix.dense.Basic1DMatrixTest#testDeterminant"/>
            <test name="org.la4j.matrix.dense.Basic1DMatrixTest#testRank_5x3"/>
            <test name="org.la4j.factory.Basic1DFactoryTest#testCreateConstantMatrix_4x1"/>
            <test name="org.la4j.matrix.dense.Basic1DMatrixTest#testSerialization"/>
            <test name="org.la4j.linear.SweepSolverTest#testSolve"/>
            <test name="org.la4j.matrix.dense.Basic1DMatrixTest#testMultiply_2x2_2x2"/>
            <test name="org.la4j.matrix.dense.Basic1DMatrixTest#testProduct"/>
            <test name="org.la4j.io.SymbolSeparatedStreamTest#testMatrix_3x3"/>
            <test name="org.la4j.matrix.dense.Basic1DMatrixTest#testSwap_2x4"/>
            <test name="org.la4j.decomposition.SingularValueDecompositorTest#testDecompose"/>
            <test name="org.la4j.linear.SquareRootSolverTest#testSolve"/>
            <test name="org.la4j.matrix.dense.Basic1DMatrixTest#testRank_1x4"/>
            <test name="org.la4j.matrix.dense.Basic1DMatrixTest#testSlice_4x4_to_2x2"/>
            <test name="org.la4j.factory.Basic1DFactoryTest#testCreateConstantMatrix_3x3"/>
            <test name="org.la4j.matrix.dense.Basic1DMatrixTest#testMultiply_1x10_10x1"/>
            <test name="org.la4j.io.MatrixMarketStreamTest#testMatrix_3x3"/>
            <test name="org.la4j.matrix.dense.Basic1DMatrixTest#testResize_3x5_to_4x5_to_2x5"/>
            <test name="org.la4j.matrix.dense.Basic1DMatrixTest#testRowAccess_5x3"/>
            <test name="org.la4j.matrix.dense.Basic1DMatrixTest#testBlank"/>
            <test name="org.la4j.decomposition.LUDecompositorTest#testDecompose"/>
            <test name="org.la4j.decomposition.CholeskyDecompositorTest#testDecompose"/>
            <test name="org.la4j.matrix.dense.Basic1DMatrixTest#testKronecker"/>
            <test name="org.la4j.io.MatrixMarketStreamTest#testMatrix_1x1"/>
            <test name="org.la4j.matrix.dense.Basic1DMatrixTest#testSwap_5x3"/>
            <test name="org.la4j.matrix.dense.Basic1DMatrixTest#testColumnAccess_2x4"/>
            <test name="org.la4j.factory.Basic1DFactoryTest#testCreateConstantMatrix_2x5"/>
            <test name="org.la4j.linear.SeidelSolverTest#testSolve"/>
            <test name="org.la4j.matrix.dense.Basic1DMatrixTest#testColumnAccess_5x3"/>
            <test name="org.la4j.matrix.dense.Basic1DMatrixTest#testResize_3x3_to_4x4_to_2x2"/>
            <test name="org.la4j.factory.Basic1DFactoryTest#testCreateRandomSymmetricMatrix"/>
            <test name="org.la4j.matrix.dense.Basic1DMatrixTest#testMultiply_1x1_1x1"/>
            <test name="org.la4j.matrix.dense.Basic1DMatrixTest#testSwap_3x3"/>
            <test name="org.la4j.io.MatrixMarketStreamTest#testMatrix_3x1"/>
            <test name="org.la4j.io.SymbolSeparatedStreamTest#testMatrix_1x1"/>
            <test name="org.la4j.io.SymbolSeparatedStreamTest#testMatrix_3x1"/>
            <test name="org.la4j.matrix.dense.Basic1DMatrixTest#testRowAccess_2x4"/>
            <test name="org.la4j.matrix.dense.Basic1DMatrixTest#testTrace"/>
            <test name="org.la4j.matrix.dense.Basic1DMatrixTest#testCopy"/>
            <test name="org.la4j.matrix.source.MatrixSourcesTest#testRandomSymmetricSource"/>
            <test name="org.la4j.matrix.dense.Basic1DMatrixTest#testGetColumn_4x4"/>
            <test name="org.la4j.decomposition.QRDecompositorTest#testDecompose"/>
            <test name="org.la4j.matrix.dense.Basic1DMatrixTest#testResize_2x3_to_3x4_to_1x2"/>
            <test name="org.la4j.factory.Basic1DFactoryTest#testCreateIdentityMatrix"/>
            <test name="org.la4j.matrix.dense.Basic1DMatrixTest#testColumnAccess_3x3"/>
          </method>
          <method complexity="1" end="86" name="set" start="83" visibility="public">
            <signature returnType="void">
              <parameter name="i" type="int"/>
              <parameter name="j" type="int"/>
              <parameter name="value" type="double"/>
            </signature>
            
            <test name="org.la4j.matrix.dense.Basic1DMatrixTest#testDiv"/>
            <test name="org.la4j.matrix.dense.Basic1DMatrixTest#testRank_3x3"/>
            <test name="org.la4j.matrix.dense.Basic1DMatrixTest#testSubtract"/>
            <test name="org.la4j.matrix.dense.Basic1DMatrixTest#testMultiply_1x10_10x1"/>
            <test name="org.la4j.io.MatrixMarketStreamTest#testMatrix_3x3"/>
            <test name="org.la4j.matrix.dense.Basic1DMatrixTest#testTranspose_6x5"/>
            <test name="org.la4j.matrix.dense.Basic1DMatrixTest#testMultiply_4x4_4x4"/>
            <test name="org.la4j.decomposition.EigenDecompositorTest#testDecompose"/>
            <test name="org.la4j.matrix.dense.Basic1DMatrixTest#testRank_2x4"/>
            <test name="org.la4j.matrix.dense.Basic1DMatrixTest#testTriangle"/>
            <test name="org.la4j.matrix.dense.Basic1DMatrixTest#testRank_4x4"/>
            <test name="org.la4j.linear.JacobiSolverTest#testSolve"/>
            <test name="org.la4j.matrix.dense.Basic1DMatrixTest#testRowAccess_5x3"/>
            <test name="org.la4j.io.SymbolSeparatedStreamTest#testMatrix_2x5"/>
            <test name="org.la4j.decomposition.LUDecompositorTest#testDecompose"/>
            <test name="org.la4j.decomposition.CholeskyDecompositorTest#testDecompose"/>
            <test name="org.la4j.matrix.dense.Basic1DMatrixTest#testKronecker"/>
            <test name="org.la4j.matrix.dense.Basic1DMatrixTest#testMultiply_3x2_2x3"/>
            <test name="org.la4j.io.MatrixMarketStreamTest#testMatrix_1x1"/>
            <test name="org.la4j.matrix.dense.Basic1DMatrixTest#testAdd"/>
            <test name="org.la4j.matrix.dense.Basic1DMatrixTest#testAssign_3x3"/>
            <test name="org.la4j.inversion.GaussianInvertorTest#testInverse_4x4"/>
            <test name="org.la4j.linear.GaussianSolverTest#testSolve"/>
            <test name="org.la4j.matrix.dense.Basic1DMatrixTest#testColumnAccess_2x4"/>
            <test name="org.la4j.matrix.dense.Basic1DMatrixTest#testAccess_3x3"/>
            <test name="org.la4j.linear.SeidelSolverTest#testSolve"/>
            <test name="org.la4j.io.MatrixMarketStreamTest#testMatrix_2x5"/>
            <test name="org.la4j.matrix.dense.Basic1DMatrixTest#testMultiply_4x1_1x4"/>
            <test name="org.la4j.matrix.dense.Basic1DMatrixTest#testRowAccess_3x3"/>
            <test name="org.la4j.matrix.dense.Basic1DMatrixTest#testColumnAccess_5x3"/>
            <test name="org.la4j.matrix.dense.Basic1DMatrixTest#testMultiply_4x9_9x4"/>
            <test name="org.la4j.matrix.dense.Basic1DMatrixTest#testTranspose_4x4"/>
            <test name="org.la4j.matrix.dense.Basic1DMatrixTest#testMultiply_1x1_1x1"/>
            <test name="org.la4j.matrix.dense.Basic1DMatrixTest#testRank_5x3"/>
            <test name="org.la4j.linear.SweepSolverTest#testSolve"/>
            <test name="org.la4j.matrix.dense.Basic1DMatrixTest#testMultiply_2x2_2x2"/>
            <test name="org.la4j.io.MatrixMarketStreamTest#testMatrix_3x1"/>
            <test name="org.la4j.io.SymbolSeparatedStreamTest#testMatrix_1x1"/>
            <test name="org.la4j.io.SymbolSeparatedStreamTest#testMatrix_3x3"/>
            <test name="org.la4j.decomposition.SingularValueDecompositorTest#testDecompose"/>
            <test name="org.la4j.io.SymbolSeparatedStreamTest#testMatrix_3x1"/>
            <test name="org.la4j.matrix.dense.Basic1DMatrixTest#testRowAccess_2x4"/>
            <test name="org.la4j.linear.SquareRootSolverTest#testSolve"/>
            <test name="org.la4j.decomposition.QRDecompositorTest#testDecompose"/>
            <test name="org.la4j.matrix.dense.Basic1DMatrixTest#testRank_1x4"/>
            <test name="org.la4j.matrix.dense.Basic1DMatrixTest#testColumnAccess_3x3"/>
            <test name="org.la4j.matrix.dense.Basic1DMatrixTest#testSlice_4x4_to_2x2"/>
          </method>
          <method complexity="3" end="97" name="swapRows" start="88" visibility="public">
            <signature returnType="void">
              <parameter name="i" type="int"/>
              <parameter name="j" type="int"/>
            </signature>
            
            
            
            
            
            
            
            <test name="org.la4j.matrix.dense.Basic1DMatrixTest#testSwap_2x4"/>
            <test name="org.la4j.matrix.dense.Basic1DMatrixTest#testRank_5x3"/>
            <test name="org.la4j.matrix.dense.Basic1DMatrixTest#testSwap_5x3"/>
            <test name="org.la4j.matrix.dense.Basic1DMatrixTest#testSwap_3x3"/>
            <test name="org.la4j.inversion.GaussianInvertorTest#testInverse_4x4"/>
            <test name="org.la4j.linear.GaussianSolverTest#testSolve"/>
          </method>
          <method complexity="3" end="108" name="swapColumns" start="99" visibility="public">
            <signature returnType="void">
              <parameter name="i" type="int"/>
              <parameter name="j" type="int"/>
            </signature>
            
            
            
            
            
            
            
            <test name="org.la4j.matrix.dense.Basic1DMatrixTest#testRank_4x4"/>
            <test name="org.la4j.matrix.dense.Basic1DMatrixTest#testSwap_2x4"/>
            <test name="org.la4j.matrix.dense.Basic1DMatrixTest#testRank_5x3"/>
            <test name="org.la4j.matrix.dense.Basic1DMatrixTest#testSwap_5x3"/>
            <test name="org.la4j.matrix.dense.Basic1DMatrixTest#testRank_1x4"/>
            <test name="org.la4j.matrix.dense.Basic1DMatrixTest#testSwap_3x3"/>
          </method>
          <method complexity="1" end="116" name="getRow" start="110" visibility="public">
            <signature returnType="Vector">
              <parameter name="i" type="int"/>
            </signature>
            
            
            
            <test name="org.la4j.matrix.dense.Basic1DMatrixTest#testMultiply_4x1_1x4"/>
            <test name="org.la4j.matrix.dense.Basic1DMatrixTest#testRowAccess_3x3"/>
            <test name="org.la4j.matrix.dense.Basic1DMatrixTest#testMultiply_4x9_9x4"/>
            <test name="org.la4j.matrix.dense.Basic1DMatrixTest#testMultiply_1x1_1x1"/>
            <test name="org.la4j.matrix.dense.Basic1DMatrixTest#testMultiply_1x10_10x1"/>
            <test name="org.la4j.matrix.dense.Basic1DMatrixTest#testGetRow_4x4"/>
            <test name="org.la4j.matrix.dense.Basic1DMatrixTest#testMultiply_4x4_4x4"/>
            <test name="org.la4j.decomposition.EigenDecompositorTest#testDecompose"/>
            <test name="org.la4j.matrix.dense.Basic1DMatrixTest#testMultiply_2x2_2x2"/>
            <test name="org.la4j.matrix.dense.Basic1DMatrixTest#testRowAccess_5x3"/>
            <test name="org.la4j.decomposition.CholeskyDecompositorTest#testDecompose"/>
            <test name="org.la4j.matrix.dense.Basic1DMatrixTest#testRowAccess_2x4"/>
            <test name="org.la4j.matrix.dense.Basic1DMatrixTest#testMultiply_3x2_2x3"/>
            <test name="org.la4j.inversion.GaussianInvertorTest#testInverse_4x4"/>
          </method>
          <method complexity="1" end="123" name="copy" start="118" visibility="public">
            <signature returnType="Matrix"/>
            
            
            
            <test name="org.la4j.linear.SeidelSolverTest#testSolve"/>
            <test name="org.la4j.linear.JacobiSolverTest#testSolve"/>
            <test name="org.la4j.decomposition.LUDecompositorTest#testDecompose"/>
            <test name="org.la4j.decomposition.SingularValueDecompositorTest#testDecompose"/>
            <test name="org.la4j.matrix.dense.Basic1DMatrixTest#testCopy"/>
            <test name="org.la4j.decomposition.QRDecompositorTest#testDecompose"/>
            <test name="org.la4j.decomposition.EigenDecompositorTest#testDecompose"/>
            <test name="org.la4j.inversion.GaussianInvertorTest#testInverse_4x4"/>
            <test name="org.la4j.linear.GaussianSolverTest#testSolve"/>
          </method>
          <method complexity="8" end="151" name="resize" start="125" visibility="public">
            <signature returnType="Matrix">
              <parameter name="rows" type="int"/>
              <parameter name="columns" type="int"/>
            </signature>
            
            
            
            
            
            
            
            
            
            
            
            
            
            
            
            
            
            
            <test name="org.la4j.io.SymbolSeparatedStreamTest#testMatrix_1x1"/>
            <test name="org.la4j.io.SymbolSeparatedStreamTest#testMatrix_3x3"/>
            <test name="org.la4j.io.SymbolSeparatedStreamTest#testMatrix_2x5"/>
            <test name="org.la4j.matrix.dense.Basic1DMatrixTest#testResize_3x3_to_4x4_to_2x2"/>
            <test name="org.la4j.io.SymbolSeparatedStreamTest#testMatrix_3x1"/>
            <test name="org.la4j.io.SymbolSeparatedStreamTest#testMatrix_0x0"/>
            <test name="org.la4j.matrix.dense.Basic1DMatrixTest#testResize_2x3_to_3x4_to_1x2"/>
            <test name="org.la4j.matrix.dense.Basic1DMatrixTest#testResize_2x3_to_2x4_to_2x1"/>
            <test name="org.la4j.matrix.dense.Basic1DMatrixTest#testResize_3x5_to_4x5_to_2x5"/>
          </method>
          <method complexity="2" end="165" name="toArray" start="153" visibility="public">
            <signature returnType="double[][]"/>
            
            
            
            
            
            
            
            <test name="org.la4j.matrix.dense.Basic1DMatrixTest#testToArray"/>
          </method>
          <method complexity="2" end="176" name="writeExternal" start="167" visibility="public">
            <signature returnType="void">
              <parameter name="out" type="ObjectOutput"/>
            </signature>
            
            
            
            
            
            <test name="org.la4j.matrix.dense.Basic1DMatrixTest#testSerialization"/>
          </method>
          <method complexity="2" end="190" name="readExternal" start="178" visibility="public">
            <signature returnType="void">
              <parameter name="in" type="ObjectInput"/>
            </signature>
            
            
            
            
            
            
            <test name="org.la4j.matrix.dense.Basic1DMatrixTest#testSerialization"/>
          </method>
        </class>
      </file>
      <file name="Basic2DMatrix.java" path="D:\AllMutants\la4j\ecf6b63e657be23543a422c44ac0ee3ce10695a8\src\main\java\org\la4j\matrix\dense\Basic2DMatrix.java">
        <metrics classes="1" complexity="29" conditionals="26" coveredConditionals="23" coveredElements="83" coveredMethods="15" coveredStatements="45" elements="87" loc="171" methods="15" notCoveredLoc="114" statements="46"/>
        <class endLine="171" name="Basic2DMatrix" startLine="34">
          <metrics complexity="29" conditionals="26" coveredConditionals="23" coveredElements="83" coveredMethods="15" coveredStatements="45" elements="87" methods="15" statements="46"/>
          <method complexity="1" end="42" name="Basic2DMatrix" start="40" visibility="public">
            <signature/>
            
            <test name="org.la4j.matrix.dense.Basic2DMatrixTest#testSerialization"/>
            <test name="org.la4j.factory.Basic2DFactoryTest#testCreateMatrix"/>
          </method>
          <method complexity="1" end="46" name="Basic2DMatrix" start="44" visibility="public">
            <signature>
              <parameter name="matrix" type="Matrix"/>
            </signature>
            
            <test name="org.la4j.matrix.dense.Basic2DMatrixTest#testTriangle"/>
          </method>
          <method complexity="3" end="56" name="Basic2DMatrix" start="48" visibility="public">
            <signature>
              <parameter name="source" type="MatrixSource"/>
            </signature>
            
            
            
            
            
            
            <test name="org.la4j.matrix.dense.Basic2DMatrixTest#testTriangle"/>
            <test name="org.la4j.matrix.source.MatrixSourcesTest#testIdentityMatrixSource"/>
            <test name="org.la4j.matrix.source.MatrixSourcesTest#testRandomSymmetricSource"/>
          </method>
          <method complexity="1" end="60" name="Basic2DMatrix" start="58" visibility="public">
            <signature>
              <parameter name="rows" type="int"/>
              <parameter name="columns" type="int"/>
            </signature>
            
            <test name="org.la4j.matrix.dense.Basic2DMatrixTest#testSerialization"/>
            <test name="org.la4j.matrix.dense.Basic2DMatrixTest#testAssign_3x3"/>
            <test name="org.la4j.io.MatrixMarketStreamTest#testMatrix_0x0"/>
            <test name="org.la4j.matrix.dense.Basic2DMatrixTest#testMultiply_4x1_1x4"/>
            <test name="org.la4j.matrix.dense.Basic2DMatrixTest#testKronecker"/>
            <test name="org.la4j.io.MatrixMarketStreamTest#testMatrix_3x3"/>
            <test name="org.la4j.decomposition.EigenDecompositorTest#testDecompose"/>
            <test name="org.la4j.matrix.dense.Basic2DMatrixTest#testTranspose_4x4"/>
            <test name="org.la4j.matrix.dense.Basic2DMatrixTest#testMultiply_2x2_2x2"/>
            <test name="org.la4j.matrix.dense.Basic2DMatrixTest#testMultiply_3x2_2x3"/>
            <test name="org.la4j.io.SymbolSeparatedStreamTest#testMatrix_2x5"/>
            <test name="org.la4j.decomposition.LUDecompositorTest#testDecompose"/>
            <test name="org.la4j.decomposition.CholeskyDecompositorTest#testDecompose"/>
            <test name="org.la4j.matrix.dense.Basic2DMatrixTest#testMultiply_1x10_10x1"/>
            <test name="org.la4j.io.MatrixMarketStreamTest#testMatrix_1x1"/>
            <test name="org.la4j.factory.Basic2DFactoryTest#testCreateMatrix"/>
            <test name="org.la4j.inversion.GaussianInvertorTest#testInverse_4x4"/>
            <test name="org.la4j.linear.GaussianSolverTest#testSolve"/>
            <test name="org.la4j.matrix.dense.Basic2DMatrixTest#testAdd"/>
            <test name="org.la4j.io.MatrixMarketStreamTest#testMatrix_2x5"/>
            <test name="org.la4j.matrix.source.MatrixSourcesTest#testIdentityMatrixSource"/>
            <test name="org.la4j.matrix.dense.Basic2DMatrixTest#testMultiply_4x4_4x4"/>
            <test name="org.la4j.matrix.dense.Basic2DMatrixTest#testMultiply_1x1_1x1"/>
            <test name="org.la4j.matrix.dense.Basic2DMatrixTest#testBlank"/>
            <test name="org.la4j.matrix.dense.Basic2DMatrixTest#testMultiply_4x9_9x4"/>
            <test name="org.la4j.io.MatrixMarketStreamTest#testMatrix_3x1"/>
            <test name="org.la4j.matrix.dense.Basic2DMatrixTest#testSlice_4x4_to_2x2"/>
            <test name="org.la4j.io.SymbolSeparatedStreamTest#testMatrix_1x1"/>
            <test name="org.la4j.io.SymbolSeparatedStreamTest#testMatrix_3x3"/>
            <test name="org.la4j.matrix.dense.Basic2DMatrixTest#testTriangle"/>
            <test name="org.la4j.decomposition.SingularValueDecompositorTest#testDecompose"/>
            <test name="org.la4j.io.SymbolSeparatedStreamTest#testMatrix_3x1"/>
            <test name="org.la4j.io.SymbolSeparatedStreamTest#testMatrix_0x0"/>
            <test name="org.la4j.matrix.dense.Basic2DMatrixTest#testTranspose_6x5"/>
            <test name="org.la4j.matrix.dense.Basic2DMatrixTest#testDiv"/>
            <test name="org.la4j.matrix.source.MatrixSourcesTest#testRandomSymmetricSource"/>
            <test name="org.la4j.linear.SquareRootSolverTest#testSolve"/>
            <test name="org.la4j.decomposition.QRDecompositorTest#testDecompose"/>
            <test name="org.la4j.matrix.dense.Basic2DMatrixTest#testSubtract"/>
          </method>
          <method complexity="2" end="67" name="Basic2DMatrix" start="62" visibility="public">
            <signature>
              <parameter name="array" type="double[][]"/>
            </signature>
            
            
            
            <test name="org.la4j.matrix.dense.Basic2DMatrixTest#testTrace"/>
            <test name="org.la4j.matrix.dense.Basic2DMatrixTest#testAssign_3x3"/>
            <test name="org.la4j.io.MatrixMarketStreamTest#testMatrix_0x0"/>
            <test name="org.la4j.matrix.dense.Basic2DMatrixTest#testColumnAccess_5x3"/>
            <test name="org.la4j.matrix.dense.Basic2DMatrixTest#testGetColumn_4x4"/>
            <test name="org.la4j.matrix.dense.Basic2DMatrixTest#testRank_1x4"/>
            <test name="org.la4j.decomposition.EigenDecompositorTest#testDecompose"/>
            <test name="org.la4j.factory.Basic2DFactoryTest#testCreateMatrixFromArray"/>
            <test name="org.la4j.matrix.dense.Basic2DMatrixTest#testRowAccess_3x3"/>
            <test name="org.la4j.matrix.dense.Basic2DMatrixTest#testMultiply_2x2_2x2"/>
            <test name="org.la4j.linear.JacobiSolverTest#testSolve"/>
            <test name="org.la4j.matrix.dense.Basic2DMatrixTest#testMultiply_3x2_2x3"/>
            <test name="org.la4j.io.SymbolSeparatedStreamTest#testMatrix_2x5"/>
            <test name="org.la4j.matrix.dense.Basic2DMatrixTest#testCopy"/>
            <test name="org.la4j.matrix.dense.Basic2DMatrixTest#testColumnAccess_3x3"/>
            <test name="org.la4j.matrix.dense.Basic2DMatrixTest#testMultiply_1x10_10x1"/>
            <test name="org.la4j.factory.Basic2DFactoryTest#testCreateMatrix"/>
            <test name="org.la4j.inversion.GaussianInvertorTest#testInverse_4x4"/>
            <test name="org.la4j.linear.GaussianSolverTest#testSolve"/>
            <test name="org.la4j.matrix.dense.Basic2DMatrixTest#testResize_2x3_to_2x4_to_2x1"/>
            <test name="org.la4j.factory.Basic2DFactoryTest#testCreateConstantMatrix_3x3"/>
            <test name="org.la4j.io.MatrixMarketStreamTest#testMatrix_2x5"/>
            <test name="org.la4j.matrix.source.MatrixSourcesTest#testIdentityMatrixSource"/>
            <test name="org.la4j.matrix.dense.Basic2DMatrixTest#testMultiply_1x1_1x1"/>
            <test name="org.la4j.linear.SweepSolverTest#testSolve"/>
            <test name="org.la4j.matrix.dense.Basic2DMatrixTest#testBlank"/>
            <test name="org.la4j.matrix.dense.Basic2DMatrixTest#testSlice_4x4_to_2x2"/>
            <test name="org.la4j.io.SymbolSeparatedStreamTest#testMatrix_3x3"/>
            <test name="org.la4j.factory.Basic2DFactoryTest#testCreateConstantMatrix_4x1"/>
            <test name="org.la4j.decomposition.SingularValueDecompositorTest#testDecompose"/>
            <test name="org.la4j.matrix.dense.Basic2DMatrixTest#testRowAccess_2x4"/>
            <test name="org.la4j.io.SymbolSeparatedStreamTest#testMatrix_0x0"/>
            <test name="org.la4j.matrix.dense.Basic2DMatrixTest#testTranspose_6x5"/>
            <test name="org.la4j.matrix.dense.Basic2DMatrixTest#testDiv"/>
            <test name="org.la4j.linear.SquareRootSolverTest#testSolve"/>
            <test name="org.la4j.matrix.dense.Basic2DMatrixTest#testRank_nullMatrix"/>
            <test name="org.la4j.matrix.dense.Basic2DMatrixTest#testRowAccess_5x3"/>
            <test name="org.la4j.matrix.dense.Basic2DMatrixTest#testSubtract"/>
            <test name="org.la4j.matrix.dense.Basic2DMatrixTest#testResize_2x3_to_3x4_to_1x2"/>
            <test name="org.la4j.matrix.dense.Basic2DMatrixTest#testSerialization"/>
            <test name="org.la4j.matrix.dense.Basic2DMatrixTest#testMultiply_4x1_1x4"/>
            <test name="org.la4j.matrix.dense.Basic2DMatrixTest#testKronecker"/>
            <test name="org.la4j.io.MatrixMarketStreamTest#testMatrix_3x3"/>
            <test name="org.la4j.factory.Basic2DFactoryTest#testCreateConstantMatrix_2x5"/>
            <test name="org.la4j.matrix.dense.Basic2DMatrixTest#testTranspose_4x4"/>
            <test name="org.la4j.matrix.dense.Basic2DMatrixTest#testResize_3x3_to_4x4_to_2x2"/>
            <test name="org.la4j.matrix.dense.Basic2DMatrixTest#testRank_2x4"/>
            <test name="org.la4j.decomposition.LUDecompositorTest#testDecompose"/>
            <test name="org.la4j.decomposition.CholeskyDecompositorTest#testDecompose"/>
            <test name="org.la4j.matrix.dense.Basic2DMatrixTest#testToArray"/>
            <test name="org.la4j.io.MatrixMarketStreamTest#testMatrix_1x1"/>
            <test name="org.la4j.matrix.dense.Basic2DMatrixTest#testProduct"/>
            <test name="org.la4j.matrix.dense.Basic2DMatrixTest#testGetRow_4x4"/>
            <test name="org.la4j.matrix.dense.Basic2DMatrixTest#testRank_4x4"/>
            <test name="org.la4j.matrix.dense.Basic2DMatrixTest#testDeterminant"/>
            <test name="org.la4j.matrix.dense.Basic2DMatrixTest#testAdd"/>
            <test name="org.la4j.matrix.dense.Basic2DMatrixTest#testSwap_2x4"/>
            <test name="org.la4j.matrix.dense.Basic2DMatrixTest#testAccess_3x3"/>
            <test name="org.la4j.linear.SeidelSolverTest#testSolve"/>
            <test name="org.la4j.matrix.dense.Basic2DMatrixTest#testRank_emptyMatrix"/>
            <test name="org.la4j.matrix.dense.Basic2DMatrixTest#testMultiply_4x4_4x4"/>
            <test name="org.la4j.factory.Basic2DFactoryTest#testCreateIdentityMatrix"/>
            <test name="org.la4j.factory.Basic2DFactoryTest#testCreateRandomSymmetricMatrix"/>
            <test name="org.la4j.matrix.dense.Basic2DMatrixTest#testMultiply_4x9_9x4"/>
            <test name="org.la4j.io.MatrixMarketStreamTest#testMatrix_3x1"/>
            <test name="org.la4j.matrix.dense.Basic2DMatrixTest#testRank_5x3"/>
            <test name="org.la4j.io.SymbolSeparatedStreamTest#testMatrix_1x1"/>
            <test name="org.la4j.matrix.dense.Basic2DMatrixTest#testColumnAccess_2x4"/>
            <test name="org.la4j.matrix.dense.Basic2DMatrixTest#testSwap_3x3"/>
            <test name="org.la4j.matrix.dense.Basic2DMatrixTest#testTriangle"/>
            <test name="org.la4j.io.SymbolSeparatedStreamTest#testMatrix_3x1"/>
            <test name="org.la4j.matrix.dense.Basic2DMatrixTest#testRank_3x3"/>
            <test name="org.la4j.matrix.source.MatrixSourcesTest#testRandomSymmetricSource"/>
            <test name="org.la4j.decomposition.QRDecompositorTest#testDecompose"/>
            <test name="org.la4j.matrix.dense.Basic2DMatrixTest#testSwap_5x3"/>
            <test name="org.la4j.matrix.dense.Basic2DMatrixTest#testResize_3x5_to_4x5_to_2x5"/>
          </method>
          <method complexity="1" end="72" name="get" start="69" visibility="public">
            <signature returnType="double">
              <parameter name="i" type="int"/>
              <parameter name="j" type="int"/>
            </signature>
            
            <test name="org.la4j.matrix.dense.Basic2DMatrixTest#testTrace"/>
            <test name="org.la4j.matrix.dense.Basic2DMatrixTest#testAssign_3x3"/>
            <test name="org.la4j.matrix.dense.Basic2DMatrixTest#testColumnAccess_5x3"/>
            <test name="org.la4j.matrix.dense.Basic2DMatrixTest#testGetColumn_4x4"/>
            <test name="org.la4j.matrix.dense.Basic2DMatrixTest#testRank_1x4"/>
            <test name="org.la4j.decomposition.EigenDecompositorTest#testDecompose"/>
            <test name="org.la4j.factory.Basic2DFactoryTest#testCreateMatrixFromArray"/>
            <test name="org.la4j.matrix.dense.Basic2DMatrixTest#testRowAccess_3x3"/>
            <test name="org.la4j.matrix.dense.Basic2DMatrixTest#testMultiply_2x2_2x2"/>
            <test name="org.la4j.linear.JacobiSolverTest#testSolve"/>
            <test name="org.la4j.matrix.dense.Basic2DMatrixTest#testMultiply_3x2_2x3"/>
            <test name="org.la4j.io.SymbolSeparatedStreamTest#testMatrix_2x5"/>
            <test name="org.la4j.matrix.dense.Basic2DMatrixTest#testCopy"/>
            <test name="org.la4j.matrix.dense.Basic2DMatrixTest#testColumnAccess_3x3"/>
            <test name="org.la4j.matrix.dense.Basic2DMatrixTest#testMultiply_1x10_10x1"/>
            <test name="org.la4j.factory.Basic2DFactoryTest#testCreateMatrix"/>
            <test name="org.la4j.inversion.GaussianInvertorTest#testInverse_4x4"/>
            <test name="org.la4j.linear.GaussianSolverTest#testSolve"/>
            <test name="org.la4j.matrix.dense.Basic2DMatrixTest#testResize_2x3_to_2x4_to_2x1"/>
            <test name="org.la4j.factory.Basic2DFactoryTest#testCreateConstantMatrix_3x3"/>
            <test name="org.la4j.io.MatrixMarketStreamTest#testMatrix_2x5"/>
            <test name="org.la4j.matrix.source.MatrixSourcesTest#testIdentityMatrixSource"/>
            <test name="org.la4j.matrix.dense.Basic2DMatrixTest#testMultiply_1x1_1x1"/>
            <test name="org.la4j.linear.SweepSolverTest#testSolve"/>
            <test name="org.la4j.matrix.dense.Basic2DMatrixTest#testBlank"/>
            <test name="org.la4j.matrix.dense.Basic2DMatrixTest#testSlice_4x4_to_2x2"/>
            <test name="org.la4j.io.SymbolSeparatedStreamTest#testMatrix_3x3"/>
            <test name="org.la4j.factory.Basic2DFactoryTest#testCreateConstantMatrix_4x1"/>
            <test name="org.la4j.decomposition.SingularValueDecompositorTest#testDecompose"/>
            <test name="org.la4j.matrix.dense.Basic2DMatrixTest#testRowAccess_2x4"/>
            <test name="org.la4j.matrix.dense.Basic2DMatrixTest#testTranspose_6x5"/>
            <test name="org.la4j.matrix.dense.Basic2DMatrixTest#testDiv"/>
            <test name="org.la4j.linear.SquareRootSolverTest#testSolve"/>
            <test name="org.la4j.matrix.dense.Basic2DMatrixTest#testRank_nullMatrix"/>
            <test name="org.la4j.matrix.dense.Basic2DMatrixTest#testRowAccess_5x3"/>
            <test name="org.la4j.matrix.dense.Basic2DMatrixTest#testSubtract"/>
            <test name="org.la4j.matrix.dense.Basic2DMatrixTest#testResize_2x3_to_3x4_to_1x2"/>
            <test name="org.la4j.matrix.dense.Basic2DMatrixTest#testSerialization"/>
            <test name="org.la4j.matrix.dense.Basic2DMatrixTest#testMultiply_4x1_1x4"/>
            <test name="org.la4j.matrix.dense.Basic2DMatrixTest#testKronecker"/>
            <test name="org.la4j.io.MatrixMarketStreamTest#testMatrix_3x3"/>
            <test name="org.la4j.factory.Basic2DFactoryTest#testCreateConstantMatrix_2x5"/>
            <test name="org.la4j.matrix.dense.Basic2DMatrixTest#testTranspose_4x4"/>
            <test name="org.la4j.matrix.dense.Basic2DMatrixTest#testResize_3x3_to_4x4_to_2x2"/>
            <test name="org.la4j.matrix.dense.Basic2DMatrixTest#testRank_2x4"/>
            <test name="org.la4j.decomposition.LUDecompositorTest#testDecompose"/>
            <test name="org.la4j.decomposition.CholeskyDecompositorTest#testDecompose"/>
            <test name="org.la4j.io.MatrixMarketStreamTest#testMatrix_1x1"/>
            <test name="org.la4j.matrix.dense.Basic2DMatrixTest#testProduct"/>
            <test name="org.la4j.matrix.dense.Basic2DMatrixTest#testRank_4x4"/>
            <test name="org.la4j.matrix.dense.Basic2DMatrixTest#testDeterminant"/>
            <test name="org.la4j.matrix.dense.Basic2DMatrixTest#testAdd"/>
            <test name="org.la4j.matrix.dense.Basic2DMatrixTest#testSwap_2x4"/>
            <test name="org.la4j.matrix.dense.Basic2DMatrixTest#testAccess_3x3"/>
            <test name="org.la4j.linear.SeidelSolverTest#testSolve"/>
            <test name="org.la4j.matrix.dense.Basic2DMatrixTest#testMultiply_4x4_4x4"/>
            <test name="org.la4j.factory.Basic2DFactoryTest#testCreateIdentityMatrix"/>
            <test name="org.la4j.factory.Basic2DFactoryTest#testCreateRandomSymmetricMatrix"/>
            <test name="org.la4j.matrix.dense.Basic2DMatrixTest#testMultiply_4x9_9x4"/>
            <test name="org.la4j.io.MatrixMarketStreamTest#testMatrix_3x1"/>
            <test name="org.la4j.matrix.dense.Basic2DMatrixTest#testRank_5x3"/>
            <test name="org.la4j.io.SymbolSeparatedStreamTest#testMatrix_1x1"/>
            <test name="org.la4j.matrix.dense.Basic2DMatrixTest#testColumnAccess_2x4"/>
            <test name="org.la4j.matrix.dense.Basic2DMatrixTest#testSwap_3x3"/>
            <test name="org.la4j.matrix.dense.Basic2DMatrixTest#testTriangle"/>
            <test name="org.la4j.io.SymbolSeparatedStreamTest#testMatrix_3x1"/>
            <test name="org.la4j.matrix.dense.Basic2DMatrixTest#testRank_3x3"/>
            <test name="org.la4j.matrix.source.MatrixSourcesTest#testRandomSymmetricSource"/>
            <test name="org.la4j.decomposition.QRDecompositorTest#testDecompose"/>
            <test name="org.la4j.matrix.dense.Basic2DMatrixTest#testSwap_5x3"/>
            <test name="org.la4j.matrix.dense.Basic2DMatrixTest#testResize_3x5_to_4x5_to_2x5"/>
          </method>
          <method complexity="1" end="77" name="set" start="74" visibility="public">
            <signature returnType="void">
              <parameter name="i" type="int"/>
              <parameter name="j" type="int"/>
              <parameter name="value" type="double"/>
            </signature>
            
            <test name="org.la4j.matrix.dense.Basic2DMatrixTest#testAssign_3x3"/>
            <test name="org.la4j.matrix.dense.Basic2DMatrixTest#testColumnAccess_5x3"/>
            <test name="org.la4j.matrix.dense.Basic2DMatrixTest#testMultiply_4x1_1x4"/>
            <test name="org.la4j.matrix.dense.Basic2DMatrixTest#testKronecker"/>
            <test name="org.la4j.matrix.dense.Basic2DMatrixTest#testRank_1x4"/>
            <test name="org.la4j.io.MatrixMarketStreamTest#testMatrix_3x3"/>
            <test name="org.la4j.decomposition.EigenDecompositorTest#testDecompose"/>
            <test name="org.la4j.matrix.dense.Basic2DMatrixTest#testTranspose_4x4"/>
            <test name="org.la4j.matrix.dense.Basic2DMatrixTest#testRowAccess_3x3"/>
            <test name="org.la4j.matrix.dense.Basic2DMatrixTest#testMultiply_2x2_2x2"/>
            <test name="org.la4j.linear.JacobiSolverTest#testSolve"/>
            <test name="org.la4j.matrix.dense.Basic2DMatrixTest#testMultiply_3x2_2x3"/>
            <test name="org.la4j.matrix.dense.Basic2DMatrixTest#testRank_2x4"/>
            <test name="org.la4j.io.SymbolSeparatedStreamTest#testMatrix_2x5"/>
            <test name="org.la4j.decomposition.LUDecompositorTest#testDecompose"/>
            <test name="org.la4j.matrix.dense.Basic2DMatrixTest#testColumnAccess_3x3"/>
            <test name="org.la4j.decomposition.CholeskyDecompositorTest#testDecompose"/>
            <test name="org.la4j.matrix.dense.Basic2DMatrixTest#testMultiply_1x10_10x1"/>
            <test name="org.la4j.io.MatrixMarketStreamTest#testMatrix_1x1"/>
            <test name="org.la4j.matrix.dense.Basic2DMatrixTest#testRank_4x4"/>
            <test name="org.la4j.inversion.GaussianInvertorTest#testInverse_4x4"/>
            <test name="org.la4j.linear.GaussianSolverTest#testSolve"/>
            <test name="org.la4j.matrix.dense.Basic2DMatrixTest#testAdd"/>
            <test name="org.la4j.matrix.dense.Basic2DMatrixTest#testAccess_3x3"/>
            <test name="org.la4j.linear.SeidelSolverTest#testSolve"/>
            <test name="org.la4j.io.MatrixMarketStreamTest#testMatrix_2x5"/>
            <test name="org.la4j.matrix.dense.Basic2DMatrixTest#testMultiply_4x4_4x4"/>
            <test name="org.la4j.matrix.dense.Basic2DMatrixTest#testMultiply_1x1_1x1"/>
            <test name="org.la4j.linear.SweepSolverTest#testSolve"/>
            <test name="org.la4j.matrix.dense.Basic2DMatrixTest#testMultiply_4x9_9x4"/>
            <test name="org.la4j.io.MatrixMarketStreamTest#testMatrix_3x1"/>
            <test name="org.la4j.matrix.dense.Basic2DMatrixTest#testSlice_4x4_to_2x2"/>
            <test name="org.la4j.matrix.dense.Basic2DMatrixTest#testRank_5x3"/>
            <test name="org.la4j.io.SymbolSeparatedStreamTest#testMatrix_1x1"/>
            <test name="org.la4j.io.SymbolSeparatedStreamTest#testMatrix_3x3"/>
            <test name="org.la4j.matrix.dense.Basic2DMatrixTest#testColumnAccess_2x4"/>
            <test name="org.la4j.matrix.dense.Basic2DMatrixTest#testTriangle"/>
            <test name="org.la4j.decomposition.SingularValueDecompositorTest#testDecompose"/>
            <test name="org.la4j.io.SymbolSeparatedStreamTest#testMatrix_3x1"/>
            <test name="org.la4j.matrix.dense.Basic2DMatrixTest#testRowAccess_2x4"/>
            <test name="org.la4j.matrix.dense.Basic2DMatrixTest#testRank_3x3"/>
            <test name="org.la4j.matrix.dense.Basic2DMatrixTest#testTranspose_6x5"/>
            <test name="org.la4j.matrix.dense.Basic2DMatrixTest#testDiv"/>
            <test name="org.la4j.linear.SquareRootSolverTest#testSolve"/>
            <test name="org.la4j.matrix.dense.Basic2DMatrixTest#testRowAccess_5x3"/>
            <test name="org.la4j.decomposition.QRDecompositorTest#testDecompose"/>
            <test name="org.la4j.matrix.dense.Basic2DMatrixTest#testSubtract"/>
          </method>
          <method complexity="2" end="86" name="swapRows" start="79" visibility="public">
            <signature returnType="void">
              <parameter name="i" type="int"/>
              <parameter name="j" type="int"/>
            </signature>
            
            
            
            
            
            <test name="org.la4j.matrix.dense.Basic2DMatrixTest#testRank_5x3"/>
            <test name="org.la4j.matrix.dense.Basic2DMatrixTest#testSwap_3x3"/>
            <test name="org.la4j.inversion.GaussianInvertorTest#testInverse_4x4"/>
            <test name="org.la4j.linear.GaussianSolverTest#testSolve"/>
            <test name="org.la4j.matrix.dense.Basic2DMatrixTest#testSwap_5x3"/>
            <test name="org.la4j.matrix.dense.Basic2DMatrixTest#testSwap_2x4"/>
          </method>
          <method complexity="3" end="97" name="swapColumns" start="88" visibility="public">
            <signature returnType="void">
              <parameter name="i" type="int"/>
              <parameter name="j" type="int"/>
            </signature>
            
            
            
            
            
            
            
            <test name="org.la4j.matrix.dense.Basic2DMatrixTest#testRank_5x3"/>
            <test name="org.la4j.matrix.dense.Basic2DMatrixTest#testSwap_3x3"/>
            <test name="org.la4j.matrix.dense.Basic2DMatrixTest#testRank_1x4"/>
            <test name="org.la4j.matrix.dense.Basic2DMatrixTest#testRank_4x4"/>
            <test name="org.la4j.matrix.dense.Basic2DMatrixTest#testSwap_5x3"/>
            <test name="org.la4j.matrix.dense.Basic2DMatrixTest#testSwap_2x4"/>
          </method>
          <method complexity="1" end="106" name="getRow" start="99" visibility="public">
            <signature returnType="Vector">
              <parameter name="i" type="int"/>
            </signature>
            
            
            
            <test name="org.la4j.matrix.dense.Basic2DMatrixTest#testMultiply_4x4_4x4"/>
            <test name="org.la4j.matrix.dense.Basic2DMatrixTest#testMultiply_4x1_1x4"/>
            <test name="org.la4j.matrix.dense.Basic2DMatrixTest#testMultiply_1x1_1x1"/>
            <test name="org.la4j.decomposition.EigenDecompositorTest#testDecompose"/>
            <test name="org.la4j.matrix.dense.Basic2DMatrixTest#testMultiply_4x9_9x4"/>
            <test name="org.la4j.matrix.dense.Basic2DMatrixTest#testRowAccess_3x3"/>
            <test name="org.la4j.matrix.dense.Basic2DMatrixTest#testMultiply_2x2_2x2"/>
            <test name="org.la4j.matrix.dense.Basic2DMatrixTest#testMultiply_3x2_2x3"/>
            <test name="org.la4j.decomposition.CholeskyDecompositorTest#testDecompose"/>
            <test name="org.la4j.matrix.dense.Basic2DMatrixTest#testRowAccess_2x4"/>
            <test name="org.la4j.matrix.dense.Basic2DMatrixTest#testMultiply_1x10_10x1"/>
            <test name="org.la4j.matrix.dense.Basic2DMatrixTest#testGetRow_4x4"/>
            <test name="org.la4j.matrix.dense.Basic2DMatrixTest#testRowAccess_5x3"/>
            <test name="org.la4j.inversion.GaussianInvertorTest#testInverse_4x4"/>
          </method>
          <method complexity="1" end="111" name="copy" start="108" visibility="public">
            <signature returnType="Matrix"/>
            
            <test name="org.la4j.linear.SeidelSolverTest#testSolve"/>
            <test name="org.la4j.linear.JacobiSolverTest#testSolve"/>
            <test name="org.la4j.matrix.dense.Basic2DMatrixTest#testCopy"/>
            <test name="org.la4j.decomposition.LUDecompositorTest#testDecompose"/>
            <test name="org.la4j.decomposition.SingularValueDecompositorTest#testDecompose"/>
            <test name="org.la4j.decomposition.QRDecompositorTest#testDecompose"/>
[...]
            
            
            
            
            <test name="org.la4j.inversion.GaussianInvertorTest#testInverse_4x4"/>
            <test name="org.la4j.linear.GaussianSolverTest#testSolve"/>
          </method>
          <method complexity="1" end="138" name="suitableFor" start="135" visibility="public">
            <signature returnType="boolean">
              <parameter name="linearSystem" type="LinearSystem"/>
            </signature>
            
            <test name="org.la4j.inversion.GaussianInvertorTest#testInverse_4x4"/>
            <test name="org.la4j.linear.GaussianSolverTest#testSolve"/>
          </method>
        </class>
      </file>
      <file name="JacobiSolver.java" path="D:\AllMutants\la4j\ecf6b63e657be23543a422c44ac0ee3ce10695a8\src\main\java\org\la4j\linear\JacobiSolver.java">
        <metrics classes="1" complexity="16" conditionals="26" coveredConditionals="24" coveredElements="56" coveredMethods="2" coveredStatements="30" elements="60" loc="126" methods="2" notCoveredLoc="60" statements="32"/>
        <class endLine="126" name="JacobiSolver" startLine="35">
          <metrics complexity="16" conditionals="26" coveredConditionals="24" coveredElements="56" coveredMethods="2" coveredStatements="30" elements="60" methods="2" statements="32"/>
          <method complexity="11" end="99" name="solve" start="52" visibility="public">
            <signature returnType="Vector">
              <parameter name="linearSystem" type="LinearSystem"/>
              <parameter name="factory" type="Factory"/>
            </signature>
            
            
            
            
            
            
            
            
            
            
            
            
            
            
            
            
            
            
            
            
            
            
            
            
            
            
            
            
            
            
            
            
            <test name="org.la4j.linear.JacobiSolverTest#testSolve"/>
          </method>
          <method complexity="5" end="125" name="suitableFor" start="106" visibility="public">
            <signature returnType="boolean">
              <parameter name="linearSystem" type="LinearSystem"/>
            </signature>
            
            
            
            
            
            
            
            
            
            
            
            
            
            <test name="org.la4j.linear.SeidelSolverTest#testSolve"/>
            <test name="org.la4j.linear.JacobiSolverTest#testSolve"/>
            <test name="org.la4j.inversion.GaussianInvertorTest#testInverse_4x4"/>
            <test name="org.la4j.linear.GaussianSolverTest#testSolve"/>
          </method>
        </class>
      </file>
      <file name="LinearSystem.java" path="D:\AllMutants\la4j\ecf6b63e657be23543a422c44ac0ee3ce10695a8\src\main\java\org\la4j\linear\LinearSystem.java">
        <metrics classes="1" complexity="22" conditionals="10" coveredConditionals="7" coveredElements="44" coveredMethods="11" coveredStatements="26" elements="70" loc="178" methods="17" notCoveredLoc="112" statements="43"/>
        <class endLine="178" name="LinearSystem" startLine="39">
          <metrics complexity="22" conditionals="10" coveredConditionals="7" coveredElements="44" coveredMethods="11" coveredStatements="26" elements="70" methods="17" statements="43"/>
          <method complexity="1" end="60" name="LinearSystem" start="58" visibility="public">
            <signature>
              <parameter name="a" type="Matrix"/>
              <parameter name="b" type="Vector"/>
            </signature>
            
            <test name="org.la4j.linear.SeidelSolverTest#testSolve"/>
            <test name="org.la4j.linear.JacobiSolverTest#testSolve"/>
            <test name="org.la4j.linear.SquareRootSolverTest#testSolve"/>
            <test name="org.la4j.linear.SweepSolverTest#testSolve"/>
            <test name="org.la4j.linear.GaussianSolverTest#testSolve"/>
          </method>
          <method complexity="1" end="64" name="LinearSystem" start="62" visibility="public">
            <signature>
              <parameter name="a" type="Matrix"/>
              <parameter name="b" type="Vector"/>
              <parameter name="factory" type="Factory"/>
            </signature>
            
            <test name="org.la4j.inversion.GaussianInvertorTest#testInverse_4x4"/>
          </method>
          <method complexity="1" end="68" name="LinearSystem" start="66" visibility="public">
            <signature>
              <parameter name="a" type="Matrix"/>
              <parameter name="b" type="Vector"/>
              <parameter name="solver" type="LinearSystemSolver"/>
            </signature>
            
          </method>
          <method complexity="2" end="86" name="LinearSystem" start="70" visibility="public">
            <signature>
              <parameter name="a" type="Matrix"/>
              <parameter name="b" type="Vector"/>
              <parameter name="factory" type="Factory"/>
              <parameter name="solver" type="LinearSystemSolver"/>
            </signature>
            
            
            
            
            
            
            
            
            
            <test name="org.la4j.linear.SeidelSolverTest#testSolve"/>
            <test name="org.la4j.linear.JacobiSolverTest#testSolve"/>
            <test name="org.la4j.linear.SquareRootSolverTest#testSolve"/>
            <test name="org.la4j.linear.SweepSolverTest#testSolve"/>
            <test name="org.la4j.inversion.GaussianInvertorTest#testInverse_4x4"/>
            <test name="org.la4j.linear.GaussianSolverTest#testSolve"/>
          </method>
          <method complexity="1" end="90" name="equations" start="88" visibility="public">
            <signature returnType="int"/>
            
          </method>
          <method complexity="1" end="94" name="variables" start="92" visibility="public">
            <signature returnType="int"/>
            
            <test name="org.la4j.linear.SeidelSolverTest#testSolve"/>
            <test name="org.la4j.linear.JacobiSolverTest#testSolve"/>
            <test name="org.la4j.linear.SquareRootSolverTest#testSolve"/>
            <test name="org.la4j.linear.SweepSolverTest#testSolve"/>
            <test name="org.la4j.inversion.GaussianInvertorTest#testInverse_4x4"/>
            <test name="org.la4j.linear.GaussianSolverTest#testSolve"/>
          </method>
          <method complexity="1" end="98" name="coefficientsMatrix" start="96" visibility="public">
            <signature returnType="Matrix"/>
            
            <test name="org.la4j.linear.SeidelSolverTest#testSolve"/>
            <test name="org.la4j.linear.JacobiSolverTest#testSolve"/>
            <test name="org.la4j.linear.SquareRootSolverTest#testSolve"/>
            <test name="org.la4j.linear.SweepSolverTest#testSolve"/>
            <test name="org.la4j.inversion.GaussianInvertorTest#testInverse_4x4"/>
            <test name="org.la4j.linear.GaussianSolverTest#testSolve"/>
          </method>
          <method complexity="1" end="102" name="rightHandVector" start="100" visibility="public">
            <signature returnType="Vector"/>
            
            <test name="org.la4j.linear.SeidelSolverTest#testSolve"/>
            <test name="org.la4j.linear.JacobiSolverTest#testSolve"/>
            <test name="org.la4j.linear.SquareRootSolverTest#testSolve"/>
            <test name="org.la4j.linear.SweepSolverTest#testSolve"/>
            <test name="org.la4j.inversion.GaussianInvertorTest#testInverse_4x4"/>
            <test name="org.la4j.linear.GaussianSolverTest#testSolve"/>
          </method>
          <method complexity="1" end="106" name="solve" start="104" visibility="public">
            <signature returnType="Vector"/>
            
          </method>
          <method complexity="1" end="110" name="solve" start="108" visibility="public">
            <signature returnType="Vector">
              <parameter name="factory" type="Factory"/>
            </signature>
            
          </method>
          <method complexity="1" end="114" name="solve" start="112" visibility="public">
            <signature returnType="Vector">
              <parameter name="solver" type="LinearSystemSolver"/>
            </signature>
            
            <test name="org.la4j.linear.SeidelSolverTest#testSolve"/>
            <test name="org.la4j.linear.JacobiSolverTest#testSolve"/>
            <test name="org.la4j.linear.SquareRootSolverTest#testSolve"/>
            <test name="org.la4j.linear.SweepSolverTest#testSolve"/>
            <test name="org.la4j.inversion.GaussianInvertorTest#testInverse_4x4"/>
            <test name="org.la4j.linear.GaussianSolverTest#testSolve"/>
          </method>
          <method complexity="1" end="118" name="solve" start="116" visibility="public">
            <signature returnType="Vector">
              <parameter name="solver" type="LinearSystemSolver"/>
              <parameter name="factory" type="Factory"/>
            </signature>
            
            <test name="org.la4j.linear.SeidelSolverTest#testSolve"/>
            <test name="org.la4j.linear.JacobiSolverTest#testSolve"/>
            <test name="org.la4j.linear.SquareRootSolverTest#testSolve"/>
            <test name="org.la4j.linear.SweepSolverTest#testSolve"/>
            <test name="org.la4j.inversion.GaussianInvertorTest#testInverse_4x4"/>
            <test name="org.la4j.linear.GaussianSolverTest#testSolve"/>
          </method>
          <method complexity="4" end="141" name="isSolution" start="123" visibility="public">
            <signature returnType="boolean">
              <parameter name="vector" type="Vector"/>
            </signature>
            
            
            
            
            
            
            
            
            
            
            
            
            <test name="org.la4j.linear.SeidelSolverTest#testSolve"/>
            <test name="org.la4j.linear.JacobiSolverTest#testSolve"/>
            <test name="org.la4j.linear.SquareRootSolverTest#testSolve"/>
            <test name="org.la4j.linear.SweepSolverTest#testSolve"/>
            <test name="org.la4j.linear.GaussianSolverTest#testSolve"/>
          </method>
          <method complexity="1" end="145" name="innacary" start="143" visibility="private">
            <signature returnType="Vector">
              <parameter name="vector" type="Vector"/>
            </signature>
            
            <test name="org.la4j.linear.SeidelSolverTest#testSolve"/>
            <test name="org.la4j.linear.JacobiSolverTest#testSolve"/>
            <test name="org.la4j.linear.SquareRootSolverTest#testSolve"/>
            <test name="org.la4j.linear.SweepSolverTest#testSolve"/>
            <test name="org.la4j.linear.GaussianSolverTest#testSolve"/>
          </method>
          <method complexity="2" end="155" name="chooseEffectiveSolver" start="147" visibility="private">
            <signature returnType="LinearSystemSolver"/>
            
            
            
            
            
            <test name="org.la4j.linear.SeidelSolverTest#testSolve"/>
            <test name="org.la4j.linear.JacobiSolverTest#testSolve"/>
            <test name="org.la4j.linear.SquareRootSolverTest#testSolve"/>
            <test name="org.la4j.linear.SweepSolverTest#testSolve"/>
            <test name="org.la4j.inversion.GaussianInvertorTest#testInverse_4x4"/>
            <test name="org.la4j.linear.GaussianSolverTest#testSolve"/>
          </method>
          <method complexity="1" end="168" name="readExternal" start="157" visibility="public">
            <signature returnType="void">
              <parameter name="in" type="ObjectInput"/>
            </signature>
            
            
            
            
            
            
          </method>
          <method complexity="1" end="177" name="writeExternal" start="170" visibility="public">
            <signature returnType="void">
              <parameter name="out" type="ObjectOutput"/>
            </signature>
            
            
            
            
          </method>
        </class>
      </file>
      <file name="LinearSystemSolver.java" path="D:\AllMutants\la4j\ecf6b63e657be23543a422c44ac0ee3ce10695a8\src\main\java\org\la4j\linear\LinearSystemSolver.java">
        <metrics classes="1" complexity="0" conditionals="0" coveredConditionals="0" coveredElements="0" coveredMethods="0" coveredStatements="0" elements="0" loc="48" methods="0" notCoveredLoc="8" statements="0"/>
        <class endLine="48" name="LinearSystemSolver" startLine="33">
          <metrics complexity="0" conditionals="0" coveredConditionals="0" coveredElements="0" coveredMethods="0" coveredStatements="0" elements="0" methods="0" statements="0"/>
        </class>
      </file>
      <file name="SeidelSolver.java" path="D:\AllMutants\la4j\ecf6b63e657be23543a422c44ac0ee3ce10695a8\src\main\java\org\la4j\linear\SeidelSolver.java">
        <metrics classes="1" complexity="16" conditionals="26" coveredConditionals="24" coveredElements="54" coveredMethods="2" coveredStatements="28" elements="58" loc="123" methods="2" notCoveredLoc="58" statements="30"/>
        <class endLine="123" name="SeidelSolver" startLine="34">
          <metrics complexity="16" conditionals="26" coveredConditionals="24" coveredElements="54" coveredMethods="2" coveredStatements="28" elements="58" methods="2" statements="30"/>
          <method complexity="11" end="95" name="solve" start="52" visibility="public">
            <signature returnType="Vector">
              <parameter name="linearSystem" type="LinearSystem"/>
              <parameter name="factory" type="Factory"/>
            </signature>
            
            
            
            
            
            
            
            
            
            
            
            
            
            
            
            
            
            
            
            
            
            
            
            
            
            
            
            
            
            
            <test name="org.la4j.linear.SeidelSolverTest#testSolve"/>
          </method>
          <method complexity="5" end="122" name="suitableFor" start="102" visibility="public">
            <signature returnType="boolean">
              <parameter name="linearSystem" type="LinearSystem"/>
            </signature>
            
            
            
            
            
            
            
            
            
            
            
            
            
            <test name="org.la4j.linear.SeidelSolverTest#testSolve"/>
            <test name="org.la4j.inversion.GaussianInvertorTest#testInverse_4x4"/>
            <test name="org.la4j.linear.GaussianSolverTest#testSolve"/>
          </method>
        </class>
      </file>
      <file name="SquareRootSolver.java" path="D:\AllMutants\la4j\ecf6b63e657be23543a422c44ac0ee3ce10695a8\src\main\java\org\la4j\linear\SquareRootSolver.java">
        <metrics classes="1" complexity="12" conditionals="20" coveredConditionals="18" coveredElements="55" coveredMethods="2" coveredStatements="35" elements="59" loc="133" methods="2" notCoveredLoc="64" statements="37"/>
        <class endLine="133" name="SquareRootSolver" startLine="34">
          <metrics complexity="12" conditionals="20" coveredConditionals="18" coveredElements="55" coveredMethods="2" coveredStatements="35" elements="59" methods="2" statements="37"/>
          <method complexity="11" end="120" name="solve" start="49" visibility="public">
            <signature returnType="Vector">
              <parameter name="linearSystem" type="LinearSystem"/>
              <parameter name="factory" type="Factory"/>
            </signature>
            
            
            
            
            
            
            
            
            
            
            
            
            
            
            
            
            
            
            
            
            
            
            
            
            
            
            
            
            
            
            
            
            
            
            
            
            
            
            
            
            
            
            
            
            
            
            <test name="org.la4j.linear.SquareRootSolverTest#testSolve"/>
          </method>
          <method complexity="1" end="132" name="suitableFor" start="129" visibility="public">
            <signature returnType="boolean">
              <parameter name="linearSystem" type="LinearSystem"/>
            </signature>
            
            <test name="org.la4j.linear.SquareRootSolverTest#testSolve"/>
            <test name="org.la4j.inversion.GaussianInvertorTest#testInverse_4x4"/>
            <test name="org.la4j.linear.GaussianSolverTest#testSolve"/>
          </method>
        </class>
      </file>
      <file name="SweepSolver.java" path="D:\AllMutants\la4j\ecf6b63e657be23543a422c44ac0ee3ce10695a8\src\main\java\org\la4j\linear\SweepSolver.java">
        <metrics classes="1" complexity="12" conditionals="20" coveredConditionals="15" coveredElements="39" coveredMethods="2" coveredStatements="22" elements="52" loc="120" methods="2" notCoveredLoc="56" statements="30"/>
        <class endLine="120" name="SweepSolver" startLine="35">
          <metrics complexity="12" conditionals="20" coveredConditionals="15" coveredElements="39" coveredMethods="2" coveredStatements="22" elements="52" methods="2" statements="30"/>
          <method complexity="11" end="108" name="solve" start="51" visibility="public">
            <signature returnType="Vector">
              <parameter name="linearSystem" type="LinearSystem"/>
              <parameter name="factory" type="Factory"/>
            </signature>
            
            
            
            
            
            
            
            
            
            
            
            
            
            
            
            
            
            
            
            
            
            
            
            
            
            
            
            
            
            
            
            
            
            
            
            
            
            
            
            <test name="org.la4j.linear.SweepSolverTest#testSolve"/>
          </method>
          <method complexity="1" end="119" name="suitableFor" start="115" visibility="public">
            <signature returnType="boolean">
              <parameter name="linearSystem" type="LinearSystem"/>
            </signature>
            
            <test name="org.la4j.linear.SeidelSolverTest#testSolve"/>
            <test name="org.la4j.linear.JacobiSolverTest#testSolve"/>
            <test name="org.la4j.linear.SquareRootSolverTest#testSolve"/>
            <test name="org.la4j.linear.SweepSolverTest#testSolve"/>
            <test name="org.la4j.inversion.GaussianInvertorTest#testInverse_4x4"/>
            <test name="org.la4j.linear.GaussianSolverTest#testSolve"/>
          </method>
        </class>
      </file>
    </package>
  </project>
  <testproject/>
</coverage>