<?xml version="1.0" encoding="UTF-8" standalone="no"?><coverage generated="1673102241888" version="4.1.2">
  <project timestamp="1664987579201">
    <metrics classes="136" complexity="1424" conditionals="1298" coveredConditionals="847" coveredElements="3447" coveredMethods="468" coveredStatements="2132" elements="5079" files="108" loc="13208" methods="722" notCoveredLoc="7482" packages="15" statements="3059"/>
    <package name="org.la4j.matrix.dense">
      <metrics classes="8" complexity="89" conditionals="78" coveredConditionals="57" coveredElements="215" coveredMethods="36" coveredStatements="122" elements="260" files="8" loc="653" methods="41" notCoveredLoc="362" statements="141"/>
      <file name="AbstractBasicMatrix.java" path="D:\AllMutants\la4j\7bd1091083e7440831d1eab75be76d1b41acf7a6\src\main\java\org\la4j\matrix\dense\AbstractBasicMatrix.java">
        <metrics classes="1" complexity="15" conditionals="14" coveredConditionals="1" coveredElements="6" coveredMethods="2" coveredStatements="3" elements="34" loc="82" methods="5" notCoveredLoc="47" statements="15"/>
        <class endLine="82" name="AbstractBasicMatrix" startLine="28">
          <metrics complexity="15" conditionals="14" coveredConditionals="1" coveredElements="6" coveredMethods="2" coveredStatements="3" elements="34" methods="5" statements="15"/>
          <method complexity="1" end="35" name="AbstractBasicMatrix" start="33" visibility="public">
            <signature>
              <parameter name="factory" type="Factory"/>
            </signature>
            
          </method>
          <method complexity="1" end="39" name="AbstractBasicMatrix" start="37" visibility="public">
            <signature>
              <parameter name="factory" type="Factory"/>
              <parameter name="rows" type="int"/>
              <parameter name="columns" type="int"/>
            </signature>
            
            <test name="org.la4j.matrix.dense.Basic1DMatrixTest#testRowAccess_3x3"/>
            <test name="org.la4j.io.MatrixMarketStreamTest#testMatrix_3x1"/>
            <test name="org.la4j.matrix.dense.Basic2DMatrixTest#testDiv"/>
            <test name="org.la4j.linear.SeidelSolverTest#testSolve"/>
            <test name="org.la4j.linear.SweepSolverTest#testSolve"/>
            <test name="org.la4j.factory.Basic2DFactoryTest#testCreateMatrixFromArray"/>
            <test name="org.la4j.linear.GaussianSolverTest#testSolve"/>
            <test name="org.la4j.matrix.dense.Basic1DMatrixTest#testTriangle"/>
            <test name="org.la4j.matrix.dense.Basic1DMatrixTest#testRank_5x3"/>
            <test name="org.la4j.matrix.dense.Basic1DMatrixTest#testMultiply_3x2_2x3"/>
            <test name="org.la4j.matrix.dense.Basic1DMatrixTest#testRowAccess_2x4"/>
            <test name="org.la4j.io.SymbolSeparatedStreamTest#testMatrix_3x1"/>
            <test name="org.la4j.matrix.dense.Basic2DMatrixTest#testDeterminant"/>
            <test name="org.la4j.matrix.dense.Basic1DMatrixTest#testColumnAccess_3x3"/>
            <test name="org.la4j.matrix.dense.Basic2DMatrixTest#testMultiply_4x9_9x4"/>
            <test name="org.la4j.matrix.dense.Basic2DMatrixTest#testRank_5x3"/>
            <test name="org.la4j.matrix.dense.Basic1DMatrixTest#testToArray"/>
            <test name="org.la4j.factory.Basic2DFactoryTest#testCreateMatrix"/>
            <test name="org.la4j.matrix.dense.Basic2DMatrixTest#testProduct"/>
            <test name="org.la4j.inversion.GaussianInvertorTest#testInverse_4x4"/>
            <test name="org.la4j.io.MatrixMarketStreamTest#testMatrix_2x5"/>
            <test name="org.la4j.decomposition.CholeskyDecompositorTest#testDecompose"/>
            <test name="org.la4j.linear.SquareRootSolverTest#testSolve"/>
            <test name="org.la4j.matrix.dense.Basic1DMatrixTest#testRank_3x3"/>
            <test name="org.la4j.matrix.dense.Basic2DMatrixTest#testSwap_2x4"/>
            <test name="org.la4j.matrix.dense.Basic2DMatrixTest#testRank_1x4"/>
            <test name="org.la4j.matrix.dense.Basic1DMatrixTest#testRowAccess_5x3"/>
            <test name="org.la4j.matrix.dense.Basic1DMatrixTest#testTranspose_4x4"/>
            <test name="org.la4j.io.SymbolSeparatedStreamTest#testMatrix_1x1"/>
            <test name="org.la4j.matrix.dense.Basic2DMatrixTest#testMultiply_2x2_2x2"/>
            <test name="org.la4j.matrix.dense.Basic2DMatrixTest#testColumnAccess_5x3"/>
            <test name="org.la4j.matrix.dense.Basic1DMatrixTest#testSwap_5x3"/>
            <test name="org.la4j.matrix.dense.Basic2DMatrixTest#testRank_2x4"/>
            <test name="org.la4j.matrix.dense.Basic1DMatrixTest#testResize_2x3_to_3x4_to_1x2"/>
            <test name="org.la4j.matrix.dense.Basic2DMatrixTest#testRank_4x4"/>
            <test name="org.la4j.matrix.dense.Basic1DMatrixTest#testMultiply_1x10_10x1"/>
            <test name="org.la4j.matrix.dense.Basic2DMatrixTest#testMultiply_4x4_4x4"/>
            <test name="org.la4j.matrix.dense.Basic1DMatrixTest#testDiv"/>
            <test name="org.la4j.factory.Basic2DFactoryTest#testCreateRandomSymmetricMatrix"/>
            <test name="org.la4j.matrix.dense.Basic1DMatrixTest#testSwap_3x3"/>
            <test name="org.la4j.matrix.dense.Basic2DMatrixTest#testResize_2x3_to_3x4_to_1x2"/>
            <test name="org.la4j.matrix.dense.Basic1DMatrixTest#testColumnAccess_2x4"/>
            <test name="org.la4j.matrix.dense.Basic1DMatrixTest#testCopy"/>
            <test name="org.la4j.matrix.dense.Basic1DMatrixTest#testSubtract"/>
            <test name="org.la4j.matrix.dense.Basic2DMatrixTest#testTrace"/>
            <test name="org.la4j.decomposition.EigenDecompositorTest#testDecompose"/>
            <test name="org.la4j.factory.Basic2DFactoryTest#testCreateIdentityMatrix"/>
            <test name="org.la4j.matrix.dense.Basic2DMatrixTest#testResize_3x3_to_4x4_to_2x2"/>
            <test name="org.la4j.matrix.dense.Basic1DMatrixTest#testTranspose_6x5"/>
            <test name="org.la4j.matrix.dense.Basic2DMatrixTest#testResize_3x5_to_4x5_to_2x5"/>
            <test name="org.la4j.io.SymbolSeparatedStreamTest#testMatrix_2x5"/>
            <test name="org.la4j.io.MatrixMarketStreamTest#testMatrix_3x3"/>
            <test name="org.la4j.matrix.dense.Basic2DMatrixTest#testMultiply_1x10_10x1"/>
            <test name="org.la4j.matrix.dense.Basic1DMatrixTest#testMultiply_4x4_4x4"/>
            <test name="org.la4j.matrix.dense.Basic2DMatrixTest#testToArray"/>
            <test name="org.la4j.matrix.dense.Basic2DMatrixTest#testAssign_3x3"/>
            <test name="org.la4j.matrix.dense.Basic1DMatrixTest#testAccess_3x3"/>
            <test name="org.la4j.matrix.dense.Basic2DMatrixTest#testTranspose_6x5"/>
            <test name="org.la4j.matrix.dense.Basic1DMatrixTest#testDeterminant"/>
            <test name="org.la4j.matrix.dense.Basic2DMatrixTest#testRowAccess_3x3"/>
            <test name="org.la4j.matrix.dense.Basic1DMatrixTest#testColumnAccess_5x3"/>
            <test name="org.la4j.matrix.dense.Basic2DMatrixTest#testSwap_3x3"/>
            <test name="org.la4j.decomposition.SingularValueDecompositorTest#testDecompose"/>
            <test name="org.la4j.matrix.dense.Basic2DMatrixTest#testSwap_5x3"/>
            <test name="org.la4j.matrix.dense.Basic1DMatrixTest#testMultiply_4x1_1x4"/>
            <test name="org.la4j.matrix.dense.Basic2DMatrixTest#testRank_nullMatrix"/>
            <test name="org.la4j.matrix.dense.Basic1DMatrixTest#testRank_emptyMatrix"/>
            <test name="org.la4j.decomposition.QRDecompositorTest#testDecompose"/>
            <test name="org.la4j.linear.JacobiSolverTest#testSolve"/>
            <test name="org.la4j.matrix.dense.Basic1DMatrixTest#testMultiply_2x2_2x2"/>
            <test name="org.la4j.matrix.dense.Basic1DMatrixTest#testResize_2x3_to_2x4_to_2x1"/>
            <test name="org.la4j.matrix.source.MatrixSourcesTest#testIdentityMatrixSource"/>
            <test name="org.la4j.matrix.dense.Basic2DMatrixTest#testSubtract"/>
            <test name="org.la4j.io.MatrixMarketStreamTest#testMatrix_0x0"/>
            <test name="org.la4j.matrix.dense.Basic2DMatrixTest#testRank_3x3"/>
            <test name="org.la4j.matrix.dense.Basic2DMatrixTest#testRowAccess_2x4"/>
            <test name="org.la4j.matrix.dense.Basic2DMatrixTest#testColumnAccess_2x4"/>
            <test name="org.la4j.factory.Basic1DFactoryTest#testCreateMatrixFromArray"/>
            <test name="org.la4j.matrix.dense.Basic1DMatrixTest#testMultiply_1x1_1x1"/>
            <test name="org.la4j.matrix.dense.Basic2DMatrixTest#testColumnAccess_3x3"/>
            <test name="org.la4j.matrix.dense.Basic2DMatrixTest#testResize_2x3_to_2x4_to_2x1"/>
            <test name="org.la4j.matrix.dense.Basic2DMatrixTest#testAccess_3x3"/>
            <test name="org.la4j.matrix.dense.Basic2DMatrixTest#testBlank"/>
            <test name="org.la4j.io.MatrixMarketStreamTest#testMatrix_1x1"/>
            <test name="org.la4j.matrix.dense.Basic1DMatrixTest#testBlank"/>
            <test name="org.la4j.matrix.dense.Basic2DMatrixTest#testRowAccess_5x3"/>
            <test name="org.la4j.matrix.dense.Basic2DMatrixTest#testAdd"/>
            <test name="org.la4j.io.SymbolSeparatedStreamTest#testMatrix_3x3"/>
            <test name="org.la4j.matrix.dense.Basic1DMatrixTest#testAssign_3x3"/>
            <test name="org.la4j.matrix.source.MatrixSourcesTest#testRandomSymmetricSource"/>
            <test name="org.la4j.matrix.dense.Basic1DMatrixTest#testResize_3x5_to_4x5_to_2x5"/>
            <test name="org.la4j.matrix.dense.Basic1DMatrixTest#testRank_1x4"/>
            <test name="org.la4j.matrix.dense.Basic2DMatrixTest#testSerialization"/>
            <test name="org.la4j.matrix.dense.Basic2DMatrixTest#testMultiply_1x1_1x1"/>
            <test name="org.la4j.matrix.dense.Basic1DMatrixTest#testAdd"/>
            <test name="org.la4j.matrix.dense.Basic2DMatrixTest#testRank_emptyMatrix"/>
            <test name="org.la4j.matrix.dense.Basic1DMatrixTest#testMultiply_4x9_9x4"/>
            <test name="org.la4j.matrix.dense.Basic1DMatrixTest#testRank_4x4"/>
            <test name="org.la4j.matrix.dense.Basic1DMatrixTest#testSwap_2x4"/>
            <test name="org.la4j.matrix.dense.Basic1DMatrixTest#testTrace"/>
            <test name="org.la4j.matrix.dense.Basic1DMatrixTest#testSerialization"/>
            <test name="org.la4j.factory.Basic1DFactoryTest#testCreateRandomSymmetricMatrix"/>
            <test name="org.la4j.matrix.dense.Basic2DMatrixTest#testMultiply_3x2_2x3"/>
            <test name="org.la4j.matrix.dense.Basic1DMatrixTest#testProduct"/>
            <test name="org.la4j.io.SymbolSeparatedStreamTest#testMatrix_0x0"/>
            <test name="org.la4j.matrix.dense.Basic2DMatrixTest#testTriangle"/>
            <test name="org.la4j.matrix.dense.Basic2DMatrixTest#testMultiply_4x1_1x4"/>
            <test name="org.la4j.matrix.dense.Basic1DMatrixTest#testResize_3x3_to_4x4_to_2x2"/>
            <test name="org.la4j.decomposition.LUDecompositorTest#testDecompose"/>
            <test name="org.la4j.matrix.dense.Basic1DMatrixTest#testRank_nullMatrix"/>
            <test name="org.la4j.factory.Basic1DFactoryTest#testCreateMatrix"/>
            <test name="org.la4j.matrix.dense.Basic2DMatrixTest#testTranspose_4x4"/>
            <test name="org.la4j.matrix.dense.Basic1DMatrixTest#testRank_2x4"/>
            <test name="org.la4j.matrix.dense.Basic2DMatrixTest#testCopy"/>
            <test name="org.la4j.factory.Basic1DFactoryTest#testCreateIdentityMatrix"/>
          </method>
          <method complexity="5" end="52" name="multiply" start="41" visibility="public">
            <signature returnType="Matrix">
              <parameter name="matrix" type="Matrix"/>
              <parameter name="factory" type="Factory"/>
            </signature>
            
            
            
            
            <test name="org.la4j.matrix.dense.Basic1DMatrixTest#testMultiply_4x1_1x4"/>
            <test name="org.la4j.matrix.dense.Basic2DMatrixTest#testMultiply_1x10_10x1"/>
            <test name="org.la4j.matrix.dense.Basic2DMatrixTest#testMultiply_2x2_2x2"/>
            <test name="org.la4j.matrix.dense.Basic1DMatrixTest#testMultiply_2x2_2x2"/>
            <test name="org.la4j.matrix.dense.Basic1DMatrixTest#testMultiply_4x4_4x4"/>
            <test name="org.la4j.matrix.dense.Basic2DMatrixTest#testMultiply_3x2_2x3"/>
            <test name="org.la4j.matrix.dense.Basic2DMatrixTest#testMultiply_4x9_9x4"/>
            <test name="org.la4j.matrix.dense.Basic2DMatrixTest#testMultiply_4x1_1x4"/>
            <test name="org.la4j.matrix.dense.Basic2DMatrixTest#testMultiply_1x1_1x1"/>
            <test name="org.la4j.inversion.GaussianInvertorTest#testInverse_4x4"/>
            <test name="org.la4j.decomposition.EigenDecompositorTest#testDecompose"/>
            <test name="org.la4j.matrix.dense.Basic1DMatrixTest#testMultiply_1x10_10x1"/>
            <test name="org.la4j.matrix.dense.Basic1DMatrixTest#testMultiply_1x1_1x1"/>
            <test name="org.la4j.matrix.dense.Basic2DMatrixTest#testMultiply_4x4_4x4"/>
            <test name="org.la4j.matrix.dense.Basic1DMatrixTest#testMultiply_3x2_2x3"/>
            <test name="org.la4j.matrix.dense.Basic1DMatrixTest#testMultiply_4x9_9x4"/>
          </method>
          <method complexity="7" end="76" name="multiplyBlockedWith64" start="54" visibility="private">
            <signature returnType="Matrix">
              <parameter name="matrix" type="Matrix"/>
              <parameter name="factory" type="Factory"/>
            </signature>
            
            
            
            
            
            
            
            
            
            
            
            
            
            
            
          </method>
          <method complexity="1" end="81" name="safe" start="78" visibility="public">
            <signature returnType="Matrix"/>
            
          </method>
        </class>
      </file>
      <file name="Basic1DMatrix.java" path="D:\AllMutants\la4j\7bd1091083e7440831d1eab75be76d1b41acf7a6\src\main\java\org\la4j\matrix\dense\Basic1DMatrix.java">
        <metrics classes="1" complexity="34" conditionals="32" coveredConditionals="28" coveredElements="103" coveredMethods="15" coveredStatements="60" elements="109" loc="193" methods="15" notCoveredLoc="132" statements="62"/>
        <class endLine="193" name="Basic1DMatrix" startLine="35">
          <metrics complexity="34" conditionals="32" coveredConditionals="28" coveredElements="103" coveredMethods="15" coveredStatements="60" elements="109" methods="15" statements="62"/>
          <method complexity="1" end="43" name="Basic1DMatrix" start="41" visibility="public">
            <signature/>
            
            <test name="org.la4j.matrix.dense.Basic1DMatrixTest#testSerialization"/>
            <test name="org.la4j.factory.Basic1DFactoryTest#testCreateMatrix"/>
          </method>
          <method complexity="1" end="47" name="Basic1DMatrix" start="45" visibility="public">
            <signature>
              <parameter name="matrix" type="Matrix"/>
            </signature>
            
            <test name="org.la4j.linear.GaussianSolverTest#testSolve"/>
            <test name="org.la4j.linear.SeidelSolverTest#testSolve"/>
            <test name="org.la4j.decomposition.LUDecompositorTest#testDecompose"/>
            <test name="org.la4j.inversion.GaussianInvertorTest#testInverse_4x4"/>
            <test name="org.la4j.decomposition.QRDecompositorTest#testDecompose"/>
            <test name="org.la4j.decomposition.EigenDecompositorTest#testDecompose"/>
            <test name="org.la4j.linear.JacobiSolverTest#testSolve"/>
            <test name="org.la4j.matrix.dense.Basic1DMatrixTest#testTriangle"/>
            <test name="org.la4j.matrix.dense.Basic1DMatrixTest#testCopy"/>
            <test name="org.la4j.decomposition.SingularValueDecompositorTest#testDecompose"/>
          </method>
          <method complexity="3" end="57" name="Basic1DMatrix" start="49" visibility="public">
            <signature>
              <parameter name="source" type="MatrixSource"/>
            </signature>
            
            
            
            
            
            
            <test name="org.la4j.linear.GaussianSolverTest#testSolve"/>
            <test name="org.la4j.linear.SeidelSolverTest#testSolve"/>
            <test name="org.la4j.decomposition.LUDecompositorTest#testDecompose"/>
            <test name="org.la4j.inversion.GaussianInvertorTest#testInverse_4x4"/>
            <test name="org.la4j.decomposition.QRDecompositorTest#testDecompose"/>
            <test name="org.la4j.decomposition.EigenDecompositorTest#testDecompose"/>
            <test name="org.la4j.linear.JacobiSolverTest#testSolve"/>
            <test name="org.la4j.matrix.dense.Basic1DMatrixTest#testTriangle"/>
            <test name="org.la4j.matrix.source.MatrixSourcesTest#testRandomSymmetricSource"/>
            <test name="org.la4j.matrix.dense.Basic1DMatrixTest#testCopy"/>
            <test name="org.la4j.matrix.source.MatrixSourcesTest#testIdentityMatrixSource"/>
            <test name="org.la4j.decomposition.SingularValueDecompositorTest#testDecompose"/>
          </method>
          <method complexity="2" end="67" name="Basic1DMatrix" start="59" visibility="public">
            <signature>
              <parameter name="array" type="double[][]"/>
            </signature>
            
            
            
            
            
            
            <test name="org.la4j.matrix.dense.Basic1DMatrixTest#testRowAccess_3x3"/>
            <test name="org.la4j.io.MatrixMarketStreamTest#testMatrix_3x3"/>
            <test name="org.la4j.io.MatrixMarketStreamTest#testMatrix_3x1"/>
            <test name="org.la4j.linear.SeidelSolverTest#testSolve"/>
            <test name="org.la4j.linear.SweepSolverTest#testSolve"/>
            <test name="org.la4j.matrix.dense.Basic1DMatrixTest#testMultiply_4x4_4x4"/>
            <test name="org.la4j.matrix.dense.Basic1DMatrixTest#testAccess_3x3"/>
            <test name="org.la4j.linear.GaussianSolverTest#testSolve"/>
            <test name="org.la4j.matrix.dense.Basic1DMatrixTest#testDeterminant"/>
            <test name="org.la4j.matrix.dense.Basic1DMatrixTest#testColumnAccess_5x3"/>
            <test name="org.la4j.matrix.dense.Basic1DMatrixTest#testTriangle"/>
            <test name="org.la4j.matrix.dense.Basic1DMatrixTest#testRank_5x3"/>
            <test name="org.la4j.decomposition.SingularValueDecompositorTest#testDecompose"/>
            <test name="org.la4j.matrix.dense.Basic1DMatrixTest#testMultiply_3x2_2x3"/>
            <test name="org.la4j.matrix.dense.Basic1DMatrixTest#testMultiply_4x1_1x4"/>
            <test name="org.la4j.matrix.dense.Basic1DMatrixTest#testRowAccess_2x4"/>
            <test name="org.la4j.matrix.dense.Basic1DMatrixTest#testRank_emptyMatrix"/>
            <test name="org.la4j.decomposition.QRDecompositorTest#testDecompose"/>
            <test name="org.la4j.linear.JacobiSolverTest#testSolve"/>
            <test name="org.la4j.matrix.dense.Basic1DMatrixTest#testMultiply_2x2_2x2"/>
            <test name="org.la4j.matrix.dense.Basic1DMatrixTest#testResize_2x3_to_2x4_to_2x1"/>
            <test name="org.la4j.io.SymbolSeparatedStreamTest#testMatrix_3x1"/>
            <test name="org.la4j.matrix.dense.Basic1DMatrixTest#testColumnAccess_3x3"/>
            <test name="org.la4j.matrix.dense.Basic1DMatrixTest#testToArray"/>
            <test name="org.la4j.io.MatrixMarketStreamTest#testMatrix_0x0"/>
            <test name="org.la4j.inversion.GaussianInvertorTest#testInverse_4x4"/>
            <test name="org.la4j.io.MatrixMarketStreamTest#testMatrix_2x5"/>
            <test name="org.la4j.decomposition.CholeskyDecompositorTest#testDecompose"/>
            <test name="org.la4j.factory.Basic1DFactoryTest#testCreateMatrixFromArray"/>
            <test name="org.la4j.matrix.dense.Basic1DMatrixTest#testMultiply_1x1_1x1"/>
            <test name="org.la4j.linear.SquareRootSolverTest#testSolve"/>
            <test name="org.la4j.matrix.dense.Basic1DMatrixTest#testRank_3x3"/>
            <test name="org.la4j.matrix.dense.Basic1DMatrixTest#testRowAccess_5x3"/>
            <test name="org.la4j.matrix.dense.Basic1DMatrixTest#testTranspose_4x4"/>
            <test name="org.la4j.io.MatrixMarketStreamTest#testMatrix_1x1"/>
            <test name="org.la4j.io.SymbolSeparatedStreamTest#testMatrix_1x1"/>
            <test name="org.la4j.matrix.dense.Basic1DMatrixTest#testBlank"/>
            <test name="org.la4j.io.SymbolSeparatedStreamTest#testMatrix_3x3"/>
            <test name="org.la4j.matrix.dense.Basic1DMatrixTest#testSwap_5x3"/>
            <test name="org.la4j.matrix.dense.Basic1DMatrixTest#testAssign_3x3"/>
            <test name="org.la4j.matrix.dense.Basic1DMatrixTest#testResize_3x5_to_4x5_to_2x5"/>
            <test name="org.la4j.matrix.dense.Basic1DMatrixTest#testRank_1x4"/>
            <test name="org.la4j.matrix.dense.Basic1DMatrixTest#testResize_2x3_to_3x4_to_1x2"/>
            <test name="org.la4j.matrix.dense.Basic1DMatrixTest#testMultiply_1x10_10x1"/>
            <test name="org.la4j.matrix.dense.Basic1DMatrixTest#testDiv"/>
            <test name="org.la4j.matrix.dense.Basic1DMatrixTest#testAdd"/>
            <test name="org.la4j.matrix.dense.Basic1DMatrixTest#testMultiply_4x9_9x4"/>
            <test name="org.la4j.matrix.dense.Basic1DMatrixTest#testRank_4x4"/>
            <test name="org.la4j.matrix.dense.Basic1DMatrixTest#testSwap_2x4"/>
            <test name="org.la4j.matrix.dense.Basic1DMatrixTest#testTrace"/>
            <test name="org.la4j.matrix.dense.Basic1DMatrixTest#testSwap_3x3"/>
            <test name="org.la4j.matrix.dense.Basic1DMatrixTest#testSerialization"/>
            <test name="org.la4j.matrix.dense.Basic1DMatrixTest#testColumnAccess_2x4"/>
            <test name="org.la4j.matrix.dense.Basic1DMatrixTest#testCopy"/>
            <test name="org.la4j.matrix.dense.Basic1DMatrixTest#testProduct"/>
            <test name="org.la4j.io.SymbolSeparatedStreamTest#testMatrix_0x0"/>
            <test name="org.la4j.matrix.dense.Basic1DMatrixTest#testSubtract"/>
            <test name="org.la4j.matrix.dense.Basic1DMatrixTest#testResize_3x3_to_4x4_to_2x2"/>
            <test name="org.la4j.decomposition.LUDecompositorTest#testDecompose"/>
            <test name="org.la4j.decomposition.EigenDecompositorTest#testDecompose"/>
            <test name="org.la4j.matrix.dense.Basic1DMatrixTest#testRank_nullMatrix"/>
            <test name="org.la4j.matrix.dense.Basic1DMatrixTest#testRank_2x4"/>
            <test name="org.la4j.matrix.dense.Basic1DMatrixTest#testTranspose_6x5"/>
            <test name="org.la4j.io.SymbolSeparatedStreamTest#testMatrix_2x5"/>
          </method>
          <method complexity="1" end="71" name="Basic1DMatrix" start="69" visibility="public">
            <signature>
              <parameter name="rows" type="int"/>
              <parameter name="columns" type="int"/>
            </signature>
            
            <test name="org.la4j.matrix.dense.Basic1DMatrixTest#testRowAccess_3x3"/>
            <test name="org.la4j.io.MatrixMarketStreamTest#testMatrix_3x3"/>
            <test name="org.la4j.io.MatrixMarketStreamTest#testMatrix_3x1"/>
            <test name="org.la4j.linear.SeidelSolverTest#testSolve"/>
            <test name="org.la4j.linear.SweepSolverTest#testSolve"/>
            <test name="org.la4j.matrix.dense.Basic1DMatrixTest#testMultiply_4x4_4x4"/>
            <test name="org.la4j.matrix.dense.Basic1DMatrixTest#testAccess_3x3"/>
            <test name="org.la4j.linear.GaussianSolverTest#testSolve"/>
            <test name="org.la4j.matrix.dense.Basic1DMatrixTest#testDeterminant"/>
            <test name="org.la4j.matrix.dense.Basic1DMatrixTest#testColumnAccess_5x3"/>
            <test name="org.la4j.matrix.dense.Basic1DMatrixTest#testTriangle"/>
            <test name="org.la4j.matrix.dense.Basic1DMatrixTest#testRank_5x3"/>
            <test name="org.la4j.decomposition.SingularValueDecompositorTest#testDecompose"/>
            <test name="org.la4j.matrix.dense.Basic1DMatrixTest#testMultiply_3x2_2x3"/>
            <test name="org.la4j.matrix.dense.Basic1DMatrixTest#testMultiply_4x1_1x4"/>
            <test name="org.la4j.matrix.dense.Basic1DMatrixTest#testRowAccess_2x4"/>
            <test name="org.la4j.matrix.dense.Basic1DMatrixTest#testRank_emptyMatrix"/>
            <test name="org.la4j.decomposition.QRDecompositorTest#testDecompose"/>
            <test name="org.la4j.linear.JacobiSolverTest#testSolve"/>
            <test name="org.la4j.matrix.dense.Basic1DMatrixTest#testMultiply_2x2_2x2"/>
            <test name="org.la4j.matrix.dense.Basic1DMatrixTest#testResize_2x3_to_2x4_to_2x1"/>
            <test name="org.la4j.io.SymbolSeparatedStreamTest#testMatrix_3x1"/>
            <test name="org.la4j.matrix.dense.Basic1DMatrixTest#testColumnAccess_3x3"/>
            <test name="org.la4j.matrix.source.MatrixSourcesTest#testIdentityMatrixSource"/>
            <test name="org.la4j.matrix.dense.Basic1DMatrixTest#testToArray"/>
            <test name="org.la4j.io.MatrixMarketStreamTest#testMatrix_0x0"/>
            <test name="org.la4j.inversion.GaussianInvertorTest#testInverse_4x4"/>
            <test name="org.la4j.io.MatrixMarketStreamTest#testMatrix_2x5"/>
            <test name="org.la4j.decomposition.CholeskyDecompositorTest#testDecompose"/>
            <test name="org.la4j.factory.Basic1DFactoryTest#testCreateMatrixFromArray"/>
            <test name="org.la4j.matrix.dense.Basic1DMatrixTest#testMultiply_1x1_1x1"/>
            <test name="org.la4j.linear.SquareRootSolverTest#testSolve"/>
            <test name="org.la4j.matrix.dense.Basic1DMatrixTest#testRank_3x3"/>
            <test name="org.la4j.matrix.dense.Basic1DMatrixTest#testRowAccess_5x3"/>
            <test name="org.la4j.matrix.dense.Basic1DMatrixTest#testTranspose_4x4"/>
            <test name="org.la4j.io.MatrixMarketStreamTest#testMatrix_1x1"/>
            <test name="org.la4j.io.SymbolSeparatedStreamTest#testMatrix_1x1"/>
            <test name="org.la4j.matrix.dense.Basic1DMatrixTest#testBlank"/>
            <test name="org.la4j.io.SymbolSeparatedStreamTest#testMatrix_3x3"/>
            <test name="org.la4j.matrix.dense.Basic1DMatrixTest#testSwap_5x3"/>
            <test name="org.la4j.matrix.dense.Basic1DMatrixTest#testAssign_3x3"/>
            <test name="org.la4j.matrix.source.MatrixSourcesTest#testRandomSymmetricSource"/>
            <test name="org.la4j.matrix.dense.Basic1DMatrixTest#testResize_3x5_to_4x5_to_2x5"/>
            <test name="org.la4j.matrix.dense.Basic1DMatrixTest#testRank_1x4"/>
            <test name="org.la4j.matrix.dense.Basic1DMatrixTest#testResize_2x3_to_3x4_to_1x2"/>
            <test name="org.la4j.matrix.dense.Basic1DMatrixTest#testMultiply_1x10_10x1"/>
            <test name="org.la4j.matrix.dense.Basic1DMatrixTest#testDiv"/>
            <test name="org.la4j.matrix.dense.Basic1DMatrixTest#testAdd"/>
            <test name="org.la4j.matrix.dense.Basic1DMatrixTest#testMultiply_4x9_9x4"/>
            <test name="org.la4j.matrix.dense.Basic1DMatrixTest#testRank_4x4"/>
            <test name="org.la4j.matrix.dense.Basic1DMatrixTest#testSwap_2x4"/>
            <test name="org.la4j.matrix.dense.Basic1DMatrixTest#testTrace"/>
            <test name="org.la4j.matrix.dense.Basic1DMatrixTest#testSwap_3x3"/>
            <test name="org.la4j.matrix.dense.Basic1DMatrixTest#testSerialization"/>
            <test name="org.la4j.matrix.dense.Basic1DMatrixTest#testColumnAccess_2x4"/>
            <test name="org.la4j.matrix.dense.Basic1DMatrixTest#testCopy"/>
            <test name="org.la4j.matrix.dense.Basic1DMatrixTest#testProduct"/>
            <test name="org.la4j.io.SymbolSeparatedStreamTest#testMatrix_0x0"/>
            <test name="org.la4j.matrix.dense.Basic1DMatrixTest#testSubtract"/>
            <test name="org.la4j.matrix.dense.Basic1DMatrixTest#testResize_3x3_to_4x4_to_2x2"/>
            <test name="org.la4j.decomposition.LUDecompositorTest#testDecompose"/>
            <test name="org.la4j.decomposition.EigenDecompositorTest#testDecompose"/>
            <test name="org.la4j.matrix.dense.Basic1DMatrixTest#testRank_nullMatrix"/>
            <test name="org.la4j.factory.Basic1DFactoryTest#testCreateMatrix"/>
            <test name="org.la4j.matrix.dense.Basic1DMatrixTest#testRank_2x4"/>
            <test name="org.la4j.matrix.dense.Basic1DMatrixTest#testTranspose_6x5"/>
            <test name="org.la4j.io.SymbolSeparatedStreamTest#testMatrix_2x5"/>
          </method>
          <method complexity="1" end="77" name="Basic1DMatrix" start="73" visibility="public">
            <signature>
              <parameter name="rows" type="int"/>
              <parameter name="columns" type="int"/>
              <parameter name="array" type="double[]"/>
            </signature>
            
            
            <test name="org.la4j.matrix.dense.Basic1DMatrixTest#testRowAccess_3x3"/>
            <test name="org.la4j.io.MatrixMarketStreamTest#testMatrix_3x3"/>
            <test name="org.la4j.io.MatrixMarketStreamTest#testMatrix_3x1"/>
            <test name="org.la4j.linear.SeidelSolverTest#testSolve"/>
            <test name="org.la4j.linear.SweepSolverTest#testSolve"/>
            <test name="org.la4j.matrix.dense.Basic1DMatrixTest#testMultiply_4x4_4x4"/>
            <test name="org.la4j.matrix.dense.Basic1DMatrixTest#testAccess_3x3"/>
            <test name="org.la4j.linear.GaussianSolverTest#testSolve"/>
            <test name="org.la4j.matrix.dense.Basic1DMatrixTest#testDeterminant"/>
            <test name="org.la4j.matrix.dense.Basic1DMatrixTest#testColumnAccess_5x3"/>
            <test name="org.la4j.matrix.dense.Basic1DMatrixTest#testTriangle"/>
            <test name="org.la4j.matrix.dense.Basic1DMatrixTest#testRank_5x3"/>
            <test name="org.la4j.decomposition.SingularValueDecompositorTest#testDecompose"/>
            <test name="org.la4j.matrix.dense.Basic1DMatrixTest#testMultiply_3x2_2x3"/>
            <test name="org.la4j.matrix.dense.Basic1DMatrixTest#testMultiply_4x1_1x4"/>
            <test name="org.la4j.matrix.dense.Basic1DMatrixTest#testRowAccess_2x4"/>
            <test name="org.la4j.matrix.dense.Basic1DMatrixTest#testRank_emptyMatrix"/>
            <test name="org.la4j.decomposition.QRDecompositorTest#testDecompose"/>
            <test name="org.la4j.linear.JacobiSolverTest#testSolve"/>
            <test name="org.la4j.matrix.dense.Basic1DMatrixTest#testMultiply_2x2_2x2"/>
            <test name="org.la4j.matrix.dense.Basic1DMatrixTest#testResize_2x3_to_2x4_to_2x1"/>
            <test name="org.la4j.io.SymbolSeparatedStreamTest#testMatrix_3x1"/>
            <test name="org.la4j.matrix.dense.Basic1DMatrixTest#testColumnAccess_3x3"/>
            <test name="org.la4j.matrix.source.MatrixSourcesTest#testIdentityMatrixSource"/>
            <test name="org.la4j.matrix.dense.Basic1DMatrixTest#testToArray"/>
            <test name="org.la4j.io.MatrixMarketStreamTest#testMatrix_0x0"/>
            <test name="org.la4j.inversion.GaussianInvertorTest#testInverse_4x4"/>
            <test name="org.la4j.io.MatrixMarketStreamTest#testMatrix_2x5"/>
            <test name="org.la4j.decomposition.CholeskyDecompositorTest#testDecompose"/>
            <test name="org.la4j.factory.Basic1DFactoryTest#testCreateMatrixFromArray"/>
            <test name="org.la4j.matrix.dense.Basic1DMatrixTest#testMultiply_1x1_1x1"/>
            <test name="org.la4j.linear.SquareRootSolverTest#testSolve"/>
            <test name="org.la4j.matrix.dense.Basic1DMatrixTest#testRank_3x3"/>
            <test name="org.la4j.matrix.dense.Basic1DMatrixTest#testRowAccess_5x3"/>
            <test name="org.la4j.matrix.dense.Basic1DMatrixTest#testTranspose_4x4"/>
            <test name="org.la4j.io.MatrixMarketStreamTest#testMatrix_1x1"/>
            <test name="org.la4j.io.SymbolSeparatedStreamTest#testMatrix_1x1"/>
            <test name="org.la4j.matrix.dense.Basic1DMatrixTest#testBlank"/>
            <test name="org.la4j.io.SymbolSeparatedStreamTest#testMatrix_3x3"/>
            <test name="org.la4j.matrix.dense.Basic1DMatrixTest#testSwap_5x3"/>
            <test name="org.la4j.matrix.dense.Basic1DMatrixTest#testAssign_3x3"/>
            <test name="org.la4j.matrix.source.MatrixSourcesTest#testRandomSymmetricSource"/>
            <test name="org.la4j.matrix.dense.Basic1DMatrixTest#testResize_3x5_to_4x5_to_2x5"/>
            <test name="org.la4j.matrix.dense.Basic1DMatrixTest#testRank_1x4"/>
            <test name="org.la4j.matrix.dense.Basic1DMatrixTest#testResize_2x3_to_3x4_to_1x2"/>
            <test name="org.la4j.matrix.dense.Basic1DMatrixTest#testMultiply_1x10_10x1"/>
            <test name="org.la4j.matrix.dense.Basic1DMatrixTest#testDiv"/>
            <test name="org.la4j.matrix.dense.Basic1DMatrixTest#testAdd"/>
            <test name="org.la4j.matrix.dense.Basic1DMatrixTest#testMultiply_4x9_9x4"/>
            <test name="org.la4j.matrix.dense.Basic1DMatrixTest#testRank_4x4"/>
            <test name="org.la4j.matrix.dense.Basic1DMatrixTest#testSwap_2x4"/>
            <test name="org.la4j.matrix.dense.Basic1DMatrixTest#testTrace"/>
            <test name="org.la4j.matrix.dense.Basic1DMatrixTest#testSwap_3x3"/>
            <test name="org.la4j.matrix.dense.Basic1DMatrixTest#testSerialization"/>
            <test name="org.la4j.factory.Basic1DFactoryTest#testCreateRandomSymmetricMatrix"/>
            <test name="org.la4j.matrix.dense.Basic1DMatrixTest#testColumnAccess_2x4"/>
            <test name="org.la4j.matrix.dense.Basic1DMatrixTest#testCopy"/>
            <test name="org.la4j.matrix.dense.Basic1DMatrixTest#testProduct"/>
            <test name="org.la4j.io.SymbolSeparatedStreamTest#testMatrix_0x0"/>
            <test name="org.la4j.matrix.dense.Basic1DMatrixTest#testSubtract"/>
            <test name="org.la4j.matrix.dense.Basic1DMatrixTest#testResize_3x3_to_4x4_to_2x2"/>
            <test name="org.la4j.decomposition.LUDecompositorTest#testDecompose"/>
            <test name="org.la4j.decomposition.EigenDecompositorTest#testDecompose"/>
            <test name="org.la4j.matrix.dense.Basic1DMatrixTest#testRank_nullMatrix"/>
            <test name="org.la4j.factory.Basic1DFactoryTest#testCreateMatrix"/>
            <test name="org.la4j.matrix.dense.Basic1DMatrixTest#testRank_2x4"/>
            <test name="org.la4j.matrix.dense.Basic1DMatrixTest#testTranspose_6x5"/>
            <test name="org.la4j.io.SymbolSeparatedStreamTest#testMatrix_2x5"/>
            <test name="org.la4j.factory.Basic1DFactoryTest#testCreateIdentityMatrix"/>
          </method>
          <method complexity="1" end="82" name="get" start="79" visibility="public">
            <signature returnType="double">
              <parameter name="i" type="int"/>
              <parameter name="j" type="int"/>
            </signature>
            
            <test name="org.la4j.matrix.dense.Basic1DMatrixTest#testRowAccess_3x3"/>
            <test name="org.la4j.io.MatrixMarketStreamTest#testMatrix_3x3"/>
            <test name="org.la4j.io.MatrixMarketStreamTest#testMatrix_3x1"/>
            <test name="org.la4j.linear.SeidelSolverTest#testSolve"/>
            <test name="org.la4j.linear.SweepSolverTest#testSolve"/>
            <test name="org.la4j.matrix.dense.Basic1DMatrixTest#testMultiply_4x4_4x4"/>
            <test name="org.la4j.matrix.dense.Basic1DMatrixTest#testAccess_3x3"/>
            <test name="org.la4j.linear.GaussianSolverTest#testSolve"/>
            <test name="org.la4j.matrix.dense.Basic1DMatrixTest#testDeterminant"/>
            <test name="org.la4j.matrix.dense.Basic1DMatrixTest#testColumnAccess_5x3"/>
            <test name="org.la4j.matrix.dense.Basic1DMatrixTest#testTriangle"/>
            <test name="org.la4j.matrix.dense.Basic1DMatrixTest#testRank_5x3"/>
            <test name="org.la4j.decomposition.SingularValueDecompositorTest#testDecompose"/>
            <test name="org.la4j.matrix.dense.Basic1DMatrixTest#testMultiply_3x2_2x3"/>
            <test name="org.la4j.matrix.dense.Basic1DMatrixTest#testMultiply_4x1_1x4"/>
            <test name="org.la4j.matrix.dense.Basic1DMatrixTest#testRowAccess_2x4"/>
            <test name="org.la4j.decomposition.QRDecompositorTest#testDecompose"/>
            <test name="org.la4j.linear.JacobiSolverTest#testSolve"/>
            <test name="org.la4j.matrix.dense.Basic1DMatrixTest#testMultiply_2x2_2x2"/>
            <test name="org.la4j.matrix.dense.Basic1DMatrixTest#testResize_2x3_to_2x4_to_2x1"/>
            <test name="org.la4j.io.SymbolSeparatedStreamTest#testMatrix_3x1"/>
            <test name="org.la4j.matrix.dense.Basic1DMatrixTest#testColumnAccess_3x3"/>
            <test name="org.la4j.matrix.source.MatrixSourcesTest#testIdentityMatrixSource"/>
            <test name="org.la4j.inversion.GaussianInvertorTest#testInverse_4x4"/>
            <test name="org.la4j.io.MatrixMarketStreamTest#testMatrix_2x5"/>
            <test name="org.la4j.decomposition.CholeskyDecompositorTest#testDecompose"/>
            <test name="org.la4j.factory.Basic1DFactoryTest#testCreateMatrixFromArray"/>
            <test name="org.la4j.matrix.dense.Basic1DMatrixTest#testMultiply_1x1_1x1"/>
            <test name="org.la4j.linear.SquareRootSolverTest#testSolve"/>
            <test name="org.la4j.matrix.dense.Basic1DMatrixTest#testRank_3x3"/>
            <test name="org.la4j.matrix.dense.Basic1DMatrixTest#testRowAccess_5x3"/>
            <test name="org.la4j.matrix.dense.Basic1DMatrixTest#testTranspose_4x4"/>
            <test name="org.la4j.io.MatrixMarketStreamTest#testMatrix_1x1"/>
            <test name="org.la4j.io.SymbolSeparatedStreamTest#testMatrix_1x1"/>
            <test name="org.la4j.matrix.dense.Basic1DMatrixTest#testBlank"/>
            <test name="org.la4j.io.SymbolSeparatedStreamTest#testMatrix_3x3"/>
            <test name="org.la4j.matrix.dense.Basic1DMatrixTest#testSwap_5x3"/>
            <test name="org.la4j.matrix.dense.Basic1DMatrixTest#testAssign_3x3"/>
            <test name="org.la4j.matrix.source.MatrixSourcesTest#testRandomSymmetricSource"/>
            <test name="org.la4j.matrix.dense.Basic1DMatrixTest#testResize_3x5_to_4x5_to_2x5"/>
            <test name="org.la4j.matrix.dense.Basic1DMatrixTest#testRank_1x4"/>
            <test name="org.la4j.matrix.dense.Basic1DMatrixTest#testResize_2x3_to_3x4_to_1x2"/>
            <test name="org.la4j.matrix.dense.Basic1DMatrixTest#testMultiply_1x10_10x1"/>
            <test name="org.la4j.matrix.dense.Basic1DMatrixTest#testDiv"/>
            <test name="org.la4j.matrix.dense.Basic1DMatrixTest#testAdd"/>
            <test name="org.la4j.matrix.dense.Basic1DMatrixTest#testMultiply_4x9_9x4"/>
            <test name="org.la4j.matrix.dense.Basic1DMatrixTest#testRank_4x4"/>
            <test name="org.la4j.matrix.dense.Basic1DMatrixTest#testSwap_2x4"/>
            <test name="org.la4j.matrix.dense.Basic1DMatrixTest#testTrace"/>
            <test name="org.la4j.matrix.dense.Basic1DMatrixTest#testSwap_3x3"/>
            <test name="org.la4j.matrix.dense.Basic1DMatrixTest#testSerialization"/>
            <test name="org.la4j.factory.Basic1DFactoryTest#testCreateRandomSymmetricMatrix"/>
            <test name="org.la4j.matrix.dense.Basic1DMatrixTest#testColumnAccess_2x4"/>
            <test name="org.la4j.matrix.dense.Basic1DMatrixTest#testCopy"/>
            <test name="org.la4j.matrix.dense.Basic1DMatrixTest#testProduct"/>
            <test name="org.la4j.matrix.dense.Basic1DMatrixTest#testSubtract"/>
            <test name="org.la4j.matrix.dense.Basic1DMatrixTest#testResize_3x3_to_4x4_to_2x2"/>
            <test name="org.la4j.decomposition.LUDecompositorTest#testDecompose"/>
            <test name="org.la4j.decomposition.EigenDecompositorTest#testDecompose"/>
            <test name="org.la4j.matrix.dense.Basic1DMatrixTest#testRank_nullMatrix"/>
            <test name="org.la4j.factory.Basic1DFactoryTest#testCreateMatrix"/>
            <test name="org.la4j.matrix.dense.Basic1DMatrixTest#testRank_2x4"/>
            <test name="org.la4j.matrix.dense.Basic1DMatrixTest#testTranspose_6x5"/>
            <test name="org.la4j.io.SymbolSeparatedStreamTest#testMatrix_2x5"/>
            <test name="org.la4j.factory.Basic1DFactoryTest#testCreateIdentityMatrix"/>
          </method>
          <method complexity="1" end="87" name="set" start="84" visibility="public">
            <signature returnType="void">
              <parameter name="i" type="int"/>
              <parameter name="j" type="int"/>
              <parameter name="value" type="double"/>
            </signature>
            
            <test name="org.la4j.matrix.dense.Basic1DMatrixTest#testRowAccess_3x3"/>
            <test name="org.la4j.io.MatrixMarketStreamTest#testMatrix_3x3"/>
            <test name="org.la4j.matrix.dense.Basic1DMatrixTest#testRowAccess_5x3"/>
            <test name="org.la4j.matrix.dense.Basic1DMatrixTest#testTranspose_4x4"/>
            <test name="org.la4j.io.MatrixMarketStreamTest#testMatrix_3x1"/>
            <test name="org.la4j.io.MatrixMarketStreamTest#testMatrix_1x1"/>
            <test name="org.la4j.io.SymbolSeparatedStreamTest#testMatrix_1x1"/>
            <test name="org.la4j.linear.SeidelSolverTest#testSolve"/>
            <test name="org.la4j.linear.SweepSolverTest#testSolve"/>
            <test name="org.la4j.matrix.dense.Basic1DMatrixTest#testMultiply_4x4_4x4"/>
            <test name="org.la4j.io.SymbolSeparatedStreamTest#testMatrix_3x3"/>
            <test name="org.la4j.matrix.dense.Basic1DMatrixTest#testAssign_3x3"/>
            <test name="org.la4j.matrix.dense.Basic1DMatrixTest#testRank_1x4"/>
            <test name="org.la4j.matrix.dense.Basic1DMatrixTest#testAccess_3x3"/>
            <test name="org.la4j.linear.GaussianSolverTest#testSolve"/>
            <test name="org.la4j.matrix.dense.Basic1DMatrixTest#testColumnAccess_5x3"/>
            <test name="org.la4j.matrix.dense.Basic1DMatrixTest#testMultiply_1x10_10x1"/>
            <test name="org.la4j.matrix.dense.Basic1DMatrixTest#testTriangle"/>
            <test name="org.la4j.matrix.dense.Basic1DMatrixTest#testRank_5x3"/>
            <test name="org.la4j.matrix.dense.Basic1DMatrixTest#testDiv"/>
            <test name="org.la4j.decomposition.SingularValueDecompositorTest#testDecompose"/>
            <test name="org.la4j.matrix.dense.Basic1DMatrixTest#testMultiply_3x2_2x3"/>
            <test name="org.la4j.matrix.dense.Basic1DMatrixTest#testAdd"/>
            <test name="org.la4j.matrix.dense.Basic1DMatrixTest#testMultiply_4x9_9x4"/>
            <test name="org.la4j.matrix.dense.Basic1DMatrixTest#testMultiply_4x1_1x4"/>
            <test name="org.la4j.matrix.dense.Basic1DMatrixTest#testRank_4x4"/>
            <test name="org.la4j.matrix.dense.Basic1DMatrixTest#testRowAccess_2x4"/>
            <test name="org.la4j.decomposition.QRDecompositorTest#testDecompose"/>
            <test name="org.la4j.linear.JacobiSolverTest#testSolve"/>
            <test name="org.la4j.matrix.dense.Basic1DMatrixTest#testMultiply_2x2_2x2"/>
            <test name="org.la4j.matrix.dense.Basic1DMatrixTest#testColumnAccess_2x4"/>
            <test name="org.la4j.io.SymbolSeparatedStreamTest#testMatrix_3x1"/>
            <test name="org.la4j.matrix.dense.Basic1DMatrixTest#testColumnAccess_3x3"/>
            <test name="org.la4j.matrix.dense.Basic1DMatrixTest#testSubtract"/>
            <test name="org.la4j.decomposition.LUDecompositorTest#testDecompose"/>
            <test name="org.la4j.inversion.GaussianInvertorTest#testInverse_4x4"/>
            <test name="org.la4j.io.MatrixMarketStreamTest#testMatrix_2x5"/>
            <test name="org.la4j.decomposition.EigenDecompositorTest#testDecompose"/>
            <test name="org.la4j.decomposition.CholeskyDecompositorTest#testDecompose"/>
            <test name="org.la4j.matrix.dense.Basic1DMatrixTest#testMultiply_1x1_1x1"/>
            <test name="org.la4j.linear.SquareRootSolverTest#testSolve"/>
            <test name="org.la4j.matrix.dense.Basic1DMatrixTest#testRank_2x4"/>
            <test name="org.la4j.matrix.dense.Basic1DMatrixTest#testTranspose_6x5"/>
            <test name="org.la4j.matrix.dense.Basic1DMatrixTest#testRank_3x3"/>
            <test name="org.la4j.io.SymbolSeparatedStreamTest#testMatrix_2x5"/>
          </method>
          <method complexity="10" end="123" name="resize" start="89" visibility="public">
            <signature returnType="void">
              <parameter name="rows" type="int"/>
              <parameter name="columns" type="int"/>
            </signature>
            
            
            
            
            
            
            
            
            
            
            
            
            
            
            
            
            
            
            
            
            
            
            
            
            <test name="org.la4j.linear.GaussianSolverTest#testSolve"/>
            <test name="org.la4j.matrix.dense.Basic1DMatrixTest#testResize_2x3_to_3x4_to_1x2"/>
            <test name="org.la4j.io.SymbolSeparatedStreamTest#testMatrix_1x1"/>
            <test name="org.la4j.matrix.dense.Basic1DMatrixTest#testResize_3x3_to_4x4_to_2x2"/>
            <test name="org.la4j.inversion.GaussianInvertorTest#testInverse_4x4"/>
            <test name="org.la4j.io.SymbolSeparatedStreamTest#testMatrix_3x3"/>
            <test name="org.la4j.matrix.dense.Basic1DMatrixTest#testResize_2x3_to_2x4_to_2x1"/>
            <test name="org.la4j.io.SymbolSeparatedStreamTest#testMatrix_3x1"/>
            <test name="org.la4j.matrix.dense.Basic1DMatrixTest#testResize_3x5_to_4x5_to_2x5"/>
            <test name="org.la4j.io.SymbolSeparatedStreamTest#testMatrix_0x0"/>
            <test name="org.la4j.io.SymbolSeparatedStreamTest#testMatrix_2x5"/>
          </method>
          <method complexity="3" end="134" name="swapRows" start="125" visibility="public">
            <signature returnType="void">
              <parameter name="i" type="int"/>
              <parameter name="j" type="int"/>
            </signature>
            
            
            
            
            
            
            
            <test name="org.la4j.linear.GaussianSolverTest#testSolve"/>
            <test name="org.la4j.matrix.dense.Basic1DMatrixTest#testSwap_2x4"/>
            <test name="org.la4j.matrix.dense.Basic1DMatrixTest#testSwap_3x3"/>
            <test name="org.la4j.inversion.GaussianInvertorTest#testInverse_4x4"/>
            <test name="org.la4j.matrix.dense.Basic1DMatrixTest#testRank_5x3"/>
            <test name="org.la4j.matrix.dense.Basic1DMatrixTest#testSwap_5x3"/>
          </method>
          <method complexity="3" end="145" name="swapColumns" start="136" visibility="public">
            <signature returnType="void">
              <parameter name="i" type="int"/>
              <parameter name="j" type="int"/>
            </signature>
            
            
            
            
            
            
            
            <test name="org.la4j.matrix.dense.Basic1DMatrixTest#testRank_4x4"/>
            <test name="org.la4j.matrix.dense.Basic1DMatrixTest#testSwap_2x4"/>
            <test name="org.la4j.matrix.dense.Basic1DMatrixTest#testSwap_3x3"/>
            <test name="org.la4j.matrix.dense.Basic1DMatrixTest#testRank_5x3"/>
            <test name="org.la4j.matrix.dense.Basic1DMatrixTest#testSwap_5x3"/>
            <test name="org.la4j.matrix.dense.Basic1DMatrixTest#testRank_1x4"/>
          </method>
          <method complexity="1" end="153" name="getRow" start="147" visibility="public">
            <signature returnType="Vector">
              <parameter name="i" type="int"/>
            </signature>
            
            
            
            <test name="org.la4j.matrix.dense.Basic1DMatrixTest#testRowAccess_3x3"/>
            <test name="org.la4j.matrix.dense.Basic1DMatrixTest#testMultiply_4x1_1x4"/>
            <test name="org.la4j.matrix.dense.Basic1DMatrixTest#testRowAccess_5x3"/>
            <test name="org.la4j.matrix.dense.Basic1DMatrixTest#testRowAccess_2x4"/>
            <test name="org.la4j.matrix.dense.Basic1DMatrixTest#testMultiply_2x2_2x2"/>
            <test name="org.la4j.matrix.dense.Basic1DMatrixTest#testMultiply_4x4_4x4"/>
            <test name="org.la4j.inversion.GaussianInvertorTest#testInverse_4x4"/>
            <test name="org.la4j.decomposition.EigenDecompositorTest#testDecompose"/>
            <test name="org.la4j.matrix.dense.Basic1DMatrixTest#testMultiply_1x10_10x1"/>
            <test name="org.la4j.decomposition.CholeskyDecompositorTest#testDecompose"/>
            <test name="org.la4j.matrix.dense.Basic1DMatrixTest#testMultiply_1x1_1x1"/>
            <test name="org.la4j.matrix.dense.Basic1DMatrixTest#testMultiply_3x2_2x3"/>
            <test name="org.la4j.matrix.dense.Basic1DMatrixTest#testMultiply_4x9_9x4"/>
          </method>
          <method complexity="2" end="167" name="toArray" start="155" visibility="public">
            <signature returnType="double[][]"/>
            
            
            
            
            
            
            
            <test name="org.la4j.matrix.dense.Basic1DMatrixTest#testToArray"/>
          </method>
          <method complexity="2" end="178" name="writeExternal" start="169" visibility="public">
            <signature returnType="void">
              <parameter name="out" type="ObjectOutput"/>
            </signature>
            
            
            
            
            
            <test name="org.la4j.matrix.dense.Basic1DMatrixTest#testSerialization"/>
          </method>
          <method complexity="2" end="192" name="readExternal" start="180" visibility="public">
            <signature returnType="void">
              <parameter name="in" type="ObjectInput"/>
            </signature>
            
            
            
            
            
            
            <test name="org.la4j.matrix.dense.Basic1DMatrixTest#testSerialization"/>
          </method>
        </class>
      </file>
      <file name="Basic2DMatrix.java" path="D:\AllMutants\la4j\7bd1091083e7440831d1eab75be76d1b41acf7a6\src\main\java\org\la4j\matrix\dense\Basic2DMatrix.java">
        <metrics classes="1" complexity="32" conditionals="30" coveredConditionals="26" coveredElements="90" coveredMethods="14" coveredStatements="50" elements="96" loc="180" methods="14" notCoveredLoc="120" statements="52"/>
        <class endLine="180" name="Basic2DMatrix" startLine="35">
          <metrics complexity="32" conditionals="30" coveredConditionals="26" coveredElements="90" coveredMethods="14" coveredStatements="50" elements="96" methods="14" statements="52"/>
          <method complexity="1" end="43" name="Basic2DMatrix" start="41" visibility="public">
            <signature/>
            
            <test name="org.la4j.factory.Basic2DFactoryTest#testCreateMatrix"/>
            <test name="org.la4j.matrix.dense.Basic2DMatrixTest#testSerialization"/>
          </method>
          <method complexity="1" end="47" name="Basic2DMatrix" start="45" visibility="public">
            <signature>
              <parameter name="matrix" type="Matrix"/>
            </signature>
            
            <test name="org.la4j.linear.GaussianSolverTest#testSolve"/>
            <test name="org.la4j.linear.SeidelSolverTest#testSolve"/>
            <test name="org.la4j.decomposition.LUDecompositorTest#testDecompose"/>
            <test name="org.la4j.inversion.GaussianInvertorTest#testInverse_4x4"/>
            <test name="org.la4j.decomposition.QRDecompositorTest#testDecompose"/>
            <test name="org.la4j.decomposition.EigenDecompositorTest#testDecompose"/>
            <test name="org.la4j.linear.JacobiSolverTest#testSolve"/>
            <test name="org.la4j.matrix.dense.Basic2DMatrixTest#testCopy"/>
            <test name="org.la4j.decomposition.SingularValueDecompositorTest#testDecompose"/>
            <test name="org.la4j.matrix.dense.Basic2DMatrixTest#testTriangle"/>
          </method>
          <method complexity="3" end="57" name="Basic2DMatrix" start="49" visibility="public">
            <signature>
              <parameter name="source" type="MatrixSource"/>
            </signature>
            
            
            
            
            
            
            <test name="org.la4j.linear.GaussianSolverTest#testSolve"/>
            <test name="org.la4j.linear.SeidelSolverTest#testSolve"/>
            <test name="org.la4j.decomposition.LUDecompositorTest#testDecompose"/>
            <test name="org.la4j.inversion.GaussianInvertorTest#testInverse_4x4"/>
            <test name="org.la4j.decomposition.QRDecompositorTest#testDecompose"/>
            <test name="org.la4j.decomposition.EigenDecompositorTest#testDecompose"/>
            <test name="org.la4j.linear.JacobiSolverTest#testSolve"/>
            <test name="org.la4j.matrix.source.MatrixSourcesTest#testRandomSymmetricSource"/>
            <test name="org.la4j.matrix.source.MatrixSourcesTest#testIdentityMatrixSource"/>
            <test name="org.la4j.matrix.dense.Basic2DMatrixTest#testCopy"/>
            <test name="org.la4j.decomposition.SingularValueDecompositorTest#testDecompose"/>
            <test name="org.la4j.matrix.dense.Basic2DMatrixTest#testTriangle"/>
          </method>
          <method complexity="1" end="61" name="Basic2DMatrix" start="59" visibility="public">
            <signature>
              <parameter name="rows" type="int"/>
              <parameter name="columns" type="int"/>
            </signature>
            
            <test name="org.la4j.io.MatrixMarketStreamTest#testMatrix_3x3"/>
            <test name="org.la4j.matrix.dense.Basic2DMatrixTest#testMultiply_1x10_10x1"/>
            <test name="org.la4j.io.MatrixMarketStreamTest#testMatrix_3x1"/>
            <test name="org.la4j.matrix.dense.Basic2DMatrixTest#testBlank"/>
            <test name="org.la4j.io.MatrixMarketStreamTest#testMatrix_1x1"/>
            <test name="org.la4j.io.SymbolSeparatedStreamTest#testMatrix_1x1"/>
            <test name="org.la4j.matrix.dense.Basic2DMatrixTest#testDiv"/>
            <test name="org.la4j.linear.SeidelSolverTest#testSolve"/>
            <test name="org.la4j.matrix.dense.Basic2DMatrixTest#testMultiply_2x2_2x2"/>
            <test name="org.la4j.matrix.dense.Basic2DMatrixTest#testAdd"/>
            <test name="org.la4j.io.SymbolSeparatedStreamTest#testMatrix_3x3"/>
            <test name="org.la4j.matrix.source.MatrixSourcesTest#testRandomSymmetricSource"/>
            <test name="org.la4j.matrix.dense.Basic2DMatrixTest#testAssign_3x3"/>
            <test name="org.la4j.matrix.dense.Basic2DMatrixTest#testTranspose_6x5"/>
            <test name="org.la4j.linear.GaussianSolverTest#testSolve"/>
            <test name="org.la4j.matrix.dense.Basic2DMatrixTest#testSerialization"/>
            <test name="org.la4j.matrix.dense.Basic2DMatrixTest#testMultiply_1x1_1x1"/>
            <test name="org.la4j.matrix.dense.Basic2DMatrixTest#testMultiply_4x4_4x4"/>
            <test name="org.la4j.decomposition.SingularValueDecompositorTest#testDecompose"/>
            <test name="org.la4j.decomposition.QRDecompositorTest#testDecompose"/>
            <test name="org.la4j.linear.JacobiSolverTest#testSolve"/>
            <test name="org.la4j.io.SymbolSeparatedStreamTest#testMatrix_3x1"/>
            <test name="org.la4j.matrix.dense.Basic2DMatrixTest#testMultiply_3x2_2x3"/>
            <test name="org.la4j.matrix.source.MatrixSourcesTest#testIdentityMatrixSource"/>
            <test name="org.la4j.io.SymbolSeparatedStreamTest#testMatrix_0x0"/>
            <test name="org.la4j.matrix.dense.Basic2DMatrixTest#testMultiply_4x9_9x4"/>
            <test name="org.la4j.matrix.dense.Basic2DMatrixTest#testTriangle"/>
            <test name="org.la4j.matrix.dense.Basic2DMatrixTest#testSubtract"/>
            <test name="org.la4j.matrix.dense.Basic2DMatrixTest#testMultiply_4x1_1x4"/>
            <test name="org.la4j.io.MatrixMarketStreamTest#testMatrix_0x0"/>
            <test name="org.la4j.factory.Basic2DFactoryTest#testCreateMatrix"/>
            <test name="org.la4j.decomposition.LUDecompositorTest#testDecompose"/>
            <test name="org.la4j.inversion.GaussianInvertorTest#testInverse_4x4"/>
            <test name="org.la4j.io.MatrixMarketStreamTest#testMatrix_2x5"/>
            <test name="org.la4j.decomposition.EigenDecompositorTest#testDecompose"/>
            <test name="org.la4j.decomposition.CholeskyDecompositorTest#testDecompose"/>
            <test name="org.la4j.linear.SquareRootSolverTest#testSolve"/>
            <test name="org.la4j.matrix.dense.Basic2DMatrixTest#testTranspose_4x4"/>
            <test name="org.la4j.matrix.dense.Basic2DMatrixTest#testCopy"/>
            <test name="org.la4j.io.SymbolSeparatedStreamTest#testMatrix_2x5"/>
          </method>
          <method complexity="2" end="68" name="Basic2DMatrix" start="63" visibility="public">
            <signature>
              <parameter name="array" type="double[][]"/>
            </signature>
            
            
            
            <test name="org.la4j.io.MatrixMarketStreamTest#testMatrix_3x3"/>
            <test name="org.la4j.matrix.dense.Basic2DMatrixTest#testMultiply_1x10_10x1"/>
            <test name="org.la4j.io.MatrixMarketStreamTest#testMatrix_3x1"/>
            <test name="org.la4j.matrix.dense.Basic2DMatrixTest#testDiv"/>
            <test name="org.la4j.linear.SeidelSolverTest#testSolve"/>
            <test name="org.la4j.linear.SweepSolverTest#testSolve"/>
            <test name="org.la4j.matrix.dense.Basic2DMatrixTest#testToArray"/>
            <test name="org.la4j.matrix.dense.Basic2DMatrixTest#testAssign_3x3"/>
            <test name="org.la4j.matrix.dense.Basic2DMatrixTest#testTranspose_6x5"/>
            <test name="org.la4j.factory.Basic2DFactoryTest#testCreateMatrixFromArray"/>
            <test name="org.la4j.linear.GaussianSolverTest#testSolve"/>
            <test name="org.la4j.matrix.dense.Basic2DMatrixTest#testRowAccess_3x3"/>
            <test name="org.la4j.matrix.dense.Basic2DMatrixTest#testSwap_3x3"/>
            <test name="org.la4j.decomposition.SingularValueDecompositorTest#testDecompose"/>
            <test name="org.la4j.matrix.dense.Basic2DMatrixTest#testSwap_5x3"/>
            <test name="org.la4j.matrix.dense.Basic2DMatrixTest#testRank_nullMatrix"/>
            <test name="org.la4j.decomposition.QRDecompositorTest#testDecompose"/>
            <test name="org.la4j.linear.JacobiSolverTest#testSolve"/>
            <test name="org.la4j.io.SymbolSeparatedStreamTest#testMatrix_3x1"/>
            <test name="org.la4j.matrix.dense.Basic2DMatrixTest#testDeterminant"/>
            <test name="org.la4j.matrix.source.MatrixSourcesTest#testIdentityMatrixSource"/>
            <test name="org.la4j.matrix.dense.Basic2DMatrixTest#testMultiply_4x9_9x4"/>
            <test name="org.la4j.matrix.dense.Basic2DMatrixTest#testRank_5x3"/>
            <test name="org.la4j.matrix.dense.Basic2DMatrixTest#testSubtract"/>
            <test name="org.la4j.io.MatrixMarketStreamTest#testMatrix_0x0"/>
            <test name="org.la4j.factory.Basic2DFactoryTest#testCreateMatrix"/>
            <test name="org.la4j.matrix.dense.Basic2DMatrixTest#testRank_3x3"/>
            <test name="org.la4j.matrix.dense.Basic2DMatrixTest#testProduct"/>
            <test name="org.la4j.inversion.GaussianInvertorTest#testInverse_4x4"/>
            <test name="org.la4j.matrix.dense.Basic2DMatrixTest#testRowAccess_2x4"/>
            <test name="org.la4j.io.MatrixMarketStreamTest#testMatrix_2x5"/>
            <test name="org.la4j.matrix.dense.Basic2DMatrixTest#testColumnAccess_2x4"/>
            <test name="org.la4j.decomposition.CholeskyDecompositorTest#testDecompose"/>
            <test name="org.la4j.linear.SquareRootSolverTest#testSolve"/>
            <test name="org.la4j.matrix.dense.Basic2DMatrixTest#testSwap_2x4"/>
            <test name="org.la4j.matrix.dense.Basic2DMatrixTest#testColumnAccess_3x3"/>
            <test name="org.la4j.matrix.dense.Basic2DMatrixTest#testResize_2x3_to_2x4_to_2x1"/>
            <test name="org.la4j.matrix.dense.Basic2DMatrixTest#testRank_1x4"/>
            <test name="org.la4j.matrix.dense.Basic2DMatrixTest#testAccess_3x3"/>
            <test name="org.la4j.matrix.dense.Basic2DMatrixTest#testBlank"/>
            <test name="org.la4j.io.MatrixMarketStreamTest#testMatrix_1x1"/>
            <test name="org.la4j.io.SymbolSeparatedStreamTest#testMatrix_1x1"/>
            <test name="org.la4j.matrix.dense.Basic2DMatrixTest#testMultiply_2x2_2x2"/>
            <test name="org.la4j.matrix.dense.Basic2DMatrixTest#testRowAccess_5x3"/>
            <test name="org.la4j.matrix.dense.Basic2DMatrixTest#testAdd"/>
            <test name="org.la4j.matrix.dense.Basic2DMatrixTest#testColumnAccess_5x3"/>
            <test name="org.la4j.io.SymbolSeparatedStreamTest#testMatrix_3x3"/>
            <test name="org.la4j.matrix.source.MatrixSourcesTest#testRandomSymmetricSource"/>
            <test name="org.la4j.matrix.dense.Basic2DMatrixTest#testRank_2x4"/>
            <test name="org.la4j.matrix.dense.Basic2DMatrixTest#testSerialization"/>
            <test name="org.la4j.matrix.dense.Basic2DMatrixTest#testMultiply_1x1_1x1"/>
            <test name="org.la4j.matrix.dense.Basic2DMatrixTest#testRank_4x4"/>
            <test name="org.la4j.matrix.dense.Basic2DMatrixTest#testMultiply_4x4_4x4"/>
            <test name="org.la4j.matrix.dense.Basic2DMatrixTest#testRank_emptyMatrix"/>
            <test name="org.la4j.factory.Basic2DFactoryTest#testCreateRandomSymmetricMatrix"/>
            <test name="org.la4j.matrix.dense.Basic2DMatrixTest#testResize_2x3_to_3x4_to_1x2"/>
            <test name="org.la4j.matrix.dense.Basic2DMatrixTest#testMultiply_3x2_2x3"/>
            <test name="org.la4j.io.SymbolSeparatedStreamTest#testMatrix_0x0"/>
            <test name="org.la4j.matrix.dense.Basic2DMatrixTest#testTriangle"/>
            <test name="org.la4j.matrix.dense.Basic2DMatrixTest#testTrace"/>
            <test name="org.la4j.matrix.dense.Basic2DMatrixTest#testMultiply_4x1_1x4"/>
            <test name="org.la4j.decomposition.LUDecompositorTest#testDecompose"/>
            <test name="org.la4j.decomposition.EigenDecompositorTest#testDecompose"/>
            <test name="org.la4j.factory.Basic2DFactoryTest#testCreateIdentityMatrix"/>
            <test name="org.la4j.matrix.dense.Basic2DMatrixTest#testResize_3x3_to_4x4_to_2x2"/>
            <test name="org.la4j.matrix.dense.Basic2DMatrixTest#testTranspose_4x4"/>
            <test name="org.la4j.matrix.dense.Basic2DMatrixTest#testResize_3x5_to_4x5_to_2x5"/>
            <test name="org.la4j.matrix.dense.Basic2DMatrixTest#testCopy"/>
            <test name="org.la4j.io.SymbolSeparatedStreamTest#testMatrix_2x5"/>
          </method>
          <method complexity="1" end="73" name="get" start="70" visibility="public">
            <signature returnType="double">
              <parameter name="i" type="int"/>
              <parameter name="j" type="int"/>
            </signature>
            
            <test name="org.la4j.io.MatrixMarketStreamTest#testMatrix_3x3"/>
            <test name="org.la4j.matrix.dense.Basic2DMatrixTest#testMultiply_1x10_10x1"/>
            <test name="org.la4j.io.MatrixMarketStreamTest#testMatrix_3x1"/>
            <test name="org.la4j.matrix.dense.Basic2DMatrixTest#testDiv"/>
            <test name="org.la4j.linear.SeidelSolverTest#testSolve"/>
            <test name="org.la4j.linear.SweepSolverTest#testSolve"/>
            <test name="org.la4j.matrix.dense.Basic2DMatrixTest#testAssign_3x3"/>
            <test name="org.la4j.matrix.dense.Basic2DMatrixTest#testTranspose_6x5"/>
            <test name="org.la4j.factory.Basic2DFactoryTest#testCreateMatrixFromArray"/>
            <test name="org.la4j.linear.GaussianSolverTest#testSolve"/>
            <test name="org.la4j.matrix.dense.Basic2DMatrixTest#testRowAccess_3x3"/>
            <test name="org.la4j.matrix.dense.Basic2DMatrixTest#testSwap_3x3"/>
            <test name="org.la4j.decomposition.SingularValueDecompositorTest#testDecompose"/>
            <test name="org.la4j.matrix.dense.Basic2DMatrixTest#testSwap_5x3"/>
            <test name="org.la4j.matrix.dense.Basic2DMatrixTest#testRank_nullMatrix"/>
            <test name="org.la4j.decomposition.QRDecompositorTest#testDecompose"/>
            <test name="org.la4j.linear.JacobiSolverTest#testSolve"/>
            <test name="org.la4j.io.SymbolSeparatedStreamTest#testMatrix_3x1"/>
            <test name="org.la4j.matrix.dense.Basic2DMatrixTest#testDeterminant"/>
            <test name="org.la4j.matrix.source.MatrixSourcesTest#testIdentityMatrixSource"/>
            <test name="org.la4j.matrix.dense.Basic2DMatrixTest#testMultiply_4x9_9x4"/>
            <test name="org.la4j.matrix.dense.Basic2DMatrixTest#testRank_5x3"/>
            <test name="org.la4j.matrix.dense.Basic2DMatrixTest#testSubtract"/>
            <test name="org.la4j.factory.Basic2DFactoryTest#testCreateMatrix"/>
            <test name="org.la4j.matrix.dense.Basic2DMatrixTest#testRank_3x3"/>
            <test name="org.la4j.matrix.dense.Basic2DMatrixTest#testProduct"/>
            <test name="org.la4j.inversion.GaussianInvertorTest#testInverse_4x4"/>
            <test name="org.la4j.matrix.dense.Basic2DMatrixTest#testRowAccess_2x4"/>
            <test name="org.la4j.io.MatrixMarketStreamTest#testMatrix_2x5"/>
            <test name="org.la4j.matrix.dense.Basic2DMatrixTest#testColumnAccess_2x4"/>
            <test name="org.la4j.decomposition.CholeskyDecompositorTest#testDecompose"/>
            <test name="org.la4j.linear.SquareRootSolverTest#testSolve"/>
            <test name="org.la4j.matrix.dense.Basic2DMatrixTest#testSwap_2x4"/>
            <test name="org.la4j.matrix.dense.Basic2DMatrixTest#testColumnAccess_3x3"/>
            <test name="org.la4j.matrix.dense.Basic2DMatrixTest#testResize_2x3_to_2x4_to_2x1"/>
            <test name="org.la4j.matrix.dense.Basic2DMatrixTest#testRank_1x4"/>
            <test name="org.la4j.matrix.dense.Basic2DMatrixTest#testAccess_3x3"/>
            <test name="org.la4j.matrix.dense.Basic2DMatrixTest#testBlank"/>
            <test name="org.la4j.io.MatrixMarketStreamTest#testMatrix_1x1"/>
            <test name="org.la4j.io.SymbolSeparatedStreamTest#testMatrix_1x1"/>
            <test name="org.la4j.matrix.dense.Basic2DMatrixTest#testMultiply_2x2_2x2"/>
            <test name="org.la4j.matrix.dense.Basic2DMatrixTest#testRowAccess_5x3"/>
            <test name="org.la4j.matrix.dense.Basic2DMatrixTest#testAdd"/>
            <test name="org.la4j.matrix.dense.Basic2DMatrixTest#testColumnAccess_5x3"/>
            <test name="org.la4j.io.SymbolSeparatedStreamTest#testMatrix_3x3"/>
            <test name="org.la4j.matrix.source.MatrixSourcesTest#testRandomSymmetricSource"/>
            <test name="org.la4j.matrix.dense.Basic2DMatrixTest#testRank_2x4"/>
            <test name="org.la4j.matrix.dense.Basic2DMatrixTest#testSerialization"/>
            <test name="org.la4j.matrix.dense.Basic2DMatrixTest#testMultiply_1x1_1x1"/>
            <test name="org.la4j.matrix.dense.Basic2DMatrixTest#testRank_4x4"/>
            <test name="org.la4j.matrix.dense.Basic2DMatrixTest#testMultiply_4x4_4x4"/>
            <test name="org.la4j.factory.Basic2DFactoryTest#testCreateRandomSymmetricMatrix"/>
            <test name="org.la4j.matrix.dense.Basic2DMatrixTest#testResize_2x3_to_3x4_to_1x2"/>
            <test name="org.la4j.matrix.dense.Basic2DMatrixTest#testMultiply_3x2_2x3"/>
            <test name="org.la4j.matrix.dense.Basic2DMatrixTest#testTriangle"/>
            <test name="org.la4j.matrix.dense.Basic2DMatrixTest#testTrace"/>
            <test name="org.la4j.matrix.dense.Basic2DMatrixTest#testMultiply_4x1_1x4"/>
            <test name="org.la4j.decomposition.LUDecompositorTest#testDecompose"/>
            <test name="org.la4j.decomposition.EigenDecompositorTest#testDecompose"/>
            <test name="org.la4j.factory.Basic2DFactoryTest#testCreateIdentityMatrix"/>
            <test name="org.la4j.matrix.dense.Basic2DMatrixTest#testResize_3x3_to_4x4_to_2x2"/>
            <test name="org.la4j.matrix.dense.Basic2DMatrixTest#testTranspose_4x4"/>
            <test name="org.la4j.matrix.dense.Basic2DMatrixTest#testResize_3x5_to_4x5_to_2x5"/>
            <test name="org.la4j.matrix.dense.Basic2DMatrixTest#testCopy"/>
            <test name="org.la4j.io.SymbolSeparatedStreamTest#testMatrix_2x5"/>
          </method>
          <method complexity="1" end="78" name="set" start="75" visibility="public">
            <signature returnType="void">
              <parameter name="i" type="int"/>
              <parameter name="j" type="int"/>
              <parameter name="value" type="double"/>
            </signature>
            
            <test name="org.la4j.matrix.dense.Basic2DMatrixTest#testRank_1x4"/>
            <test name="org.la4j.io.MatrixMarketStreamTest#testMatrix_3x3"/>
            <test name="org.la4j.matrix.dense.Basic2DMatrixTest#testAccess_3x3"/>
            <test name="org.la4j.matrix.dense.Basic2DMatrixTest#testMultiply_1x10_10x1"/>
            <test name="org.la4j.io.MatrixMarketStreamTest#testMatrix_3x1"/>
            <test name="org.la4j.io.MatrixMarketStreamTest#testMatrix_1x1"/>
            <test name="org.la4j.io.SymbolSeparatedStreamTest#testMatrix_1x1"/>
            <test name="org.la4j.matrix.dense.Basic2DMatrixTest#testDiv"/>
            <test name="org.la4j.linear.SeidelSolverTest#testSolve"/>
            <test name="org.la4j.matrix.dense.Basic2DMatrixTest#testMultiply_2x2_2x2"/>
            <test name="org.la4j.matrix.dense.Basic2DMatrixTest#testRowAccess_5x3"/>
            <test name="org.la4j.matrix.dense.Basic2DMatrixTest#testAdd"/>
            <test name="org.la4j.linear.SweepSolverTest#testSolve"/>
            <test name="org.la4j.matrix.dense.Basic2DMatrixTest#testColumnAccess_5x3"/>
            <test name="org.la4j.io.SymbolSeparatedStreamTest#testMatrix_3x3"/>
            <test name="org.la4j.matrix.dense.Basic2DMatrixTest#testAssign_3x3"/>
            <test name="org.la4j.matrix.dense.Basic2DMatrixTest#testTranspose_6x5"/>
            <test name="org.la4j.matrix.dense.Basic2DMatrixTest#testRank_2x4"/>
            <test name="org.la4j.linear.GaussianSolverTest#testSolve"/>
            <test name="org.la4j.matrix.dense.Basic2DMatrixTest#testRowAccess_3x3"/>
            <test name="org.la4j.matrix.dense.Basic2DMatrixTest#testMultiply_1x1_1x1"/>
            <test name="org.la4j.matrix.dense.Basic2DMatrixTest#testRank_4x4"/>
            <test name="org.la4j.matrix.dense.Basic2DMatrixTest#testMultiply_4x4_4x4"/>
            <test name="org.la4j.decomposition.SingularValueDecompositorTest#testDecompose"/>
            <test name="org.la4j.decomposition.QRDecompositorTest#testDecompose"/>
            <test name="org.la4j.linear.JacobiSolverTest#testSolve"/>
            <test name="org.la4j.io.SymbolSeparatedStreamTest#testMatrix_3x1"/>
            <test name="org.la4j.matrix.dense.Basic2DMatrixTest#testMultiply_3x2_2x3"/>
            <test name="org.la4j.matrix.dense.Basic2DMatrixTest#testMultiply_4x9_9x4"/>
            <test name="org.la4j.matrix.dense.Basic2DMatrixTest#testRank_5x3"/>
            <test name="org.la4j.matrix.dense.Basic2DMatrixTest#testTriangle"/>
            <test name="org.la4j.matrix.dense.Basic2DMatrixTest#testSubtract"/>
            <test name="org.la4j.matrix.dense.Basic2DMatrixTest#testMultiply_4x1_1x4"/>
            <test name="org.la4j.matrix.dense.Basic2DMatrixTest#testRank_3x3"/>
            <test name="org.la4j.decomposition.LUDecompositorTest#testDecompose"/>
            <test name="org.la4j.inversion.GaussianInvertorTest#testInverse_4x4"/>
            <test name="org.la4j.matrix.dense.Basic2DMatrixTest#testRowAccess_2x4"/>
            <test name="org.la4j.io.MatrixMarketStreamTest#testMatrix_2x5"/>
            <test name="org.la4j.matrix.dense.Basic2DMatrixTest#testColumnAccess_2x4"/>
            <test name="org.la4j.decomposition.EigenDecompositorTest#testDecompose"/>
            <test name="org.la4j.decomposition.CholeskyDecompositorTest#testDecompose"/>
            <test name="org.la4j.linear.SquareRootSolverTest#testSolve"/>
            <test name="org.la4j.matrix.dense.Basic2DMatrixTest#testTranspose_4x4"/>
            <test name="org.la4j.io.SymbolSeparatedStreamTest#testMatrix_2x5"/>
            <test name="org.la4j.matrix.dense.Basic2DMatrixTest#testColumnAccess_3x3"/>
          </method>
          <method complexity="8" end="109" name="resize" start="80" visibility="public">
            <signature returnType="void">
              <parameter name="rows" type="int"/>
              <parameter name="columns" type="int"/>
            </signature>
            
            
            
            
            
            
            
            
            
            
            
            
            
            
            
            
            
            
            <test name="org.la4j.linear.GaussianSolverTest#testSolve"/>
            <test name="org.la4j.io.SymbolSeparatedStreamTest#testMatrix_1x1"/>
            <test name="org.la4j.inversion.GaussianInvertorTest#testInverse_4x4"/>
            <test name="org.la4j.matrix.dense.Basic2DMatrixTest#testResize_2x3_to_3x4_to_1x2"/>
            <test name="org.la4j.io.SymbolSeparatedStreamTest#testMatrix_3x3"/>
            <test name="org.la4j.io.SymbolSeparatedStreamTest#testMatrix_3x1"/>
            <test name="org.la4j.matrix.dense.Basic2DMatrixTest#testResize_3x3_to_4x4_to_2x2"/>
            <test name="org.la4j.matrix.dense.Basic2DMatrixTest#testResize_3x5_to_4x5_to_2x5"/>
            <test name="org.la4j.io.SymbolSeparatedStreamTest#testMatrix_0x0"/>
            <test name="org.la4j.io.SymbolSeparatedStreamTest#testMatrix_2x5"/>
            <test name="org.la4j.matrix.dense.Basic2DMatrixTest#testResize_2x3_to_2x4_to_2x1"/>
          </method>
          <method complexity="2" end="118" name="swapRows" start="111" visibility="public">
            <signature returnType="void">
              <parameter name="i" type="int"/>
              <parameter name="j" type="int"/>
            </signature>
            
            
            
            
            
            <test name="org.la4j.linear.GaussianSolverTest#testSolve"/>
            <test name="org.la4j.inversion.GaussianInvertorTest#testInverse_4x4"/>
            <test name="org.la4j.matrix.dense.Basic2DMatrixTest#testSwap_3x3"/>
            <test name="org.la4j.matrix.dense.Basic2DMatrixTest#testSwap_2x4"/>
            <test name="org.la4j.matrix.dense.Basic2DMatrixTest#testRank_5x3"/>
            <test name="org.la4j.matrix.dense.Basic2DMatrixTest#testSwap_5x3"/>
          </method>
          <method complexity="3" end="129" name="swapColumns" start="120" visibility="public">
            <signature returnType="void">
              <parameter name="i" type="int"/>
              <parameter name="j" type="int"/>
            </signature>
            
            
            
            
            
            
            
            <test name="org.la4j.matrix.dense.Basic2DMatrixTest#testRank_1x4"/>
            <test name="org.la4j.matrix.dense.Basic2DMatrixTest#testRank_4x4"/>
            <test name="org.la4j.matrix.dense.Basic2DMatrixTest#testSwap_3x3"/>
            <test name="org.la4j.matrix.dense.Basic2DMatrixTest#testSwap_2x4"/>
            <test name="org.la4j.matrix.dense.Basic2DMatrixTest#testRank_5x3"/>
            <test name="org.la4j.matrix.dense.Basic2DMatrixTest#testSwap_5x3"/>
          </method>
          <method complexity="1" end="138" name="getRow" start="131" visibility="public">
            <signature returnType="Vector">
              <parameter name="i" type="int"/>
            </signature>
            
            
            
            <test name="org.la4j.matrix.dense.Basic2DMatrixTest#testMultiply_1x10_10x1"/>
            <test name="org.la4j.matrix.dense.Basic2DMatrixTest#testMultiply_2x2_2x2"/>
            <test name="org.la4j.matrix.dense.Basic2DMatrixTest#testRowAccess_5x3"/>
            <test name="org.la4j.matrix.dense.Basic2DMatrixTest#testMultiply_3x2_2x3"/>
            <test name="org.la4j.matrix.dense.Basic2DMatrixTest#testMultiply_4x9_9x4"/>
            <test name="org.la4j.matrix.dense.Basic2DMatrixTest#testMultiply_4x1_1x4"/>
            <test name="org.la4j.matrix.dense.Basic2DMatrixTest#testRowAccess_3x3"/>
            <test name="org.la4j.matrix.dense.Basic2DMatrixTest#testMultiply_1x1_1x1"/>
            <test name="org.la4j.inversion.GaussianInvertorTest#testInverse_4x4"/>
            <test name="org.la4j.matrix.dense.Basic2DMatrixTest#testRowAccess_2x4"/>
            <test name="org.la4j.decomposition.EigenDecompositorTest#testDecompose"/>
            <test name="org.la4j.decomposition.CholeskyDecompositorTest#testDecompose"/>
            <test name="org.la4j.matrix.dense.Basic2DMatrixTest#testMultiply_4x4_4x4"/>
          </method>
          <method complexity="2" end="150" name="toArray" start="140" visibility="public">
            <signature returnType="double[][]"/>
            
            
            
            
            
            <test name="org.la4j.matrix.dense.Basic2DMatrixTest#testToArray"/>
          </method>
          <method complexity="3" end="163" name="writeExternal" start="152" visibility="public">
            <signature returnType="void">
              <parameter name="out" type="ObjectOutput"/>
            </signature>
            
            
            
            
            
            
            
            <test name="org.la4j.matrix.dense.Basic2DMatrixTest#testSerialization"/>
          </method>
          <method complexity="3" end="179" name="readExternal" start="165" visibility="public">
            <signature returnType="void">
              <parameter name="in" type="ObjectInput"/>
            </signature>
            
            
            
            
            
            
            
            
            <test name="org.la4j.matrix.dense.Basic2DMatrixTest#testSerialization"/>
          </method>
        </class>
      </file>
      <file name="DenseMatrix.java" path="D:\AllMutants\la4j\7bd1091083e7440831d1eab75be76d1b41acf7a6\src\main\java\org\la4j\matrix\dense\DenseMatrix.java">
        <metrics classes="1" complexity="0" conditionals="0" coveredConditionals="0" coveredElements="0" coveredMethods="0" coveredStatements="0" elements="0" loc="34" methods="0" notCoveredLoc="5" statements="0"/>
[...]
          </method>
          <method complexity="1" end="116" name="suitableFor" start="113" visibility="public">
            <signature returnType="boolean">
              <parameter name="linearSystem" type="LinearSystem"/>
            </signature>
            
            <test name="org.la4j.linear.GaussianSolverTest#testSolve"/>
            <test name="org.la4j.inversion.GaussianInvertorTest#testInverse_4x4"/>
          </method>
        </class>
      </file>
      <file name="JacobiSolver.java" path="D:\AllMutants\la4j\7bd1091083e7440831d1eab75be76d1b41acf7a6\src\main\java\org\la4j\linear\JacobiSolver.java">
        <metrics classes="1" complexity="16" conditionals="26" coveredConditionals="24" coveredElements="56" coveredMethods="2" coveredStatements="30" elements="60" loc="103" methods="2" notCoveredLoc="59" statements="32"/>
        <class endLine="103" name="JacobiSolver" startLine="29">
          <metrics complexity="16" conditionals="26" coveredConditionals="24" coveredElements="56" coveredMethods="2" coveredStatements="30" elements="60" methods="2" statements="32"/>
          <method complexity="11" end="81" name="solve" start="35" visibility="public">
            <signature returnType="Vector">
              <parameter name="linearSystem" type="LinearSystem"/>
              <parameter name="factory" type="Factory"/>
            </signature>
            
            
            
            
            
            
            
            
            
            
            
            
            
            
            
            
            
            
            
            
            
            
            
            
            
            
            
            
            
            
            
            
            <test name="org.la4j.linear.JacobiSolverTest#testSolve"/>
          </method>
          <method complexity="5" end="102" name="suitableFor" start="83" visibility="public">
            <signature returnType="boolean">
              <parameter name="linearSystem" type="LinearSystem"/>
            </signature>
            
            
            
            
            
            
            
            
            
            
            
            
            
            <test name="org.la4j.linear.GaussianSolverTest#testSolve"/>
            <test name="org.la4j.linear.SeidelSolverTest#testSolve"/>
            <test name="org.la4j.inversion.GaussianInvertorTest#testInverse_4x4"/>
            <test name="org.la4j.linear.JacobiSolverTest#testSolve"/>
          </method>
        </class>
      </file>
      <file name="LinearSystem.java" path="D:\AllMutants\la4j\7bd1091083e7440831d1eab75be76d1b41acf7a6\src\main\java\org\la4j\linear\LinearSystem.java">
        <metrics classes="1" complexity="22" conditionals="10" coveredConditionals="7" coveredElements="46" coveredMethods="12" coveredStatements="27" elements="70" loc="171" methods="17" notCoveredLoc="112" statements="43"/>
        <class endLine="171" name="LinearSystem" startLine="35">
          <metrics complexity="22" conditionals="10" coveredConditionals="7" coveredElements="46" coveredMethods="12" coveredStatements="27" elements="70" methods="17" statements="43"/>
          <method complexity="1" end="56" name="LinearSystem" start="54" visibility="public">
            <signature>
              <parameter name="a" type="Matrix"/>
              <parameter name="b" type="Vector"/>
            </signature>
            
            <test name="org.la4j.linear.GaussianSolverTest#testSolve"/>
            <test name="org.la4j.linear.SeidelSolverTest#testSolve"/>
            <test name="org.la4j.linear.JacobiSolverTest#testSolve"/>
            <test name="org.la4j.linear.SweepSolverTest#testSolve"/>
            <test name="org.la4j.linear.SquareRootSolverTest#testSolve"/>
          </method>
          <method complexity="1" end="60" name="LinearSystem" start="58" visibility="public">
            <signature>
              <parameter name="a" type="Matrix"/>
              <parameter name="b" type="Vector"/>
              <parameter name="factory" type="Factory"/>
            </signature>
            
            <test name="org.la4j.inversion.GaussianInvertorTest#testInverse_4x4"/>
          </method>
          <method complexity="1" end="64" name="LinearSystem" start="62" visibility="public">
            <signature>
              <parameter name="a" type="Matrix"/>
              <parameter name="b" type="Vector"/>
              <parameter name="solver" type="LinearSystemSolver"/>
            </signature>
            
          </method>
          <method complexity="2" end="82" name="LinearSystem" start="66" visibility="public">
            <signature>
              <parameter name="a" type="Matrix"/>
              <parameter name="b" type="Vector"/>
              <parameter name="factory" type="Factory"/>
              <parameter name="solver" type="LinearSystemSolver"/>
            </signature>
            
            
            
            
            
            
            
            
            
            <test name="org.la4j.linear.GaussianSolverTest#testSolve"/>
            <test name="org.la4j.linear.SeidelSolverTest#testSolve"/>
            <test name="org.la4j.inversion.GaussianInvertorTest#testInverse_4x4"/>
            <test name="org.la4j.linear.JacobiSolverTest#testSolve"/>
            <test name="org.la4j.linear.SweepSolverTest#testSolve"/>
            <test name="org.la4j.linear.SquareRootSolverTest#testSolve"/>
          </method>
          <method complexity="1" end="86" name="equations" start="84" visibility="public">
            <signature returnType="int"/>
            
            <test name="org.la4j.linear.GaussianSolverTest#testSolve"/>
            <test name="org.la4j.inversion.GaussianInvertorTest#testInverse_4x4"/>
          </method>
          <method complexity="1" end="90" name="variables" start="88" visibility="public">
            <signature returnType="int"/>
            
            <test name="org.la4j.linear.GaussianSolverTest#testSolve"/>
            <test name="org.la4j.linear.SeidelSolverTest#testSolve"/>
            <test name="org.la4j.inversion.GaussianInvertorTest#testInverse_4x4"/>
            <test name="org.la4j.linear.JacobiSolverTest#testSolve"/>
            <test name="org.la4j.linear.SweepSolverTest#testSolve"/>
            <test name="org.la4j.linear.SquareRootSolverTest#testSolve"/>
          </method>
          <method complexity="1" end="94" name="coefficientsMatrix" start="92" visibility="public">
            <signature returnType="Matrix"/>
            
            <test name="org.la4j.linear.GaussianSolverTest#testSolve"/>
            <test name="org.la4j.linear.SeidelSolverTest#testSolve"/>
            <test name="org.la4j.inversion.GaussianInvertorTest#testInverse_4x4"/>
            <test name="org.la4j.linear.JacobiSolverTest#testSolve"/>
            <test name="org.la4j.linear.SweepSolverTest#testSolve"/>
            <test name="org.la4j.linear.SquareRootSolverTest#testSolve"/>
          </method>
          <method complexity="1" end="98" name="rightHandVector" start="96" visibility="public">
            <signature returnType="Vector"/>
            
            <test name="org.la4j.linear.GaussianSolverTest#testSolve"/>
            <test name="org.la4j.linear.SeidelSolverTest#testSolve"/>
            <test name="org.la4j.inversion.GaussianInvertorTest#testInverse_4x4"/>
            <test name="org.la4j.linear.JacobiSolverTest#testSolve"/>
            <test name="org.la4j.linear.SweepSolverTest#testSolve"/>
            <test name="org.la4j.linear.SquareRootSolverTest#testSolve"/>
          </method>
          <method complexity="1" end="102" name="solve" start="100" visibility="public">
            <signature returnType="Vector"/>
            
          </method>
          <method complexity="1" end="106" name="solve" start="104" visibility="public">
            <signature returnType="Vector">
              <parameter name="factory" type="Factory"/>
            </signature>
            
          </method>
          <method complexity="1" end="110" name="solve" start="108" visibility="public">
            <signature returnType="Vector">
              <parameter name="solver" type="LinearSystemSolver"/>
            </signature>
            
            <test name="org.la4j.linear.GaussianSolverTest#testSolve"/>
            <test name="org.la4j.linear.SeidelSolverTest#testSolve"/>
            <test name="org.la4j.inversion.GaussianInvertorTest#testInverse_4x4"/>
            <test name="org.la4j.linear.JacobiSolverTest#testSolve"/>
            <test name="org.la4j.linear.SweepSolverTest#testSolve"/>
            <test name="org.la4j.linear.SquareRootSolverTest#testSolve"/>
          </method>
          <method complexity="1" end="114" name="solve" start="112" visibility="public">
            <signature returnType="Vector">
              <parameter name="solver" type="LinearSystemSolver"/>
              <parameter name="factory" type="Factory"/>
            </signature>
            
            <test name="org.la4j.linear.GaussianSolverTest#testSolve"/>
            <test name="org.la4j.linear.SeidelSolverTest#testSolve"/>
            <test name="org.la4j.inversion.GaussianInvertorTest#testInverse_4x4"/>
            <test name="org.la4j.linear.JacobiSolverTest#testSolve"/>
            <test name="org.la4j.linear.SweepSolverTest#testSolve"/>
            <test name="org.la4j.linear.SquareRootSolverTest#testSolve"/>
          </method>
          <method complexity="4" end="134" name="isSolution" start="116" visibility="public">
            <signature returnType="boolean">
              <parameter name="vector" type="Vector"/>
            </signature>
            
            
            
            
            
            
            
            
            
            
            
            
            <test name="org.la4j.linear.GaussianSolverTest#testSolve"/>
            <test name="org.la4j.linear.SeidelSolverTest#testSolve"/>
            <test name="org.la4j.linear.JacobiSolverTest#testSolve"/>
            <test name="org.la4j.linear.SweepSolverTest#testSolve"/>
            <test name="org.la4j.linear.SquareRootSolverTest#testSolve"/>
          </method>
          <method complexity="1" end="138" name="innacary" start="136" visibility="private">
            <signature returnType="Vector">
              <parameter name="vector" type="Vector"/>
            </signature>
            
            <test name="org.la4j.linear.GaussianSolverTest#testSolve"/>
            <test name="org.la4j.linear.SeidelSolverTest#testSolve"/>
            <test name="org.la4j.linear.JacobiSolverTest#testSolve"/>
            <test name="org.la4j.linear.SweepSolverTest#testSolve"/>
            <test name="org.la4j.linear.SquareRootSolverTest#testSolve"/>
          </method>
          <method complexity="2" end="148" name="chooseEffectiveSolver" start="140" visibility="private">
            <signature returnType="LinearSystemSolver"/>
            
            
            
            
            
            <test name="org.la4j.linear.GaussianSolverTest#testSolve"/>
            <test name="org.la4j.linear.SeidelSolverTest#testSolve"/>
            <test name="org.la4j.inversion.GaussianInvertorTest#testInverse_4x4"/>
            <test name="org.la4j.linear.JacobiSolverTest#testSolve"/>
            <test name="org.la4j.linear.SweepSolverTest#testSolve"/>
            <test name="org.la4j.linear.SquareRootSolverTest#testSolve"/>
          </method>
          <method complexity="1" end="161" name="readExternal" start="150" visibility="public">
            <signature returnType="void">
              <parameter name="in" type="ObjectInput"/>
            </signature>
            
            
            
            
            
            
          </method>
          <method complexity="1" end="170" name="writeExternal" start="163" visibility="public">
            <signature returnType="void">
              <parameter name="out" type="ObjectOutput"/>
            </signature>
            
            
            
            
          </method>
        </class>
      </file>
      <file name="LinearSystemSolver.java" path="D:\AllMutants\la4j\7bd1091083e7440831d1eab75be76d1b41acf7a6\src\main\java\org\la4j\linear\LinearSystemSolver.java">
        <metrics classes="1" complexity="0" conditionals="0" coveredConditionals="0" coveredElements="0" coveredMethods="0" coveredStatements="0" elements="0" loc="51" methods="0" notCoveredLoc="8" statements="0"/>
        <class endLine="51" name="LinearSystemSolver" startLine="34">
          <metrics complexity="0" conditionals="0" coveredConditionals="0" coveredElements="0" coveredMethods="0" coveredStatements="0" elements="0" methods="0" statements="0"/>
        </class>
      </file>
      <file name="SeidelSolver.java" path="D:\AllMutants\la4j\7bd1091083e7440831d1eab75be76d1b41acf7a6\src\main\java\org\la4j\linear\SeidelSolver.java">
        <metrics classes="1" complexity="16" conditionals="26" coveredConditionals="24" coveredElements="54" coveredMethods="2" coveredStatements="28" elements="58" loc="100" methods="2" notCoveredLoc="57" statements="30"/>
        <class endLine="100" name="SeidelSolver" startLine="29">
          <metrics complexity="16" conditionals="26" coveredConditionals="24" coveredElements="54" coveredMethods="2" coveredStatements="28" elements="58" methods="2" statements="30"/>
          <method complexity="11" end="77" name="solve" start="35" visibility="public">
            <signature returnType="Vector">
              <parameter name="linearSystem" type="LinearSystem"/>
              <parameter name="factory" type="Factory"/>
            </signature>
            
            
            
            
            
            
            
            
            
            
            
            
            
            
            
            
            
            
            
            
            
            
            
            
            
            
            
            
            
            
            <test name="org.la4j.linear.SeidelSolverTest#testSolve"/>
          </method>
          <method complexity="5" end="99" name="suitableFor" start="79" visibility="public">
            <signature returnType="boolean">
              <parameter name="linearSystem" type="LinearSystem"/>
            </signature>
            
            
            
            
            
            
            
            
            
            
            
            
            
            <test name="org.la4j.linear.GaussianSolverTest#testSolve"/>
            <test name="org.la4j.linear.SeidelSolverTest#testSolve"/>
            <test name="org.la4j.inversion.GaussianInvertorTest#testInverse_4x4"/>
          </method>
        </class>
      </file>
      <file name="SquareRootSolver.java" path="D:\AllMutants\la4j\7bd1091083e7440831d1eab75be76d1b41acf7a6\src\main\java\org\la4j\linear\SquareRootSolver.java">
        <metrics classes="1" complexity="12" conditionals="20" coveredConditionals="18" coveredElements="55" coveredMethods="2" coveredStatements="35" elements="59" loc="112" methods="2" notCoveredLoc="66" statements="37"/>
        <class endLine="112" name="SquareRootSolver" startLine="29">
          <metrics complexity="12" conditionals="20" coveredConditionals="18" coveredElements="55" coveredMethods="2" coveredStatements="35" elements="59" methods="2" statements="37"/>
          <method complexity="11" end="106" name="solve" start="33" visibility="public">
            <signature returnType="Vector">
              <parameter name="linearSystem" type="LinearSystem"/>
              <parameter name="factory" type="Factory"/>
            </signature>
            
            
            
            
            
            
            
            
            
            
            
            
            
            
            
            
            
            
            
            
            
            
            
            
            
            
            
            
            
            
            
            
            
            
            
            
            
            
            
            
            
            
            
            
            
            
            <test name="org.la4j.linear.SquareRootSolverTest#testSolve"/>
          </method>
          <method complexity="1" end="111" name="suitableFor" start="108" visibility="public">
            <signature returnType="boolean">
              <parameter name="linearSystem" type="LinearSystem"/>
            </signature>
            
            <test name="org.la4j.linear.GaussianSolverTest#testSolve"/>
            <test name="org.la4j.inversion.GaussianInvertorTest#testInverse_4x4"/>
            <test name="org.la4j.linear.SquareRootSolverTest#testSolve"/>
          </method>
        </class>
      </file>
      <file name="SweepSolver.java" path="D:\AllMutants\la4j\7bd1091083e7440831d1eab75be76d1b41acf7a6\src\main\java\org\la4j\linear\SweepSolver.java">
        <metrics classes="1" complexity="12" conditionals="20" coveredConditionals="15" coveredElements="39" coveredMethods="2" coveredStatements="22" elements="52" loc="98" methods="2" notCoveredLoc="56" statements="30"/>
        <class endLine="98" name="SweepSolver" startLine="29">
          <metrics complexity="12" conditionals="20" coveredConditionals="15" coveredElements="39" coveredMethods="2" coveredStatements="22" elements="52" methods="2" statements="30"/>
          <method complexity="11" end="91" name="solve" start="33" visibility="public">
            <signature returnType="Vector">
              <parameter name="linearSystem" type="LinearSystem"/>
              <parameter name="factory" type="Factory"/>
            </signature>
            
            
            
            
            
            
            
            
            
            
            
            
            
            
            
            
            
            
            
            
            
            
            
            
            
            
            
            
            
            
            
            
            
            
            
            
            
            
            
            <test name="org.la4j.linear.SweepSolverTest#testSolve"/>
          </method>
          <method complexity="1" end="97" name="suitableFor" start="93" visibility="public">
            <signature returnType="boolean">
              <parameter name="linearSystem" type="LinearSystem"/>
            </signature>
            
            <test name="org.la4j.linear.GaussianSolverTest#testSolve"/>
            <test name="org.la4j.linear.SeidelSolverTest#testSolve"/>
            <test name="org.la4j.inversion.GaussianInvertorTest#testInverse_4x4"/>
            <test name="org.la4j.linear.JacobiSolverTest#testSolve"/>
            <test name="org.la4j.linear.SweepSolverTest#testSolve"/>
            <test name="org.la4j.linear.SquareRootSolverTest#testSolve"/>
          </method>
        </class>
      </file>
    </package>
  </project>
  <testproject/>
</coverage>